#
# A fatal error has been detected by the Java Runtime Environment:
#
#  SIGBUS (0x7) at pc=0x00007f51ca331a30, pid=3245, tid=139989231040256
#
# JRE version: 6.0_24-b24
# Java VM: OpenJDK 64-Bit Server VM (20.0-b12 mixed mode linux-amd64 compressed oops)
# Derivative: IcedTea6 1.11.5
# Distribution: Ubuntu 12.10, package 6b24-1.11.5-0ubuntu1~12.10.1
# Problematic frame:
# 
[error occurred during error reporting (printing problematic frame), id 0x7]

# If you would like to submit a bug report, please include
# instructions how to reproduce the bug and visit:
#   https://bugs.launchpad.net/ubuntu/+source/openjdk-6/
#

---------------  T H R E A D  ---------------

Current thread is native thread

siginfo:si_signo=SIGBUS: si_errno=0, si_code=2 (BUS_ADRERR), si_addr=0x00007f51ca331a30

Registers:
RAX=0x0000000000000000, RBX=0x00007f51c8636e40, RCX=0x00007f520532352d, RDX=0x0000000000000000
RSP=0x00007f51c8636e30, RBP=0x0000000000000620, RSI=0x00007f51c8636e30, RDI=0x0000000000000000
R8 =0x00007f51fc269cf0, R9 =0x0000000000000001, R10=0x0000000000000000, R11=0x0000000000000000
R12=0x0000000000000000, R13=0x00007f51f80bf010, R14=0x0000000000000008, R15=0x00007f51c8636e98
RIP=0x00007f51ca331a30, EFLAGS=0x0000000000010217, CSGSFS=0x0000000000000033, ERR=0x0000000000000014
  TRAPNO=0x000000000000000e

Top of Stack: (sp=0x00007f51c8636e30)
0x00007f51c8636e30:   00007f51fc269bb0 00007f51c9c9b7be
0x00007f51c8636e40:   0000000000000000 00000000000f4240
0x00007f51c8636e50:   00007f51f80bf010 00007f51fc269b30
0x00007f51c8636e60:   0000000000000620 00007f51ca33e29b
0x00007f51c8636e70:   0000000000000000 00007f51c8636e90
0x00007f51c8636e80:   0000000000002000 0000000000006000
0x00007f51c8636e90:   00007f51b40cf040 0000000000004000
0x00007f51c8636ea0:   0000000000000000 00007f51fc26e530
0x00007f51c8636eb0:   0000000000000000 00007f52057323f0
0x00007f51c8636ec0:   00007f51c86379c0 0000000000000000
0x00007f51c8636ed0:   0000000000000003 00007f51ca330d2a
0x00007f51c8636ee0:   0000000000000000 00007f520531be9a
0x00007f51c8636ef0:   0000000000000000 00007f51c8637700
0x00007f51c8636f00:   0000000000000000 0000000000000000
0x00007f51c8636f10:   0000000000000000 0000000000000000
0x00007f51c8636f20:   0000000000000000 0000000000000000
0x00007f51c8636f30:   0000000000000000 0000000000000000
0x00007f51c8636f40:   0000000000000000 0000000000000000
0x00007f51c8636f50:   0000000000000000 0000000000000000
0x00007f51c8636f60:   0000000000000000 0000000000000000
0x00007f51c8636f70:   0000000000000000 0000000000000000
0x00007f51c8636f80:   0000000000000000 7ee4b75688c5e56e
0x00007f51c8636f90:   00007f52057323f0 00007f51c86379c0
0x00007f51c8636fa0:   0000000000000000 0000000000000003
0x00007f51c8636fb0:   804727905525e56e 8040bd35f405e56e
0x00007f51c8636fc0:   0000000000000000 0000000000000000
0x00007f51c8636fd0:   0000000000000000 0000000000000000
0x00007f51c8636fe0:   0000000000000000 0000000000000000
0x00007f51c8636ff0:   0000000000000000 00007f5204c3fcbd
0x00007f51c8637000:   0000000000000000 0000000000000000
0x00007f51c8637010:   0000000000000000 0000000000000000
0x00007f51c8637020:   0000000000000000 0000000000000000 

Instructions: (pc=0x00007f51ca331a30)
0x00007f51ca331a10:   
[error occurred during error reporting (printing registers, top of stack, instructions near pc), id 0x7]

Register to memory mapping:

RAX=0x0000000000000000 is an unknown value
RBX=0x00007f51c8636e40 is an unknown value
RCX=0x00007f520532352d: __nanosleep+0x2d in /lib/x86_64-linux-gnu/libpthread.so.0 at 0x00007f5205314000
RDX=0x0000000000000000 is an unknown value
RSP=0x00007f51c8636e30 is an unknown value
RBP=0x0000000000000620 is an unknown value
RSI=0x00007f51c8636e30 is an unknown value
RDI=0x0000000000000000 is an unknown value
R8 =0x00007f51fc269cf0 is an unknown value
R9 =0x0000000000000001 is an unknown value
R10=0x0000000000000000 is an unknown value
R11=0x0000000000000000 is an unknown value
R12=0x0000000000000000 is an unknown value
R13=0x00007f51f80bf010 is an unknown value
R14=0x0000000000000008 is an unknown value
R15=0x00007f51c8636e98 is an unknown value


Stack: [0x00007f51c8537000,0x00007f51c8638000],  sp=0x00007f51c8636e30,  free space=1023k
Native frames: (J=compiled Java code, j=interpreted, Vv=VM code, C=native code)

[error occurred during error reporting (printing native stack), id 0x7]


---------------  P R O C E S S  ---------------

VM state:not at safepoint (normal execution)

VM Mutex/Monitor currently owned by a thread: None

Heap
 PSYoungGen      total 36800K, used 13749K [0x00000007d6e00000, 0x00000007d9710000, 0x0000000800000000)
  eden space 31552K, 43% used [0x00000007d6e00000,0x00000007d7b6d798,0x00000007d8cd0000)
  from space 5248K, 0% used [0x00000007d91f0000,0x00000007d91f0000,0x00000007d9710000)
  to   space 5248K, 0% used [0x00000007d8cd0000,0x00000007d8cd0000,0x00000007d91f0000)
 PSOldGen        total 84224K, used 0K [0x0000000784a00000, 0x0000000789c40000, 0x00000007d6e00000)
  object space 84224K, 0% used [0x0000000784a00000,0x0000000784a00000,0x0000000789c40000)
 PSPermGen       total 21248K, used 10088K [0x000000077a400000, 0x000000077b8c0000, 0x0000000784a00000)
  object space 21248K, 47% used [0x000000077a400000,0x000000077adda038,0x000000077b8c0000)

Code Cache  [0x00007f51f9000000, 0x00007f51f9270000, 0x00007f51fc000000)
 total_blobs=526 nmethods=77 adapters=404 free_code_cache=49686016 largest_free_block=11392

Dynamic libraries:
00400000-00409000 r-xp 00000000 08:06 1577371                            /usr/lib/jvm/java-6-openjdk-amd64/jre/bin/java
00608000-00609000 r--p 00008000 08:06 1577371                            /usr/lib/jvm/java-6-openjdk-amd64/jre/bin/java
00609000-0060a000 rw-p 00009000 08:06 1577371                            /usr/lib/jvm/java-6-openjdk-amd64/jre/bin/java
010af000-010d0000 rw-p 00000000 00:00 0                                  [heap]
40f62000-40fff000 rw-p 00000000 00:00 0 
414e1000-414e3000 r-xs 00000000 08:06 393227                             /tmp/glysVRIu (deleted)
77a400000-77b8c0000 rw-p 00000000 00:00 0 
77b8c0000-784a00000 rw-p 00000000 00:00 0 
784a00000-789c40000 rw-p 00000000 00:00 0 
789c40000-7d6e00000 rw-p 00000000 00:00 0 
7d6e00000-7d9710000 rw-p 00000000 00:00 0 
7d9710000-800000000 rw-p 00000000 00:00 0 
7f519c000000-7f519c021000 rw-p 00000000 00:00 0 
7f519c021000-7f51a0000000 ---p 00000000 00:00 0 
7f51a4000000-7f51a4021000 rw-p 00000000 00:00 0 
7f51a4021000-7f51a8000000 ---p 00000000 00:00 0 
7f51a8000000-7f51a8d98000 rw-p 00000000 00:00 0 
7f51a8d98000-7f51ac000000 ---p 00000000 00:00 0 
7f51ac000000-7f51ac021000 rw-p 00000000 00:00 0 
7f51ac021000-7f51b0000000 ---p 00000000 00:00 0 
7f51b3fff000-7f51b8000000 rw-s 00000000 00:12 19367                      /run/shm/pulse-shm-749601709
7f51b8000000-7f51b8021000 rw-p 00000000 00:00 0 
7f51b8021000-7f51bc000000 ---p 00000000 00:00 0 
7f51bc112000-7f51bc512000 rw-s 16831f000 00:05 11040                     /dev/nvidia0
7f51bc512000-7f51bc712000 rw-s 168018000 00:05 11040                     /dev/nvidia0
7f51bc712000-7f51bc714000 rw-p 00000000 00:00 0 
7f51bc714000-7f51bc914000 rw-s 1c2fad000 00:05 11040                     /dev/nvidia0
7f51bc914000-7f51bcb14000 rw-s 168531000 00:05 11040                     /dev/nvidia0
7f51bcb14000-7f51bcd14000 rw-s 166a98000 00:05 11040                     /dev/nvidia0
7f51bcd14000-7f51bce14000 rw-s 168535000 00:05 11040                     /dev/nvidia0
7f51bce14000-7f51bce15000 rw-s d7ee6000 00:05 11040                      /dev/nvidia0
7f51bce15000-7f51bce55000 rw-s 1c2e0d000 00:05 11040                     /dev/nvidia0
7f51bce55000-7f51bce75000 rw-s 168680000 00:05 11040                     /dev/nvidia0
7f51bce75000-7f51bcffc000 rw-p 00000000 00:00 0 
7f51bcffc000-7f51bd070000 rw-p 00000000 00:00 0 
7f51bd07e000-7f51bd082000 rw-s 19b4ac000 00:05 11040                     /dev/nvidia0
7f51bd082000-7f51bd083000 rw-s d7ee5000 00:05 11040                      /dev/nvidia0
7f51bd083000-7f51bd0c3000 rw-s 166aab000 00:05 11040                     /dev/nvidia0
7f51bd0e3000-7f51bd0e4000 rw-s fa642000 00:05 11040                      /dev/nvidia0
7f51bd0e4000-7f51bd0e5000 rw-s 21b1b1000 00:05 11040                     /dev/nvidia0
7f51bd0e5000-7f51bd0e6000 rw-s fa641000 00:05 11040                      /dev/nvidia0
7f51bd0e6000-7f51bd0e7000 rw-s 230fd6000 00:05 11040                     /dev/nvidia0
7f51bd0e7000-7f51bd0e8000 rw-s 170961000 00:05 11040                     /dev/nvidia0
7f51bd0e8000-7f51bd0e9000 rw-s fa060000 00:05 11040                      /dev/nvidia0
7f51bd0e9000-7f51bd108000 rw-s 21ed7c000 00:05 11040                     /dev/nvidia0
7f51bd108000-7f51beb16000 r-xp 00000000 08:06 7611367                    /usr/lib/nvidia-experimental-310/libnvidia-glcore.so.310.14
7f51beb16000-7f51bed15000 ---p 01a0e000 08:06 7611367                    /usr/lib/nvidia-experimental-310/libnvidia-glcore.so.310.14
7f51bed15000-7f51bf5e2000 rwxp 01a0d000 08:06 7611367                    /usr/lib/nvidia-experimental-310/libnvidia-glcore.so.310.14
7f51bf5e2000-7f51bf5fc000 rwxp 00000000 00:00 0 
7f51bf5fc000-7f51bf5ff000 r-xp 00000000 08:06 7611370                    /usr/lib/nvidia-experimental-310/tls/libnvidia-tls.so.310.14
7f51bf5ff000-7f51bf7fe000 ---p 00003000 08:06 7611370                    /usr/lib/nvidia-experimental-310/tls/libnvidia-tls.so.310.14
7f51bf7fe000-7f51bf7ff000 rw-p 00002000 08:06 7611370                    /usr/lib/nvidia-experimental-310/tls/libnvidia-tls.so.310.14
7f51bf7ff000-7f51bf800000 ---p 00000000 00:00 0 
7f51bf800000-7f51c0000000 rw-p 00000000 00:00 0                          [stack:3266]
7f51c0000000-7f51c0021000 rw-p 00000000 00:00 0 
7f51c0021000-7f51c4000000 ---p 00000000 00:00 0 
7f51c4000000-7f51c4021000 rw-p 00000000 00:00 0 
7f51c4021000-7f51c8000000 ---p 00000000 00:00 0 
7f51c8013000-7f51c80e1000 r-xp 00000000 08:06 7604143                    /usr/lib/nvidia-experimental-310/libGL.so.310.14
7f51c80e1000-7f51c82e0000 ---p 000ce000 08:06 7604143                    /usr/lib/nvidia-experimental-310/libGL.so.310.14
7f51c82e0000-7f51c831f000 rwxp 000cd000 08:06 7604143                    /usr/lib/nvidia-experimental-310/libGL.so.310.14
7f51c831f000-7f51c8335000 rwxp 00000000 00:00 0 
7f51c8335000-7f51c8338000 ---p 00000000 00:00 0 
7f51c8338000-7f51c8436000 rw-p 00000000 00:00 0 
7f51c8436000-7f51c8439000 ---p 00000000 00:00 0 
7f51c8439000-7f51c8537000 rw-p 00000000 00:00 0                          [stack:3268]
7f51c8537000-7f51c8538000 ---p 00000000 00:00 0 
7f51c8538000-7f51c8638000 rw-p 00000000 00:00 0                          [stack:3267]
7f51c8638000-7f51c8650000 r-xp 00000000 08:06 2756166                    /lib/x86_64-linux-gnu/libresolv-2.15.so
7f51c8650000-7f51c8850000 ---p 00018000 08:06 2756166                    /lib/x86_64-linux-gnu/libresolv-2.15.so
7f51c8850000-7f51c8851000 r--p 00018000 08:06 2756166                    /lib/x86_64-linux-gnu/libresolv-2.15.so
7f51c8851000-7f51c8852000 rw-p 00019000 08:06 2756166                    /lib/x86_64-linux-gnu/libresolv-2.15.so
7f51c8852000-7f51c8854000 rw-p 00000000 00:00 0 
7f51c8854000-7f51c885a000 r-xp 00000000 08:06 7610109                    /usr/lib/x86_64-linux-gnu/libogg.so.0.8.0
7f51c885a000-7f51c8a59000 ---p 00006000 08:06 7610109                    /usr/lib/x86_64-linux-gnu/libogg.so.0.8.0
7f51c8a59000-7f51c8a5a000 r--p 00005000 08:06 7610109                    /usr/lib/x86_64-linux-gnu/libogg.so.0.8.0
7f51c8a5a000-7f51c8a5b000 rw-p 00006000 08:06 7610109                    /usr/lib/x86_64-linux-gnu/libogg.so.0.8.0
7f51c8a5b000-7f51c8a86000 r-xp 00000000 08:06 7610315                    /usr/lib/x86_64-linux-gnu/libvorbis.so.0.4.5
7f51c8a86000-7f51c8c86000 ---p 0002b000 08:06 7610315                    /usr/lib/x86_64-linux-gnu/libvorbis.so.0.4.5
7f51c8c86000-7f51c8c87000 r--p 0002b000 08:06 7610315                    /usr/lib/x86_64-linux-gnu/libvorbis.so.0.4.5
7f51c8c87000-7f51c8c88000 rw-p 0002c000 08:06 7610315                    /usr/lib/x86_64-linux-gnu/libvorbis.so.0.4.5
7f51c8c88000-7f51c8f3b000 r-xp 00000000 08:06 7610317                    /usr/lib/x86_64-linux-gnu/libvorbisenc.so.2.0.8
7f51c8f3b000-7f51c913a000 ---p 002b3000 08:06 7610317                    /usr/lib/x86_64-linux-gnu/libvorbisenc.so.2.0.8
7f51c913a000-7f51c9156000 r--p 002b2000 08:06 7610317                    /usr/lib/x86_64-linux-gnu/libvorbisenc.so.2.0.8
7f51c9156000-7f51c9157000 rw-p 002ce000 08:06 7610317                    /usr/lib/x86_64-linux-gnu/libvorbisenc.so.2.0.8
7f51c9157000-7f51c91a1000 r-xp 00000000 08:06 7609514                    /usr/lib/x86_64-linux-gnu/libFLAC.so.8.2.0
7f51c91a1000-7f51c93a1000 ---p 0004a000 08:06 7609514                    /usr/lib/x86_64-linux-gnu/libFLAC.so.8.2.0
7f51c93a1000-7f51c93a2000 r--p 0004a000 08:06 7609514                    /usr/lib/x86_64-linux-gnu/libFLAC.so.8.2.0
7f51c93a2000-7f51c93a3000 rw-p 0004b000 08:06 7609514                    /usr/lib/x86_64-linux-gnu/libFLAC.so.8.2.0
7f51c93a3000-7f51c93a8000 r-xp 00000000 08:06 7609662                    /usr/lib/x86_64-linux-gnu/libasyncns.so.0.3.1
7f51c93a8000-7f51c95a7000 ---p 00005000 08:06 7609662                    /usr/lib/x86_64-linux-gnu/libasyncns.so.0.3.1
7f51c95a7000-7f51c95a8000 r--p 00004000 08:06 7609662                    /usr/lib/x86_64-linux-gnu/libasyncns.so.0.3.1
7f51c95a8000-7f51c95a9000 rw-p 00005000 08:06 7609662                    /usr/lib/x86_64-linux-gnu/libasyncns.so.0.3.1
7f51c95a9000-7f51c9608000 r-xp 00000000 08:06 7610226                    /usr/lib/x86_64-linux-gnu/libsndfile.so.1.0.25
7f51c9608000-7f51c9808000 ---p 0005f000 08:06 7610226                    /usr/lib/x86_64-linux-gnu/libsndfile.so.1.0.25
7f51c9808000-7f51c980a000 r--p 0005f000 08:06 7610226                    /usr/lib/x86_64-linux-gnu/libsndfile.so.1.0.25
7f51c980a000-7f51c980b000 rw-p 00061000 08:06 7610226                    /usr/lib/x86_64-linux-gnu/libsndfile.so.1.0.25
7f51c980b000-7f51c980f000 rw-p 00000000 00:00 0 
7f51c980f000-7f51c9817000 r-xp 00000000 08:06 2756195                    /lib/x86_64-linux-gnu/libwrap.so.0.7.6
7f51c9817000-7f51c9a17000 ---p 00008000 08:06 2756195                    /lib/x86_64-linux-gnu/libwrap.so.0.7.6
7f51c9a17000-7f51c9a18000 r--p 00008000 08:06 2756195                    /lib/x86_64-linux-gnu/libwrap.so.0.7.6
7f51c9a18000-7f51c9a19000 rw-p 00009000 08:06 2756195                    /lib/x86_64-linux-gnu/libwrap.so.0.7.6
7f51c9a19000-7f51c9a5c000 r-xp 00000000 08:06 2756076                    /lib/x86_64-linux-gnu/libdbus-1.so.3.7.2
7f51c9a5c000-7f51c9c5b000 ---p 00043000 08:06 2756076                    /lib/x86_64-linux-gnu/libdbus-1.so.3.7.2
7f51c9c5b000-7f51c9c5c000 r--p 00042000 08:06 2756076                    /lib/x86_64-linux-gnu/libdbus-1.so.3.7.2
7f51c9c5c000-7f51c9c5d000 rw-p 00043000 08:06 2756076                    /lib/x86_64-linux-gnu/libdbus-1.so.3.7.2
7f51c9c5d000-7f51c9cb9000 r-xp 00000000 08:06 7997752                    /usr/lib/x86_64-linux-gnu/pulseaudio/libpulsecommon-2.1.so
7f51c9cb9000-7f51c9eb8000 ---p 0005c000 08:06 7997752                    /usr/lib/x86_64-linux-gnu/pulseaudio/libpulsecommon-2.1.so
7f51c9eb8000-7f51c9eb9000 r--p 0005b000 08:06 7997752                    /usr/lib/x86_64-linux-gnu/pulseaudio/libpulsecommon-2.1.so
7f51c9eb9000-7f51c9eba000 rw-p 0005c000 08:06 7997752                    /usr/lib/x86_64-linux-gnu/pulseaudio/libpulsecommon-2.1.so
7f51c9eba000-7f51c9ec2000 r-xp 00000000 08:06 7610027                    /usr/lib/x86_64-linux-gnu/libjson.so.0.1.0
7f51c9ec2000-7f51ca0c1000 ---p 00008000 08:06 7610027                    /usr/lib/x86_64-linux-gnu/libjson.so.0.1.0
7f51ca0c1000-7f51ca0c2000 r--p 00007000 08:06 7610027                    /usr/lib/x86_64-linux-gnu/libjson.so.0.1.0
7f51ca0c2000-7f51ca0c3000 rw-p 00008000 08:06 7610027                    /usr/lib/x86_64-linux-gnu/libjson.so.0.1.0
7f51ca0c3000-7f51ca10a000 r-xp 00000000 08:06 7610172                    /usr/lib/x86_64-linux-gnu/libpulse.so.0.14.3
7f51ca10a000-7f51ca309000 ---p 00047000 08:06 7610172                    /usr/lib/x86_64-linux-gnu/libpulse.so.0.14.3
7f51ca309000-7f51ca30a000 r--p 00046000 08:06 7610172                    /usr/lib/x86_64-linux-gnu/libpulse.so.0.14.3
7f51ca30a000-7f51ca30b000 rw-p 00047000 08:06 7610172                    /usr/lib/x86_64-linux-gnu/libpulse.so.0.14.3
7f51ca30b000-7f51ca35c000 r-xp 00000000 08:06 661742                     /tmp/libgdxjamiltron/192475754/libopenal64.so
7f51ca35c000-7f51ca55c000 ---p 00051000 08:06 661742                     /tmp/libgdxjamiltron/192475754/libopenal64.so
7f51ca55c000-7f51ca55e000 r--p 00051000 08:06 661742                     /tmp/libgdxjamiltron/192475754/libopenal64.so
7f51ca55e000-7f51ca55f000 rw-p 00053000 08:06 661742                     /tmp/libgdxjamiltron/192475754/libopenal64.so
7f51ca55f000-7f51ca560000 rw-p 00000000 00:00 0 
7f51ca560000-7f51ca564000 r-xp 00000000 08:06 7609636                    /usr/lib/x86_64-linux-gnu/libXxf86vm.so.1.0.0
7f51ca564000-7f51ca764000 ---p 00004000 08:06 7609636                    /usr/lib/x86_64-linux-gnu/libXxf86vm.so.1.0.0
7f51ca764000-7f51ca765000 r--p 00004000 08:06 7609636                    /usr/lib/x86_64-linux-gnu/libXxf86vm.so.1.0.0
7f51ca765000-7f51ca766000 rw-p 00005000 08:06 7609636                    /usr/lib/x86_64-linux-gnu/libXxf86vm.so.1.0.0
7f51ca766000-7f51ca76f000 r-xp 00000000 08:06 7609624                    /usr/lib/x86_64-linux-gnu/libXrandr.so.2.2.0
7f51ca76f000-7f51ca96e000 ---p 00009000 08:06 7609624                    /usr/lib/x86_64-linux-gnu/libXrandr.so.2.2.0
7f51ca96e000-7f51ca96f000 r--p 00008000 08:06 7609624                    /usr/lib/x86_64-linux-gnu/libXrandr.so.2.2.0
7f51ca96f000-7f51ca970000 rw-p 00009000 08:06 7609624                    /usr/lib/x86_64-linux-gnu/libXrandr.so.2.2.0
7f51ca970000-7f51ca9da000 r-xp 00000000 08:06 661743                     /tmp/libgdxjamiltron/192475754/liblwjgl64.so
7f51ca9da000-7f51cabda000 ---p 0006a000 08:06 661743                     /tmp/libgdxjamiltron/192475754/liblwjgl64.so
7f51cabda000-7f51cabdc000 r--p 0006a000 08:06 661743                     /tmp/libgdxjamiltron/192475754/liblwjgl64.so
7f51cabdc000-7f51cabdd000 rw-p 0006c000 08:06 661743                     /tmp/libgdxjamiltron/192475754/liblwjgl64.so
7f51cabdd000-7f51cabde000 r-xp 00000000 08:06 1577367                    /usr/lib/jvm/java-6-openjdk-amd64/jre/lib/amd64/libjawt.so
7f51cabde000-7f51caddd000 ---p 00001000 08:06 1577367                    /usr/lib/jvm/java-6-openjdk-amd64/jre/lib/amd64/libjawt.so
7f51caddd000-7f51cadde000 r--p 00000000 08:06 1577367                    /usr/lib/jvm/java-6-openjdk-amd64/jre/lib/amd64/libjawt.so
7f51cadde000-7f51caddf000 rw-p 00001000 08:06 1577367                    /usr/lib/jvm/java-6-openjdk-amd64/jre/lib/amd64/libjawt.so
7f51caddf000-7f51cade2000 ---p 00000000 00:00 0 
7f51cade2000-7f51caee0000 rw-p 00000000 00:00 0                          [stack:3264]
7f51caee0000-7f51caee5000 r-xp 00000000 08:06 7609608                    /usr/lib/x86_64-linux-gnu/libXfixes.so.3.1.0
7f51caee5000-7f51cb0e4000 ---p 00005000 08:06 7609608                    /usr/lib/x86_64-linux-gnu/libXfixes.so.3.1.0
7f51cb0e4000-7f51cb0e5000 r--p 00004000 08:06 7609608                    /usr/lib/x86_64-linux-gnu/libXfixes.so.3.1.0
7f51cb0e5000-7f51cb0e6000 rw-p 00005000 08:06 7609608                    /usr/lib/x86_64-linux-gnu/libXfixes.so.3.1.0
7f51cb0e6000-7f51cb0ef000 r-xp 00000000 08:06 7609600                    /usr/lib/x86_64-linux-gnu/libXcursor.so.1.0.2
7f51cb0ef000-7f51cb2ef000 ---p 00009000 08:06 7609600                    /usr/lib/x86_64-linux-gnu/libXcursor.so.1.0.2
7f51cb2ef000-7f51cb2f0000 r--p 00009000 08:06 7609600                    /usr/lib/x86_64-linux-gnu/libXcursor.so.1.0.2
7f51cb2f0000-7f51cb2f1000 rw-p 0000a000 08:06 7609600                    /usr/lib/x86_64-linux-gnu/libXcursor.so.1.0.2
7f51cb2f1000-7f51cb387000 r-xp 00000000 08:06 7609837                    /usr/lib/x86_64-linux-gnu/libfreetype.so.6.9.0
7f51cb387000-7f51cb586000 ---p 00096000 08:06 7609837                    /usr/lib/x86_64-linux-gnu/libfreetype.so.6.9.0
7f51cb586000-7f51cb58c000 r--p 00095000 08:06 7609837                    /usr/lib/x86_64-linux-gnu/libfreetype.so.6.9.0
7f51cb58c000-7f51cb58d000 rw-p 0009b000 08:06 7609837                    /usr/lib/x86_64-linux-gnu/libfreetype.so.6.9.0
7f51cb58d000-7f51cb5c7000 r-xp 00000000 08:06 1577352                    /usr/lib/jvm/java-6-openjdk-amd64/jre/lib/amd64/libfontmanager.so
7f51cb5c7000-7f51cb7c6000 ---p 0003a000 08:06 1577352                    /usr/lib/jvm/java-6-openjdk-amd64/jre/lib/amd64/libfontmanager.so
7f51cb7c6000-7f51cb7c8000 r--p 00039000 08:06 1577352                    /usr/lib/jvm/java-6-openjdk-amd64/jre/lib/amd64/libfontmanager.so
7f51cb7c8000-7f51cb7c9000 rw-p 0003b000 08:06 1577352                    /usr/lib/jvm/java-6-openjdk-amd64/jre/lib/amd64/libfontmanager.so
7f51cb7c9000-7f51cb7ce000 r-xp 00000000 08:06 7609604                    /usr/lib/x86_64-linux-gnu/libXdmcp.so.6.0.0
7f51cb7ce000-7f51cb9cd000 ---p 00005000 08:06 7609604                    /usr/lib/x86_64-linux-gnu/libXdmcp.so.6.0.0
7f51cb9cd000-7f51cb9ce000 r--p 00004000 08:06 7609604                    /usr/lib/x86_64-linux-gnu/libXdmcp.so.6.0.0
7f51cb9ce000-7f51cb9cf000 rw-p 00005000 08:06 7609604                    /usr/lib/x86_64-linux-gnu/libXdmcp.so.6.0.0
7f51cb9cf000-7f51cb9d1000 r-xp 00000000 08:06 7609593                    /usr/lib/x86_64-linux-gnu/libXau.so.6.0.0
7f51cb9d1000-7f51cbbd1000 ---p 00002000 08:06 7609593                    /usr/lib/x86_64-linux-gnu/libXau.so.6.0.0
7f51cbbd1000-7f51cbbd2000 r--p 00002000 08:06 7609593                    /usr/lib/x86_64-linux-gnu/libXau.so.6.0.0
7f51cbbd2000-7f51cbbd3000 rw-p 00003000 08:06 7609593                    /usr/lib/x86_64-linux-gnu/libXau.so.6.0.0
7f51cbbd3000-7f51cbbf0000 r-xp 00000000 08:06 7610346                    /usr/lib/x86_64-linux-gnu/libxcb.so.1.1.0
7f51cbbf0000-7f51cbdef000 ---p 0001d000 08:06 7610346                    /usr/lib/x86_64-linux-gnu/libxcb.so.1.1.0
7f51cbdef000-7f51cbdf0000 r--p 0001c000 08:06 7610346                    /usr/lib/x86_64-linux-gnu/libxcb.so.1.1.0
7f51cbdf0000-7f51cbdf1000 rw-p 0001d000 08:06 7610346                    /usr/lib/x86_64-linux-gnu/libxcb.so.1.1.0
7f51cbdf1000-7f51cbdff000 r-xp 00000000 08:06 7609612                    /usr/lib/x86_64-linux-gnu/libXi.so.6.1.0
7f51cbdff000-7f51cbffe000 ---p 0000e000 08:06 7609612                    /usr/lib/x86_64-linux-gnu/libXi.so.6.1.0
7f51cbffe000-7f51cbfff000 r--p 0000d000 08:06 7609612                    /usr/lib/x86_64-linux-gnu/libXi.so.6.1.0
7f51cbfff000-7f51cc000000 rw-p 0000e000 08:06 7609612                    /usr/lib/x86_64-linux-gnu/libXi.so.6.1.0
7f51cc000000-7f51cc174000 rw-p 00000000 00:00 0 
7f51cc174000-7f51d0000000 ---p 00000000 00:00 0 
7f51d0000000-7f51d0021000 rw-p 00000000 00:00 0 
7f51d0021000-7f51d4000000 ---p 00000000 00:00 0 
7f51d4000000-7f51d4021000 rw-p 00000000 00:00 0 
7f51d4021000-7f51d8000000 ---p 00000000 00:00 0 
7f51d8000000-7f51d816e000 rw-p 00000000 00:00 0 
7f51d816e000-7f51dc000000 ---p 00000000 00:00 0 
7f51dc000000-7f51dc021000 rw-p 00000000 00:00 0 
7f51dc021000-7f51e0000000 ---p 00000000 00:00 0 
7f51e0000000-7f51e0021000 rw-p 00000000 00:00 0 
7f51e0021000-7f51e4000000 ---p 00000000 00:00 0 
7f51e4000000-7f51e4021000 rw-p 00000000 00:00 0 
7f51e4021000-7f51e8000000 ---p 00000000 00:00 0 
7f51e8000000-7f51e8021000 rw-p 00000000 00:00 0 
7f51e8021000-7f51ec000000 ---p 00000000 00:00 0 
7f51ec000000-7f51ec021000 rw-p 00000000 00:00 0 
7f51ec021000-7f51f0000000 ---p 00000000 00:00 0 
7f51f0000000-7f51f0021000 rw-p 00000000 00:00 0 
7f51f0021000-7f51f4000000 ---p 00000000 00:00 0 
7f51f4000000-7f51f4021000 rw-p 00000000 00:00 0 
7f51f4021000-7f51f8000000 ---p 00000000 00:00 0 
7f51f805a000-7f51f805c000 rw-s 00000000 08:06 393227                     /tmp/glysVRIu (deleted)
7f51f805c000-7f51f8060000 rw-s 1c2e3d000 00:05 11040                     /dev/nvidia0
7f51f8060000-7f51f8080000 rw-s d0080000 00:05 11040                      /dev/nvidia0
7f51f8080000-7f51f8081000 rw-s 1c2e3c000 00:05 11040                     /dev/nvidia0
7f51f8081000-7f51f80e8000 rw-p 00000000 00:00 0 
7f51f80e8000-7f51f80ef000 r--s 00000000 08:06 7997327                    /usr/lib/x86_64-linux-gnu/gconv/gconv-modules.cache
7f51f80ef000-7f51f80f0000 r--s 00000000 08:06 1704097                    /var/cache/fontconfig/c05880de57d1f5e948fdfacc138775d9-le64.cache-3
7f51f80f0000-7f51f80f9000 r--s 00000000 08:06 1704089                    /var/cache/fontconfig/945677eb7aeaf62f1d50efc3fb3ec7d8-le64.cache-3
7f51f80f9000-7f51f80fb000 r--s 00000000 08:06 1704091                    /var/cache/fontconfig/99e8ed0e538f840c565b6ed5dad60d56-le64.cache-3
7f51f80fb000-7f51f8100000 r--s 00000000 08:06 1704074                    /var/cache/fontconfig/2cd17615ca594fa2959ae173292e504c-le64.cache-3
7f51f8100000-7f51f8101000 r--s 00000000 08:06 1704105                    /var/cache/fontconfig/e7071f4a29fa870f4323321c154eba04-le64.cache-3
7f51f8101000-7f51f8102000 r--s 00000000 08:06 1704071                    /var/cache/fontconfig/0d8c3b2ac0904cb8a57a757ad11a4a08-le64.cache-3
7f51f8102000-7f51f8108000 r--s 00000000 08:06 1704093                    /var/cache/fontconfig/a755afe4a08bf5b97852ceb7400b47bc-le64.cache-3
7f51f8108000-7f51f8111000 r--s 00000000 08:06 1712634                    /var/cache/fontconfig/6d41288fd70b0be22e8c3a91e032eec0-le64.cache-3
7f51f8111000-7f51f8121000 r--s 00000000 08:06 1704069                    /var/cache/fontconfig/04aabc0a78ac019cf9454389977116d2-le64.cache-3
7f51f8121000-7f51f8122000 r--s 00000000 08:06 1704073                    /var/cache/fontconfig/1ac9eb803944fde146138c791f5cc56a-le64.cache-3
7f51f8122000-7f51f8125000 r--s 00000000 08:06 1704078                    /var/cache/fontconfig/385c0604a188198f04d133e54aba7fe7-le64.cache-3
7f51f8125000-7f51f8126000 r--s 00000000 08:06 1704103                    /var/cache/fontconfig/dc05db6664285cc2f12bf69c139ae4c3-le64.cache-3
7f51f8126000-7f51f8128000 r--s 00000000 08:06 1704086                    /var/cache/fontconfig/767a8244fc0220cfb567a839d0392e0b-le64.cache-3
7f51f8128000-7f51f8129000 r--s 00000000 08:06 1705340                    /var/cache/fontconfig/4794a0821666d79190d59a36cb4f44b5-le64.cache-3
7f51f8129000-7f51f812c000 r--s 00000000 08:06 1704088                    /var/cache/fontconfig/8801497958630a81b71ace7c5f9b32a8-le64.cache-3
7f51f812c000-7f51f8131000 r--s 00000000 08:06 1704075                    /var/cache/fontconfig/3047814df9a2f067bd2d96a2b9c36e5a-le64.cache-3
7f51f8131000-7f51f8132000 r--s 00000000 08:06 1704081                    /var/cache/fontconfig/56cf4f4769d0f4abc89a4895d7bd3ae1-le64.cache-3
7f51f8132000-7f51f8133000 r--s 00000000 08:06 1704096                    /var/cache/fontconfig/b9d506c9ac06c20b433354fa67a72993-le64.cache-3
7f51f8133000-7f51f8138000 r--s 00000000 08:06 1704095                    /var/cache/fontconfig/b47c4e1ecd0709278f4910c18777a504-le64.cache-3
7f51f8138000-7f51f8149000 r--s 00000000 08:06 1704101                    /var/cache/fontconfig/d52a8644073d54c13679302ca1180695-le64.cache-3
7f51f8149000-7f51f814a000 r--s 00000000 08:06 1704070                    /var/cache/fontconfig/0c9eb80ebd1c36541ebe2852d3bb0c49-le64.cache-3
7f51f814a000-7f51f814d000 r--s 00000000 08:06 1709485                    /var/cache/fontconfig/e13b20fdb08344e0e664864cc2ede53d-le64.cache-3
7f51f814d000-7f51f814e000 r--s 00000000 08:06 1704097                    /var/cache/fontconfig/c05880de57d1f5e948fdfacc138775d9-le64.cache-3
7f51f814e000-7f51f8157000 r--s 00000000 08:06 1704089                    /var/cache/fontconfig/945677eb7aeaf62f1d50efc3fb3ec7d8-le64.cache-3
7f51f8157000-7f51f8159000 r--s 00000000 08:06 1704091                    /var/cache/fontconfig/99e8ed0e538f840c565b6ed5dad60d56-le64.cache-3
7f51f8159000-7f51f815e000 r--s 00000000 08:06 1704074                    /var/cache/fontconfig/2cd17615ca594fa2959ae173292e504c-le64.cache-3
7f51f815e000-7f51f815f000 r--s 00000000 08:06 1704105                    /var/cache/fontconfig/e7071f4a29fa870f4323321c154eba04-le64.cache-3
7f51f815f000-7f51f8160000 r--s 00000000 08:06 1704071                    /var/cache/fontconfig/0d8c3b2ac0904cb8a57a757ad11a4a08-le64.cache-3
7f51f8160000-7f51f8166000 r--s 00000000 08:06 1704093                    /var/cache/fontconfig/a755afe4a08bf5b97852ceb7400b47bc-le64.cache-3
7f51f8166000-7f51f8176000 r--s 00000000 08:06 1704069                    /var/cache/fontconfig/04aabc0a78ac019cf9454389977116d2-le64.cache-3
7f51f8176000-7f51f817b000 r-xp 00000000 08:06 7609630                    /usr/lib/x86_64-linux-gnu/libXtst.so.6.1.0
7f51f817b000-7f51f837a000 ---p 00005000 08:06 7609630                    /usr/lib/x86_64-linux-gnu/libXtst.so.6.1.0
7f51f837a000-7f51f837b000 r--p 00004000 08:06 7609630                    /usr/lib/x86_64-linux-gnu/libXtst.so.6.1.0
7f51f837b000-7f51f837c000 rw-p 00005000 08:06 7609630                    /usr/lib/x86_64-linux-gnu/libXtst.so.6.1.0
7f51f837c000-7f51f8385000 r-xp 00000000 08:06 7609626                    /usr/lib/x86_64-linux-gnu/libXrender.so.1.3.0
7f51f8385000-7f51f8584000 ---p 00009000 08:06 7609626                    /usr/lib/x86_64-linux-gnu/libXrender.so.1.3.0
7f51f8584000-7f51f8585000 r--p 00008000 08:06 7609626                    /usr/lib/x86_64-linux-gnu/libXrender.so.1.3.0
7f51f8585000-7f51f8586000 rw-p 00009000 08:06 7609626                    /usr/lib/x86_64-linux-gnu/libXrender.so.1.3.0
7f51f8586000-7f51f86ba000 r-xp 00000000 08:06 7609589                    /usr/lib/x86_64-linux-gnu/libX11.so.6.3.0
7f51f86ba000-7f51f88ba000 ---p 00134000 08:06 7609589                    /usr/lib/x86_64-linux-gnu/libX11.so.6.3.0
7f51f88ba000-7f51f88bb000 r--p 00134000 08:06 7609589                    /usr/lib/x86_64-linux-gnu/libX11.so.6.3.0
7f51f88bb000-7f51f88c0000 rw-p 00135000 08:06 7609589                    /usr/lib/x86_64-linux-gnu/libX11.so.6.3.0
7f51f88c0000-7f51f88d0000 r-xp 00000000 08:06 7609606                    /usr/lib/x86_64-linux-gnu/libXext.so.6.4.0
7f51f88d0000-7f51f8ad0000 ---p 00010000 08:06 7609606                    /usr/lib/x86_64-linux-gnu/libXext.so.6.4.0
7f51f8ad0000-7f51f8ad1000 r--p 00010000 08:06 7609606                    /usr/lib/x86_64-linux-gnu/libXext.so.6.4.0
7f51f8ad1000-7f51f8ad2000 rw-p 00011000 08:06 7609606                    /usr/lib/x86_64-linux-gnu/libXext.so.6.4.0
7f51f8ad2000-7f51f8b1d000 r-xp 00000000 08:06 1577484                    /usr/lib/jvm/java-6-openjdk-amd64/jre/lib/amd64/xawt/libmawt.so
7f51f8b1d000-7f51f8d1d000 ---p 0004b000 08:06 1577484                    /usr/lib/jvm/java-6-openjdk-amd64/jre/lib/amd64/xawt/libmawt.so
7f51f8d1d000-7f51f8d1e000 r--p 0004b000 08:06 1577484                    /usr/lib/jvm/java-6-openjdk-amd64/jre/lib/amd64/xawt/libmawt.so
7f51f8d1e000-7f51f8d21000 rw-p 0004c000 08:06 1577484                    /usr/lib/jvm/java-6-openjdk-amd64/jre/lib/amd64/xawt/libmawt.so
7f51f8d21000-7f51f8d22000 rw-p 00000000 00:00 0 
7f51f8d22000-7f51f8dcf000 r-xp 00000000 08:06 1577355                    /usr/lib/jvm/java-6-openjdk-amd64/jre/lib/amd64/libawt.so
7f51f8dcf000-7f51f8fcf000 ---p 000ad000 08:06 1577355                    /usr/lib/jvm/java-6-openjdk-amd64/jre/lib/amd64/libawt.so
7f51f8fcf000-7f51f8fd0000 r--p 000ad000 08:06 1577355                    /usr/lib/jvm/java-6-openjdk-amd64/jre/lib/amd64/libawt.so
7f51f8fd0000-7f51f8fdb000 rw-p 000ae000 08:06 1577355                    /usr/lib/jvm/java-6-openjdk-amd64/jre/lib/amd64/libawt.so
7f51f8fdb000-7f51f9000000 rw-p 00000000 00:00 0 
7f51f9000000-7f51f9270000 rwxp 00000000 00:00 0 
7f51f9270000-7f51fc2dd000 rw-p 00000000 00:00 0 
7f51fc2dd000-7f5200000000 ---p 00000000 00:00 0 
7f5200000000-7f5200004000 r--s 00000000 08:06 1709483                    /var/cache/fontconfig/7ef2298fde41cc6eeb7af42e48b7d293-le64.cache-3
7f5200004000-7f520000d000 r--s 00000000 08:06 1712634                    /var/cache/fontconfig/6d41288fd70b0be22e8c3a91e032eec0-le64.cache-3
7f520000d000-7f520000e000 r--s 00000000 08:06 1704073                    /var/cache/fontconfig/1ac9eb803944fde146138c791f5cc56a-le64.cache-3
7f520000e000-7f5200011000 r--s 00000000 08:06 1704078                    /var/cache/fontconfig/385c0604a188198f04d133e54aba7fe7-le64.cache-3
7f5200011000-7f5200012000 r--s 00000000 08:06 1704103                    /var/cache/fontconfig/dc05db6664285cc2f12bf69c139ae4c3-le64.cache-3
7f5200012000-7f5200014000 r--s 00000000 08:06 1704086                    /var/cache/fontconfig/767a8244fc0220cfb567a839d0392e0b-le64.cache-3
7f5200014000-7f5200015000 r--s 00000000 08:06 1705340                    /var/cache/fontconfig/4794a0821666d79190d59a36cb4f44b5-le64.cache-3
7f5200015000-7f5200018000 r--s 00000000 08:06 1704088                    /var/cache/fontconfig/8801497958630a81b71ace7c5f9b32a8-le64.cache-3
7f5200018000-7f520001d000 r--s 00000000 08:06 1704075                    /var/cache/fontconfig/3047814df9a2f067bd2d96a2b9c36e5a-le64.cache-3
7f520001d000-7f520001e000 r--s 00000000 08:06 1704081                    /var/cache/fontconfig/56cf4f4769d0f4abc89a4895d7bd3ae1-le64.cache-3
7f520001e000-7f520001f000 r--s 00000000 08:06 1704096                    /var/cache/fontconfig/b9d506c9ac06c20b433354fa67a72993-le64.cache-3
7f520001f000-7f5200024000 r--s 00000000 08:06 1704095                    /var/cache/fontconfig/b47c4e1ecd0709278f4910c18777a504-le64.cache-3
7f5200024000-7f5200035000 r--s 00000000 08:06 1704101                    /var/cache/fontconfig/d52a8644073d54c13679302ca1180695-le64.cache-3
7f5200035000-7f5200036000 r--s 00000000 08:06 1704070                    /var/cache/fontconfig/0c9eb80ebd1c36541ebe2852d3bb0c49-le64.cache-3
7f5200036000-7f5200039000 r--s 00000000 08:06 1709485                    /var/cache/fontconfig/e13b20fdb08344e0e664864cc2ede53d-le64.cache-3
7f5200039000-7f520003d000 r--s 00000000 08:06 1709483                    /var/cache/fontconfig/7ef2298fde41cc6eeb7af42e48b7d293-le64.cache-3
7f520003d000-7f5200040000 ---p 00000000 00:00 0 
7f5200040000-7f520013e000 rw-p 00000000 00:00 0                          [stack:3263]
7f520013e000-7f52001a6000 r-xp 00000000 08:06 661741                     /tmp/libgdxjamiltron/192475754/libgdx64.so
7f52001a6000-7f52003a5000 ---p 00068000 08:06 661741                     /tmp/libgdxjamiltron/192475754/libgdx64.so
7f52003a5000-7f52003a7000 r--p 00067000 08:06 661741                     /tmp/libgdxjamiltron/192475754/libgdx64.so
7f52003a7000-7f52003a8000 rw-p 00069000 08:06 661741                     /tmp/libgdxjamiltron/192475754/libgdx64.so
7f52003a8000-7f52003a9000 rw-p 00000000 00:00 0 
7f52003a9000-7f52003bd000 r--s 0014b000 08:06 6555398                    /home/jamiltron/Dropbox/workspace/java/homunculus/Homunculus-desktop/libs/gdx-backend-lwjgl.jar
7f52003bd000-7f52003be000 ---p 00000000 00:00 0 
7f52003be000-7f52004be000 rw-p 00000000 00:00 0                          [stack:3262]
7f52004be000-7f52004c1000 ---p 00000000 00:00 0 
7f52004c1000-7f52005bf000 rw-p 00000000 00:00 0                          [stack:3261]
7f52005bf000-7f52005c2000 ---p 00000000 00:00 0 
7f52005c2000-7f52006c0000 rw-p 00000000 00:00 0                          [stack:3260]
7f52006c0000-7f52006c3000 ---p 00000000 00:00 0 
7f52006c3000-7f52007c1000 rw-p 00000000 00:00 0                          [stack:3259]
7f52007c1000-7f52007c4000 ---p 00000000 00:00 0 
7f52007c4000-7f52008c2000 rw-p 00000000 00:00 0                          [stack:3258]
7f52008c2000-7f5200fa3000 r--p 00000000 08:06 7608746                    /usr/lib/locale/locale-archive
7f5200fa3000-7f5200fa6000 ---p 00000000 00:00 0 
7f5200fa6000-7f52010a4000 rw-p 00000000 00:00 0                          [stack:3257]
7f52010a4000-7f52010a7000 ---p 00000000 00:00 0 
7f52010a7000-7f52011a5000 rw-p 00000000 00:00 0                          [stack:3256]
7f52011a5000-7f52011a6000 ---p 00000000 00:00 0 
7f52011a6000-7f52017de000 rw-p 00000000 00:00 0                          [stack:3255]
7f52017de000-7f5201970000 r--s 037c2000 08:06 1577324                    /usr/lib/jvm/java-6-openjdk-amd64/jre/lib/rt.jar
7f5201970000-7f5201998000 rw-p 00000000 00:00 0 
7f5201998000-7f5201999000 ---p 00000000 00:00 0 
7f5201999000-7f5201a99000 rw-p 00000000 00:00 0                          [stack:3254]
7f5201a99000-7f5201a9a000 ---p 00000000 00:00 0 
7f5201a9a000-7f5201b9a000 rw-p 00000000 00:00 0                          [stack:3253]
7f5201b9a000-7f5201b9b000 ---p 00000000 00:00 0 
7f5201b9b000-7f5201c9b000 rw-p 00000000 00:00 0                          [stack:3252]
7f5201c9b000-7f5201c9c000 ---p 00000000 00:00 0 
7f5201c9c000-7f5201da7000 rw-p 00000000 00:00 0                          [stack:3251]
7f5201da7000-7f5201def000 rw-p 00000000 00:00 0 
7f5201def000-7f5201e19000 rw-p 00000000 00:00 0 
7f5201e19000-7f5202081000 rw-p 00000000 00:00 0 
7f5202081000-7f520208c000 rw-p 00000000 00:00 0 
7f520208c000-7f52020d4000 rw-p 00000000 00:00 0 
7f52020d4000-7f52020fe000 rw-p 00000000 00:00 0 
7f52020fe000-7f5202366000 rw-p 00000000 00:00 0 
7f5202366000-7f520237b000 rw-p 00000000 00:00 0 
7f520237b000-7f52024af000 rw-p 00000000 00:00 0 
7f52024af000-7f52024b0000 rw-p 00000000 00:00 0 
7f52024b0000-7f52024b7000 r-xp 00000000 08:06 1577369                    /usr/lib/jvm/java-6-openjdk-amd64/jre/lib/amd64/libzip.so
7f52024b7000-7f52026b6000 ---p 00007000 08:06 1577369                    /usr/lib/jvm/java-6-openjdk-amd64/jre/lib/amd64/libzip.so
7f52026b6000-7f52026b7000 r--p 00006000 08:06 1577369                    /usr/lib/jvm/java-6-openjdk-amd64/jre/lib/amd64/libzip.so
7f52026b7000-7f52026b8000 rw-p 00007000 08:06 1577369                    /usr/lib/jvm/java-6-openjdk-amd64/jre/lib/amd64/libzip.so
7f52026b8000-7f52026c4000 r-xp 00000000 08:06 2756129                    /lib/x86_64-linux-gnu/libnss_files-2.15.so
7f52026c4000-7f52028c3000 ---p 0000c000 08:06 2756129                    /lib/x86_64-linux-gnu/libnss_files-2.15.so
7f52028c3000-7f52028c4000 r--p 0000b000 08:06 2756129                    /lib/x86_64-linux-gnu/libnss_files-2.15.so
7f52028c4000-7f52028c5000 rw-p 0000c000 08:06 2756129                    /lib/x86_64-linux-gnu/libnss_files-2.15.so
7f52028c5000-7f52028cf000 r-xp 00000000 08:06 2756133                    /lib/x86_64-linux-gnu/libnss_nis-2.15.so
7f52028cf000-7f5202acf000 ---p 0000a000 08:06 2756133                    /lib/x86_64-linux-gnu/libnss_nis-2.15.so
7f5202acf000-7f5202ad0000 r--p 0000a000 08:06 2756133                    /lib/x86_64-linux-gnu/libnss_nis-2.15.so
7f5202ad0000-7f5202ad1000 rw-p 0000b000 08:06 2756133                    /lib/x86_64-linux-gnu/libnss_nis-2.15.so
7f5202ad1000-7f5202ae8000 r-xp 00000000 08:06 2756123                    /lib/x86_64-linux-gnu/libnsl-2.15.so
7f5202ae8000-7f5202ce7000 ---p 00017000 08:06 2756123                    /lib/x86_64-linux-gnu/libnsl-2.15.so
7f5202ce7000-7f5202ce8000 r--p 00016000 08:06 2756123                    /lib/x86_64-linux-gnu/libnsl-2.15.so
7f5202ce8000-7f5202ce9000 rw-p 00017000 08:06 2756123                    /lib/x86_64-linux-gnu/libnsl-2.15.so
7f5202ce9000-7f5202ceb000 rw-p 00000000 00:00 0 
7f5202ceb000-7f5202cf3000 r-xp 00000000 08:06 2756125                    /lib/x86_64-linux-gnu/libnss_compat-2.15.so
7f5202cf3000-7f5202ef2000 ---p 00008000 08:06 2756125                    /lib/x86_64-linux-gnu/libnss_compat-2.15.so
7f5202ef2000-7f5202ef3000 r--p 00007000 08:06 2756125                    /lib/x86_64-linux-gnu/libnss_compat-2.15.so
7f5202ef3000-7f5202ef4000 rw-p 00008000 08:06 2756125                    /lib/x86_64-linux-gnu/libnss_compat-2.15.so
7f5202ef4000-7f5202f21000 r-xp 00000000 08:06 1577354                    /usr/lib/jvm/java-6-openjdk-amd64/jre/lib/amd64/libjava.so
7f5202f21000-7f5203121000 ---p 0002d000 08:06 1577354                    /usr/lib/jvm/java-6-openjdk-amd64/jre/lib/amd64/libjava.so
7f5203121000-7f5203122000 r--p 0002d000 08:06 1577354                    /usr/lib/jvm/java-6-openjdk-amd64/jre/lib/amd64/libjava.so
7f5203122000-7f5203125000 rw-p 0002e000 08:06 1577354                    /usr/lib/jvm/java-6-openjdk-amd64/jre/lib/amd64/libjava.so
7f5203125000-7f5203134000 r-xp 00000000 08:06 1577353                    /usr/lib/jvm/java-6-openjdk-amd64/jre/lib/amd64/libverify.so
7f5203134000-7f5203333000 ---p 0000f000 08:06 1577353                    /usr/lib/jvm/java-6-openjdk-amd64/jre/lib/amd64/libverify.so
7f5203333000-7f5203335000 r--p 0000e000 08:06 1577353                    /usr/lib/jvm/java-6-openjdk-amd64/jre/lib/amd64/libverify.so
7f5203335000-7f5203336000 rw-p 00010000 08:06 1577353                    /usr/lib/jvm/java-6-openjdk-amd64/jre/lib/amd64/libverify.so
7f5203336000-7f520333d000 r-xp 00000000 08:06 2756168                    /lib/x86_64-linux-gnu/librt-2.15.so
7f520333d000-7f520353c000 ---p 00007000 08:06 2756168                    /lib/x86_64-linux-gnu/librt-2.15.so
7f520353c000-7f520353d000 r--p 00006000 08:06 2756168                    /lib/x86_64-linux-gnu/librt-2.15.so
7f520353d000-7f520353e000 rw-p 00007000 08:06 2756168                    /lib/x86_64-linux-gnu/librt-2.15.so
7f520353e000-7f5203553000 r-xp 00000000 08:06 2756089                    /lib/x86_64-linux-gnu/libgcc_s.so.1
7f5203553000-7f5203752000 ---p 00015000 08:06 2756089                    /lib/x86_64-linux-gnu/libgcc_s.so.1
7f5203752000-7f5203753000 r--p 00014000 08:06 2756089                    /lib/x86_64-linux-gnu/libgcc_s.so.1
7f5203753000-7f5203754000 rw-p 00015000 08:06 2756089                    /lib/x86_64-linux-gnu/libgcc_s.so.1
7f5203754000-7f520384f000 r-xp 00000000 08:06 2756106                    /lib/x86_64-linux-gnu/libm-2.15.so
7f520384f000-7f5203a4e000 ---p 000fb000 08:06 2756106                    /lib/x86_64-linux-gnu/libm-2.15.so
7f5203a4e000-7f5203a4f000 r--p 000fa000 08:06 2756106                    /lib/x86_64-linux-gnu/libm-2.15.so
7f5203a4f000-7f5203a50000 rw-p 000fb000 08:06 2756106                    /lib/x86_64-linux-gnu/libm-2.15.so
7f5203a50000-7f5203b35000 r-xp 00000000 08:06 7610252                    /usr/lib/x86_64-linux-gnu/libstdc++.so.6.0.17
7f5203b35000-7f5203d34000 ---p 000e5000 08:06 7610252                    /usr/lib/x86_64-linux-gnu/libstdc++.so.6.0.17
7f5203d34000-7f5203d3c000 r--p 000e4000 08:06 7610252                    /usr/lib/x86_64-linux-gnu/libstdc++.so.6.0.17
7f5203d3c000-7f5203d3e000 rw-p 000ec000 08:06 7610252                    /usr/lib/x86_64-linux-gnu/libstdc++.so.6.0.17
7f5203d3e000-7f5203d53000 rw-p 00000000 00:00 0 
7f5203d53000-7f5204671000 r-xp 00000000 08:06 1577359                    /usr/lib/jvm/java-6-openjdk-amd64/jre/lib/amd64/server/libjvm.so
7f5204671000-7f5204871000 ---p 0091e000 08:06 1577359                    /usr/lib/jvm/java-6-openjdk-amd64/jre/lib/amd64/server/libjvm.so
7f5204871000-7f52048f1000 r--p 0091e000 08:06 1577359                    /usr/lib/jvm/java-6-openjdk-amd64/jre/lib/amd64/server/libjvm.so
7f52048f1000-7f520490c000 rw-p 0099e000 08:06 1577359                    /usr/lib/jvm/java-6-openjdk-amd64/jre/lib/amd64/server/libjvm.so
7f520490c000-7f5204935000 rw-p 00000000 00:00 0 
7f5204935000-7f520494b000 r-xp 00000000 08:06 2756198                    /lib/x86_64-linux-gnu/libz.so.1.2.7
7f520494b000-7f5204b4a000 ---p 00016000 08:06 2756198                    /lib/x86_64-linux-gnu/libz.so.1.2.7
7f5204b4a000-7f5204b4b000 r--p 00015000 08:06 2756198                    /lib/x86_64-linux-gnu/libz.so.1.2.7
7f5204b4b000-7f5204b4c000 rw-p 00016000 08:06 2756198                    /lib/x86_64-linux-gnu/libz.so.1.2.7
7f5204b4c000-7f5204d01000 r-xp 00000000 08:06 2756064                    /lib/x86_64-linux-gnu/libc-2.15.so
7f5204d01000-7f5204f00000 ---p 001b5000 08:06 2756064                    /lib/x86_64-linux-gnu/libc-2.15.so
7f5204f00000-7f5204f04000 r--p 001b4000 08:06 2756064                    /lib/x86_64-linux-gnu/libc-2.15.so
7f5204f04000-7f5204f06000 rw-p 001b8000 08:06 2756064                    /lib/x86_64-linux-gnu/libc-2.15.so
7f5204f06000-7f5204f0b000 rw-p 00000000 00:00 0 
7f5204f0b000-7f5204f0d000 r-xp 00000000 08:06 2756079                    /lib/x86_64-linux-gnu/libdl-2.15.so
7f5204f0d000-7f520510d000 ---p 00002000 08:06 2756079                    /lib/x86_64-linux-gnu/libdl-2.15.so
7f520510d000-7f520510e000 r--p 00002000 08:06 2756079                    /lib/x86_64-linux-gnu/libdl-2.15.so
7f520510e000-7f520510f000 rw-p 00003000 08:06 2756079                    /lib/x86_64-linux-gnu/libdl-2.15.so
7f520510f000-7f5205113000 r-xp 00000000 08:06 1577336                    /usr/lib/jvm/java-6-openjdk-amd64/jre/lib/amd64/jli/libjli.so
7f5205113000-7f5205312000 ---p 00004000 08:06 1577336                    /usr/lib/jvm/java-6-openjdk-amd64/jre/lib/amd64/jli/libjli.so
7f5205312000-7f5205313000 r--p 00003000 08:06 1577336                    /usr/lib/jvm/java-6-openjdk-amd64/jre/lib/amd64/jli/libjli.so
7f5205313000-7f5205314000 rw-p 00004000 08:06 1577336                    /usr/lib/jvm/java-6-openjdk-amd64/jre/lib/amd64/jli/libjli.so
7f5205314000-7f520532c000 r-xp 00000000 08:06 2756160                    /lib/x86_64-linux-gnu/libpthread-2.15.so
7f520532c000-7f520552b000 ---p 00018000 08:06 2756160                    /lib/x86_64-linux-gnu/libpthread-2.15.so
7f520552b000-7f520552c000 r--p 00017000 08:06 2756160                    /lib/x86_64-linux-gnu/libpthread-2.15.so
7f520552c000-7f520552d000 rw-p 00018000 08:06 2756160                    /lib/x86_64-linux-gnu/libpthread-2.15.so
7f520552d000-7f5205531000 rw-p 00000000 00:00 0 
7f5205531000-7f5205553000 r-xp 00000000 08:06 2756042                    /lib/x86_64-linux-gnu/ld-2.15.so
7f5205553000-7f520555a000 r--s 000fb000 08:06 1576771                    /usr/lib/jvm/java-6-openjdk-common/jre/lib/resources.jar
7f520555a000-7f520555b000 r--s 0011a000 08:06 6555399                    /home/jamiltron/Dropbox/workspace/java/homunculus/Homunculus-desktop/libs/gdx-natives.jar
7f520555b000-7f520555f000 r--s 0007d000 08:06 1576737                    /usr/lib/jvm/java-6-openjdk-common/jre/lib/jsse.jar
7f520555f000-7f5205570000 r--s 000f4000 08:06 6555359                    /home/jamiltron/Dropbox/workspace/java/homunculus/Homunculus/libs/gdx.jar
7f5205570000-7f5205573000 r--s 00077000 08:06 1576762                    /usr/lib/jvm/java-6-openjdk-common/jre/lib/ext/localedata.jar
7f5205573000-7f520557d000 rw-p 00000000 00:00 0 
7f520557d000-7f5205633000 rw-p 00000000 00:00 0 
7f5205633000-7f5205636000 ---p 00000000 00:00 0 
7f5205636000-7f5205739000 rw-p 00000000 00:00 0                          [stack:3250]
7f5205739000-7f520573a000 r--s 00162000 08:06 6555396                    /home/jamiltron/Dropbox/workspace/java/homunculus/Homunculus-desktop/libs/gdx-backend-lwjgl-natives.jar
7f520573a000-7f520573c000 r--s 00006000 08:06 8005394                    /usr/share/java/java-atk-wrapper.jar
7f520573c000-7f520573e000 r--s 0000f000 08:06 1576765                    /usr/lib/jvm/java-6-openjdk-common/jre/lib/ext/pulse-java.jar
7f520573e000-7f5205740000 r--s 00001000 08:06 1576764                    /usr/lib/jvm/java-6-openjdk-common/jre/lib/ext/dnsns.jar
7f5205740000-7f5205744000 r--s 00038000 08:06 1576761                    /usr/lib/jvm/java-6-openjdk-common/jre/lib/ext/sunpkcs11.jar
7f5205744000-7f5205747000 r--s 00031000 08:06 1576763                    /usr/lib/jvm/java-6-openjdk-common/jre/lib/ext/sunjce_provider.jar
7f5205747000-7f520574f000 rw-s 00000000 08:06 661736                     /tmp/hsperfdata_jamiltron/3245
7f520574f000-7f5205750000 rw-p 00000000 00:00 0 
7f5205750000-7f5205751000 r--p 00000000 00:00 0 
7f5205751000-7f5205753000 rw-p 00000000 00:00 0 
7f5205753000-7f5205754000 r--p 00022000 08:06 2756042                    /lib/x86_64-linux-gnu/ld-2.15.so
7f5205754000-7f5205756000 rw-p 00023000 08:06 2756042                    /lib/x86_64-linux-gnu/ld-2.15.so
7fff7b6fd000-7fff7b71e000 rw-p 00000000 00:00 0                          [stack]
7fff7b78f000-7fff7b790000 r-xp 00000000 00:00 0                          [vdso]
ffffffffff600000-ffffffffff601000 r-xp 00000000 00:00 0                  [vsyscall]

VM Arguments:
jvm_args: -Dfile.encoding=UTF-8 
java_command: com.jamiltron.homunculus.Main
Launcher Type: SUN_STANDARD

Environment Variables:
PATH=/home/jamiltron/.cabal/bin:/home/jamiltron/bin:/usr/lib/lightdm/lightdm:/usr/local/sbin:/usr/local/bin:/usr/sbin:/usr/bin:/sbin:/bin:/usr/games:/usr/local/games
LD_LIBRARY_PATH=/usr/lib/jvm/java-6-openjdk-amd64/jre/lib/amd64/server:/usr/lib/jvm/java-6-openjdk-amd64/jre/lib/amd64:/usr/lib/jvm/java-6-openjdk-amd64/jre/../lib/amd64
SHELL=/bin/zsh
DISPLAY=:0

Signal Handlers:
SIGSEGV: [libjvm.so+0x7987f0], sa_mask[0]=0x7ffbfeff, sa_flags=0x10000004
SIGBUS: [libjvm.so+0x7987f0], sa_mask[0]=0x7ffbfeff, sa_flags=0x10000004
SIGFPE: [libjvm.so+0x65f690], sa_mask[0]=0x7ffbfeff, sa_flags=0x10000004
SIGPIPE: [libjvm.so+0x65f690], sa_mask[0]=0x7ffbfeff, sa_flags=0x10000004
SIGXFSZ: [libjvm.so+0x65f690], sa_mask[0]=0x7ffbfeff, sa_flags=0x10000004
SIGILL: [libjvm.so+0x65f690], sa_mask[0]=0x7ffbfeff, sa_flags=0x10000004
SIGUSR1: SIG_DFL, sa_mask[0]=0x00000000, sa_flags=0x00000000
SIGUSR2: [libjvm.so+0x65f850], sa_mask[0]=0x00000004, sa_flags=0x10000004
SIGHUP: [libjvm.so+0x6621b0], sa_mask[0]=0x7ffbfeff, sa_flags=0x10000004
SIGINT: [libjvm.so+0x6621b0], sa_mask[0]=0x7ffbfeff, sa_flags=0x10000004
SIGTERM: [libjvm.so+0x6621b0], sa_mask[0]=0x7ffbfeff, sa_flags=0x10000004
SIGQUIT: [libjvm.so+0x6621b0], sa_mask[0]=0x7ffbfeff, sa_flags=0x10000004


---------------  S Y S T E M  ---------------

OS:Ubuntu 12.10 (quantal)
uname:Linux 3.5.0-19-generic #30-Ubuntu SMP Tue Nov 13 17:48:01 UTC 2012 x86_64
libc:glibc 2.15 NPTL 2.15 
rlimit: STACK 8192k, CORE 0k, NPROC 62992, NOFILE 4096, AS infinity
load average:0.79 0.65 0.54

/proc/meminfo:
MemTotal:        8081396 kB
MemFree:         4582036 kB
Buffers:          150152 kB
Cached:           849852 kB
SwapCached:            0 kB
Active:          2595600 kB
Inactive:         591852 kB
Active(anon):    2196392 kB
Inactive(anon):     5936 kB
Active(file):     399208 kB
Inactive(file):   585916 kB
Unevictable:       33816 kB
Mlocked:           33816 kB
SwapTotal:       8290300 kB
SwapFree:        8290300 kB
Dirty:               236 kB
Writeback:           256 kB
AnonPages:       2221472 kB
Mapped:           192184 kB
Shmem:              6844 kB
Slab:             113520 kB
SReclaimable:      83840 kB
SUnreclaim:        29680 kB
KernelStack:        3592 kB
PageTables:        30248 kB
NFS_Unstable:          0 kB
Bounce:                0 kB
WritebackTmp:          0 kB
CommitLimit:    12330996 kB
Committed_AS:    4942320 kB
VmallocTotal:   34359738367 kB
VmallocUsed:      400396 kB
VmallocChunk:   34359336571 kB
HardwareCorrupted:     0 kB
AnonHugePages:         0 kB
HugePages_Total:       0
HugePages_Free:        0
HugePages_Rsvd:        0
HugePages_Surp:        0
Hugepagesize:       2048 kB
DirectMap4k:      167936 kB
DirectMap2M:     7088128 kB


CPU:total 4 (4 cores per cpu, 1 threads per core) family 6 model 42 stepping 7, cmov, cx8, fxsr, mmx, sse, sse2, sse3, ssse3, sse4.1, sse4.2, popcnt

Memory: 4k page, physical 8081396k(4582036k free), swap 8290300k(8290300k free)

vm_info: OpenJDK 64-Bit Server VM (20.0-b12) for linux-amd64 JRE (1.6.0_24-b24), built on Oct 24 2012 15:46:19 by "buildd" with gcc 4.7.2

time: Sun Dec  9 23:09:52 2012
elapsed time: 18 seconds

