#
# A fatal error has been detected by the Java Runtime Environment:
#
#  SIGBUS (0x7) at pc=0x00007eff213a6a30, pid=7516, tid=139634220345088
#
# JRE version: 6.0_24-b24
# Java VM: OpenJDK 64-Bit Server VM (20.0-b12 mixed mode linux-amd64 compressed oops)
# Derivative: IcedTea6 1.11.5
# Distribution: Ubuntu 12.10, package 6b24-1.11.5-0ubuntu1~12.10.1
# Problematic frame:
# 
[error occurred during error reporting (printing problematic frame), id 0x7]

# If you would like to submit a bug report, please include
# instructions how to reproduce the bug and visit:
#   https://bugs.launchpad.net/ubuntu/+source/openjdk-6/
#

---------------  T H R E A D  ---------------

Current thread is native thread

siginfo:si_signo=SIGBUS: si_errno=0, si_code=2 (BUS_ADRERR), si_addr=0x00007eff213a6a30

Registers:
RAX=0x0000000000000000, RBX=0x00007eff201a1e40, RCX=0x00007eff5c2d652d, RDX=0x0000000000000000
RSP=0x00007eff201a1e30, RBP=0x0000000000000770, RSI=0x00007eff201a1e30, RDI=0x0000000000000000
R8 =0x00007eff54239cb0, R9 =0x0000000000000001, R10=0x0000000000000000, R11=0x0000000000000000
R12=0x0000000000000000, R13=0x00007eff201a3010, R14=0x0000000000000008, R15=0x00007eff201a1e98
RIP=0x00007eff213a6a30, EFLAGS=0x0000000000010217, CSGSFS=0x0000000000000033, ERR=0x0000000000000014
  TRAPNO=0x000000000000000e

Top of Stack: (sp=0x00007eff201a1e30)
0x00007eff201a1e30:   00007eff54239b70 00007eff20d107be
0x00007eff201a1e40:   0000000000000000 00000000000f4240
0x00007eff201a1e50:   00007eff201a3010 00007eff54239af0
0x00007eff201a1e60:   0000000000000770 00007eff213b329b
0x00007eff201a1e70:   0000000000000000 00007eff201a1e90
0x00007eff201a1e80:   00000000000022d0 00000000000062c8
0x00007eff201a1e90:   00007eff0c07f040 00000000000045a0
0x00007eff201a1ea0:   0000000000000000 00007eff5423e4f0
0x00007eff201a1eb0:   0000000000000000 00007eff5c6e13f0
0x00007eff201a1ec0:   00007eff201a29c0 0000000000000000
0x00007eff201a1ed0:   0000000000000003 00007eff213a5d2a
0x00007eff201a1ee0:   0000000000000000 00007eff5c2cee9a
0x00007eff201a1ef0:   0000000000000000 00007eff201a2700
0x00007eff201a1f00:   0000000000000000 0000000000000000
0x00007eff201a1f10:   0000000000000000 0000000000000000
0x00007eff201a1f20:   0000000000000000 0000000000000000
0x00007eff201a1f30:   0000000000000000 0000000000000000
0x00007eff201a1f40:   0000000000000000 0000000000000000
0x00007eff201a1f50:   0000000000000000 0000000000000000
0x00007eff201a1f60:   0000000000000000 0000000000000000
0x00007eff201a1f70:   0000000000000000 0000000000000000
0x00007eff201a1f80:   0000000000000000 a41f012090dff2e2
0x00007eff201a1f90:   00007eff5c6e13f0 00007eff201a29c0
0x00007eff201a1fa0:   0000000000000000 0000000000000003
0x00007eff201a1fb0:   59e14114ad3ff2e2 59e1b9794c1ff2e2
0x00007eff201a1fc0:   0000000000000000 0000000000000000
0x00007eff201a1fd0:   0000000000000000 0000000000000000
0x00007eff201a1fe0:   0000000000000000 0000000000000000
0x00007eff201a1ff0:   0000000000000000 00007eff5bbf2cbd
0x00007eff201a2000:   0000000000000000 0000000000000000
0x00007eff201a2010:   0000000000000000 0000000000000000
0x00007eff201a2020:   0000000000000000 0000000000000000 

Instructions: (pc=0x00007eff213a6a30)
0x00007eff213a6a10:   
[error occurred during error reporting (printing registers, top of stack, instructions near pc), id 0x7]

Register to memory mapping:

RAX=0x0000000000000000 is an unknown value
RBX=0x00007eff201a1e40 is an unknown value
RCX=0x00007eff5c2d652d: __nanosleep+0x2d in /lib/x86_64-linux-gnu/libpthread.so.0 at 0x00007eff5c2c7000
RDX=0x0000000000000000 is an unknown value
RSP=0x00007eff201a1e30 is an unknown value
RBP=0x0000000000000770 is an unknown value
RSI=0x00007eff201a1e30 is an unknown value
RDI=0x0000000000000000 is an unknown value
R8 =0x00007eff54239cb0 is an unknown value
R9 =0x0000000000000001 is an unknown value
R10=0x0000000000000000 is an unknown value
R11=0x0000000000000000 is an unknown value
R12=0x0000000000000000 is an unknown value
R13=0x00007eff201a3010 is an unknown value
R14=0x0000000000000008 is an unknown value
R15=0x00007eff201a1e98 is an unknown value


Stack: [0x00007eff200a2000,0x00007eff201a3000],  sp=0x00007eff201a1e30,  free space=1023k
Native frames: (J=compiled Java code, j=interpreted, Vv=VM code, C=native code)

[error occurred during error reporting (printing native stack), id 0x7]


---------------  P R O C E S S  ---------------

VM state:not at safepoint (normal execution)

VM Mutex/Monitor currently owned by a thread: None

Heap
 PSYoungGen      total 36800K, used 15108K [0x00000007d6e00000, 0x00000007d9710000, 0x0000000800000000)
  eden space 31552K, 47% used [0x00000007d6e00000,0x00000007d7cc1018,0x00000007d8cd0000)
  from space 5248K, 0% used [0x00000007d91f0000,0x00000007d91f0000,0x00000007d9710000)
  to   space 5248K, 0% used [0x00000007d8cd0000,0x00000007d8cd0000,0x00000007d91f0000)
 PSOldGen        total 84224K, used 0K [0x0000000784a00000, 0x0000000789c40000, 0x00000007d6e00000)
  object space 84224K, 0% used [0x0000000784a00000,0x0000000784a00000,0x0000000789c40000)
 PSPermGen       total 21248K, used 10207K [0x000000077a400000, 0x000000077b8c0000, 0x0000000784a00000)
  object space 21248K, 48% used [0x000000077a400000,0x000000077adf7e48,0x000000077b8c0000)

Code Cache  [0x00007eff51000000, 0x00007eff51270000, 0x00007eff54000000)
 total_blobs=631 nmethods=180 adapters=406 free_code_cache=49508544 largest_free_block=6784

Dynamic libraries:
00400000-00409000 r-xp 00000000 08:06 1577371                            /usr/lib/jvm/java-6-openjdk-amd64/jre/bin/java
00608000-00609000 r--p 00008000 08:06 1577371                            /usr/lib/jvm/java-6-openjdk-amd64/jre/bin/java
00609000-0060a000 rw-p 00009000 08:06 1577371                            /usr/lib/jvm/java-6-openjdk-amd64/jre/bin/java
02461000-02482000 rw-p 00000000 00:00 0                                  [heap]
41011000-41013000 r-xs 00000000 08:06 396547                             /tmp/glghI0C1 (deleted)
4142a000-414c7000 rw-p 00000000 00:00 0 
77a400000-77b8c0000 rw-p 00000000 00:00 0 
77b8c0000-784a00000 rw-p 00000000 00:00 0 
784a00000-789c40000 rw-p 00000000 00:00 0 
789c40000-7d6e00000 rw-p 00000000 00:00 0 
7d6e00000-7d9710000 rw-p 00000000 00:00 0 
7d9710000-800000000 rw-p 00000000 00:00 0 
7efef4000000-7efef4021000 rw-p 00000000 00:00 0 
7efef4021000-7efef8000000 ---p 00000000 00:00 0 
7efefc000000-7efefc021000 rw-p 00000000 00:00 0 
7efefc021000-7eff00000000 ---p 00000000 00:00 0 
7eff00000000-7eff00da0000 rw-p 00000000 00:00 0 
7eff00da0000-7eff04000000 ---p 00000000 00:00 0 
7eff04000000-7eff04021000 rw-p 00000000 00:00 0 
7eff04021000-7eff08000000 ---p 00000000 00:00 0 
7eff0b0b7000-7eff0b4b7000 rw-s 1313a3000 00:05 11436                     /dev/nvidia0
7eff0b4b7000-7eff0b6b7000 rw-s 130860000 00:05 11436                     /dev/nvidia0
7eff0b6b7000-7eff0b8b7000 rw-s 1508a3000 00:05 11436                     /dev/nvidia0
7eff0b8b7000-7eff0bab7000 rw-s 133ac2000 00:05 11436                     /dev/nvidia0
7eff0bab7000-7eff0bcb7000 rw-s 150985000 00:05 11436                     /dev/nvidia0
7eff0bcb7000-7eff0bdb7000 rw-s 1da7a7000 00:05 11436                     /dev/nvidia0
7eff0bdb7000-7eff0bf3e000 rw-p 00000000 00:00 0 
7eff0bf3e000-7eff0bfb2000 rw-p 00000000 00:00 0 
7eff0bfff000-7eff10000000 rw-s 00000000 00:12 35263                      /run/shm/pulse-shm-2751975619
7eff10000000-7eff10021000 rw-p 00000000 00:00 0 
7eff10021000-7eff14000000 ---p 00000000 00:00 0 
7eff1403b000-7eff1403c000 rw-p 00000000 00:00 0 
7eff1403c000-7eff14040000 rw-s 150a65000 00:05 11436                     /dev/nvidia0
7eff14040000-7eff14060000 rw-s d00c0000 00:05 11436                      /dev/nvidia0
7eff14060000-7eff14064000 rw-s 13083e000 00:05 11436                     /dev/nvidia0
7eff14064000-7eff14065000 rw-s d7ee8000 00:05 11436                      /dev/nvidia0
7eff14065000-7eff140a5000 rw-s 150a63000 00:05 11436                     /dev/nvidia0
7eff140a5000-7eff140c5000 rw-s 1da6dd000 00:05 11436                     /dev/nvidia0
7eff140c5000-7eff15ad3000 r-xp 00000000 08:06 7611367                    /usr/lib/nvidia-experimental-310/libnvidia-glcore.so.310.14
7eff15ad3000-7eff15cd2000 ---p 01a0e000 08:06 7611367                    /usr/lib/nvidia-experimental-310/libnvidia-glcore.so.310.14
7eff15cd2000-7eff1659f000 rwxp 01a0d000 08:06 7611367                    /usr/lib/nvidia-experimental-310/libnvidia-glcore.so.310.14
7eff1659f000-7eff165b9000 rwxp 00000000 00:00 0 
7eff165b9000-7eff165bc000 r-xp 00000000 08:06 7611370                    /usr/lib/nvidia-experimental-310/tls/libnvidia-tls.so.310.14
7eff165bc000-7eff167bb000 ---p 00003000 08:06 7611370                    /usr/lib/nvidia-experimental-310/tls/libnvidia-tls.so.310.14
7eff167bb000-7eff167bc000 rw-p 00002000 08:06 7611370                    /usr/lib/nvidia-experimental-310/tls/libnvidia-tls.so.310.14
7eff167bc000-7eff1688a000 r-xp 00000000 08:06 7604143                    /usr/lib/nvidia-experimental-310/libGL.so.310.14
7eff1688a000-7eff16a89000 ---p 000ce000 08:06 7604143                    /usr/lib/nvidia-experimental-310/libGL.so.310.14
7eff16a89000-7eff16ac8000 rwxp 000cd000 08:06 7604143                    /usr/lib/nvidia-experimental-310/libGL.so.310.14
7eff16ac8000-7eff16ade000 rwxp 00000000 00:00 0 
7eff16ade000-7eff16ae1000 ---p 00000000 00:00 0 
7eff16ae1000-7eff16bdf000 rw-p 00000000 00:00 0 
7eff16bdf000-7eff16be2000 ---p 00000000 00:00 0 
7eff16be2000-7eff16ce0000 rw-p 00000000 00:00 0                          [stack:7539]
7eff16ce0000-7eff16ce1000 ---p 00000000 00:00 0 
7eff16ce1000-7eff174e1000 rw-p 00000000 00:00 0                          [stack:7537]
7eff174e1000-7eff174f9000 r-xp 00000000 08:06 2756166                    /lib/x86_64-linux-gnu/libresolv-2.15.so
7eff174f9000-7eff176f9000 ---p 00018000 08:06 2756166                    /lib/x86_64-linux-gnu/libresolv-2.15.so
7eff176f9000-7eff176fa000 r--p 00018000 08:06 2756166                    /lib/x86_64-linux-gnu/libresolv-2.15.so
7eff176fa000-7eff176fb000 rw-p 00019000 08:06 2756166                    /lib/x86_64-linux-gnu/libresolv-2.15.so
7eff176fb000-7eff176fd000 rw-p 00000000 00:00 0 
7eff176fd000-7eff17703000 r-xp 00000000 08:06 7610109                    /usr/lib/x86_64-linux-gnu/libogg.so.0.8.0
7eff17703000-7eff17902000 ---p 00006000 08:06 7610109                    /usr/lib/x86_64-linux-gnu/libogg.so.0.8.0
7eff17902000-7eff17903000 r--p 00005000 08:06 7610109                    /usr/lib/x86_64-linux-gnu/libogg.so.0.8.0
7eff17903000-7eff17904000 rw-p 00006000 08:06 7610109                    /usr/lib/x86_64-linux-gnu/libogg.so.0.8.0
7eff17904000-7eff1792f000 r-xp 00000000 08:06 7610315                    /usr/lib/x86_64-linux-gnu/libvorbis.so.0.4.5
7eff1792f000-7eff17b2f000 ---p 0002b000 08:06 7610315                    /usr/lib/x86_64-linux-gnu/libvorbis.so.0.4.5
7eff17b2f000-7eff17b30000 r--p 0002b000 08:06 7610315                    /usr/lib/x86_64-linux-gnu/libvorbis.so.0.4.5
7eff17b30000-7eff17b31000 rw-p 0002c000 08:06 7610315                    /usr/lib/x86_64-linux-gnu/libvorbis.so.0.4.5
7eff17b31000-7eff17de4000 r-xp 00000000 08:06 7610317                    /usr/lib/x86_64-linux-gnu/libvorbisenc.so.2.0.8
7eff17de4000-7eff17fe3000 ---p 002b3000 08:06 7610317                    /usr/lib/x86_64-linux-gnu/libvorbisenc.so.2.0.8
7eff17fe3000-7eff17fff000 r--p 002b2000 08:06 7610317                    /usr/lib/x86_64-linux-gnu/libvorbisenc.so.2.0.8
7eff17fff000-7eff18000000 rw-p 002ce000 08:06 7610317                    /usr/lib/x86_64-linux-gnu/libvorbisenc.so.2.0.8
7eff18000000-7eff18021000 rw-p 00000000 00:00 0 
7eff18021000-7eff1c000000 ---p 00000000 00:00 0 
7eff1c000000-7eff1c021000 rw-p 00000000 00:00 0 
7eff1c021000-7eff20000000 ---p 00000000 00:00 0 
7eff20000000-7eff20001000 rw-p 00000000 00:00 0 
7eff20001000-7eff20003000 rw-s 00000000 08:06 396547                     /tmp/glghI0C1 (deleted)
7eff20003000-7eff20004000 rw-s d7ee7000 00:05 11436                      /dev/nvidia0
7eff20004000-7eff20044000 rw-s 1c41ec000 00:05 11436                     /dev/nvidia0
7eff20064000-7eff200a2000 rw-p 00000000 00:00 0 
7eff200a2000-7eff200a3000 ---p 00000000 00:00 0 
7eff200a3000-7eff201cc000 rw-p 00000000 00:00 0                          [stack:7538]
7eff201cc000-7eff20216000 r-xp 00000000 08:06 7609514                    /usr/lib/x86_64-linux-gnu/libFLAC.so.8.2.0
7eff20216000-7eff20416000 ---p 0004a000 08:06 7609514                    /usr/lib/x86_64-linux-gnu/libFLAC.so.8.2.0
7eff20416000-7eff20417000 r--p 0004a000 08:06 7609514                    /usr/lib/x86_64-linux-gnu/libFLAC.so.8.2.0
7eff20417000-7eff20418000 rw-p 0004b000 08:06 7609514                    /usr/lib/x86_64-linux-gnu/libFLAC.so.8.2.0
7eff20418000-7eff2041d000 r-xp 00000000 08:06 7609662                    /usr/lib/x86_64-linux-gnu/libasyncns.so.0.3.1
7eff2041d000-7eff2061c000 ---p 00005000 08:06 7609662                    /usr/lib/x86_64-linux-gnu/libasyncns.so.0.3.1
7eff2061c000-7eff2061d000 r--p 00004000 08:06 7609662                    /usr/lib/x86_64-linux-gnu/libasyncns.so.0.3.1
7eff2061d000-7eff2061e000 rw-p 00005000 08:06 7609662                    /usr/lib/x86_64-linux-gnu/libasyncns.so.0.3.1
7eff2061e000-7eff2067d000 r-xp 00000000 08:06 7610226                    /usr/lib/x86_64-linux-gnu/libsndfile.so.1.0.25
7eff2067d000-7eff2087d000 ---p 0005f000 08:06 7610226                    /usr/lib/x86_64-linux-gnu/libsndfile.so.1.0.25
7eff2087d000-7eff2087f000 r--p 0005f000 08:06 7610226                    /usr/lib/x86_64-linux-gnu/libsndfile.so.1.0.25
7eff2087f000-7eff20880000 rw-p 00061000 08:06 7610226                    /usr/lib/x86_64-linux-gnu/libsndfile.so.1.0.25
7eff20880000-7eff20884000 rw-p 00000000 00:00 0 
7eff20884000-7eff2088c000 r-xp 00000000 08:06 2756195                    /lib/x86_64-linux-gnu/libwrap.so.0.7.6
7eff2088c000-7eff20a8c000 ---p 00008000 08:06 2756195                    /lib/x86_64-linux-gnu/libwrap.so.0.7.6
7eff20a8c000-7eff20a8d000 r--p 00008000 08:06 2756195                    /lib/x86_64-linux-gnu/libwrap.so.0.7.6
7eff20a8d000-7eff20a8e000 rw-p 00009000 08:06 2756195                    /lib/x86_64-linux-gnu/libwrap.so.0.7.6
7eff20a8e000-7eff20ad1000 r-xp 00000000 08:06 2756076                    /lib/x86_64-linux-gnu/libdbus-1.so.3.7.2
7eff20ad1000-7eff20cd0000 ---p 00043000 08:06 2756076                    /lib/x86_64-linux-gnu/libdbus-1.so.3.7.2
7eff20cd0000-7eff20cd1000 r--p 00042000 08:06 2756076                    /lib/x86_64-linux-gnu/libdbus-1.so.3.7.2
7eff20cd1000-7eff20cd2000 rw-p 00043000 08:06 2756076                    /lib/x86_64-linux-gnu/libdbus-1.so.3.7.2
7eff20cd2000-7eff20d2e000 r-xp 00000000 08:06 7997752                    /usr/lib/x86_64-linux-gnu/pulseaudio/libpulsecommon-2.1.so
7eff20d2e000-7eff20f2d000 ---p 0005c000 08:06 7997752                    /usr/lib/x86_64-linux-gnu/pulseaudio/libpulsecommon-2.1.so
7eff20f2d000-7eff20f2e000 r--p 0005b000 08:06 7997752                    /usr/lib/x86_64-linux-gnu/pulseaudio/libpulsecommon-2.1.so
7eff20f2e000-7eff20f2f000 rw-p 0005c000 08:06 7997752                    /usr/lib/x86_64-linux-gnu/pulseaudio/libpulsecommon-2.1.so
7eff20f2f000-7eff20f37000 r-xp 00000000 08:06 7610027                    /usr/lib/x86_64-linux-gnu/libjson.so.0.1.0
7eff20f37000-7eff21136000 ---p 00008000 08:06 7610027                    /usr/lib/x86_64-linux-gnu/libjson.so.0.1.0
7eff21136000-7eff21137000 r--p 00007000 08:06 7610027                    /usr/lib/x86_64-linux-gnu/libjson.so.0.1.0
7eff21137000-7eff21138000 rw-p 00008000 08:06 7610027                    /usr/lib/x86_64-linux-gnu/libjson.so.0.1.0
7eff21138000-7eff2117f000 r-xp 00000000 08:06 7610172                    /usr/lib/x86_64-linux-gnu/libpulse.so.0.14.3
7eff2117f000-7eff2137e000 ---p 00047000 08:06 7610172                    /usr/lib/x86_64-linux-gnu/libpulse.so.0.14.3
7eff2137e000-7eff2137f000 r--p 00046000 08:06 7610172                    /usr/lib/x86_64-linux-gnu/libpulse.so.0.14.3
7eff2137f000-7eff21380000 rw-p 00047000 08:06 7610172                    /usr/lib/x86_64-linux-gnu/libpulse.so.0.14.3
7eff21380000-7eff213d1000 r-xp 00000000 08:06 661751                     /tmp/libgdxjamiltron/1236974564/libopenal64.so
7eff213d1000-7eff215d1000 ---p 00051000 08:06 661751                     /tmp/libgdxjamiltron/1236974564/libopenal64.so
7eff215d1000-7eff215d3000 r--p 00051000 08:06 661751                     /tmp/libgdxjamiltron/1236974564/libopenal64.so
7eff215d3000-7eff215d4000 rw-p 00053000 08:06 661751                     /tmp/libgdxjamiltron/1236974564/libopenal64.so
7eff215d4000-7eff215d5000 rw-p 00000000 00:00 0 
7eff215d5000-7eff215d9000 r-xp 00000000 08:06 7609636                    /usr/lib/x86_64-linux-gnu/libXxf86vm.so.1.0.0
7eff215d9000-7eff217d9000 ---p 00004000 08:06 7609636                    /usr/lib/x86_64-linux-gnu/libXxf86vm.so.1.0.0
7eff217d9000-7eff217da000 r--p 00004000 08:06 7609636                    /usr/lib/x86_64-linux-gnu/libXxf86vm.so.1.0.0
7eff217da000-7eff217db000 rw-p 00005000 08:06 7609636                    /usr/lib/x86_64-linux-gnu/libXxf86vm.so.1.0.0
7eff217db000-7eff217e4000 r-xp 00000000 08:06 7609624                    /usr/lib/x86_64-linux-gnu/libXrandr.so.2.2.0
7eff217e4000-7eff219e3000 ---p 00009000 08:06 7609624                    /usr/lib/x86_64-linux-gnu/libXrandr.so.2.2.0
7eff219e3000-7eff219e4000 r--p 00008000 08:06 7609624                    /usr/lib/x86_64-linux-gnu/libXrandr.so.2.2.0
7eff219e4000-7eff219e5000 rw-p 00009000 08:06 7609624                    /usr/lib/x86_64-linux-gnu/libXrandr.so.2.2.0
7eff219e5000-7eff21a4f000 r-xp 00000000 08:06 661752                     /tmp/libgdxjamiltron/1236974564/liblwjgl64.so
7eff21a4f000-7eff21c4f000 ---p 0006a000 08:06 661752                     /tmp/libgdxjamiltron/1236974564/liblwjgl64.so
7eff21c4f000-7eff21c51000 r--p 0006a000 08:06 661752                     /tmp/libgdxjamiltron/1236974564/liblwjgl64.so
7eff21c51000-7eff21c52000 rw-p 0006c000 08:06 661752                     /tmp/libgdxjamiltron/1236974564/liblwjgl64.so
7eff21c52000-7eff21c53000 r-xp 00000000 08:06 1577367                    /usr/lib/jvm/java-6-openjdk-amd64/jre/lib/amd64/libjawt.so
7eff21c53000-7eff21e52000 ---p 00001000 08:06 1577367                    /usr/lib/jvm/java-6-openjdk-amd64/jre/lib/amd64/libjawt.so
7eff21e52000-7eff21e53000 r--p 00000000 08:06 1577367                    /usr/lib/jvm/java-6-openjdk-amd64/jre/lib/amd64/libjawt.so
7eff21e53000-7eff21e54000 rw-p 00001000 08:06 1577367                    /usr/lib/jvm/java-6-openjdk-amd64/jre/lib/amd64/libjawt.so
7eff21e54000-7eff21e57000 ---p 00000000 00:00 0 
7eff21e57000-7eff21f55000 rw-p 00000000 00:00 0                          [stack:7535]
7eff21f55000-7eff21f5a000 r-xp 00000000 08:06 7609608                    /usr/lib/x86_64-linux-gnu/libXfixes.so.3.1.0
7eff21f5a000-7eff22159000 ---p 00005000 08:06 7609608                    /usr/lib/x86_64-linux-gnu/libXfixes.so.3.1.0
7eff22159000-7eff2215a000 r--p 00004000 08:06 7609608                    /usr/lib/x86_64-linux-gnu/libXfixes.so.3.1.0
7eff2215a000-7eff2215b000 rw-p 00005000 08:06 7609608                    /usr/lib/x86_64-linux-gnu/libXfixes.so.3.1.0
7eff2215b000-7eff22164000 r-xp 00000000 08:06 7609600                    /usr/lib/x86_64-linux-gnu/libXcursor.so.1.0.2
7eff22164000-7eff22364000 ---p 00009000 08:06 7609600                    /usr/lib/x86_64-linux-gnu/libXcursor.so.1.0.2
7eff22364000-7eff22365000 r--p 00009000 08:06 7609600                    /usr/lib/x86_64-linux-gnu/libXcursor.so.1.0.2
7eff22365000-7eff22366000 rw-p 0000a000 08:06 7609600                    /usr/lib/x86_64-linux-gnu/libXcursor.so.1.0.2
7eff22366000-7eff22369000 ---p 00000000 00:00 0 
7eff22369000-7eff22467000 rw-p 00000000 00:00 0                          [stack:7534]
7eff22467000-7eff224fd000 r-xp 00000000 08:06 7609837                    /usr/lib/x86_64-linux-gnu/libfreetype.so.6.9.0
7eff224fd000-7eff226fc000 ---p 00096000 08:06 7609837                    /usr/lib/x86_64-linux-gnu/libfreetype.so.6.9.0
7eff226fc000-7eff22702000 r--p 00095000 08:06 7609837                    /usr/lib/x86_64-linux-gnu/libfreetype.so.6.9.0
7eff22702000-7eff22703000 rw-p 0009b000 08:06 7609837                    /usr/lib/x86_64-linux-gnu/libfreetype.so.6.9.0
7eff22703000-7eff2273d000 r-xp 00000000 08:06 1577352                    /usr/lib/jvm/java-6-openjdk-amd64/jre/lib/amd64/libfontmanager.so
7eff2273d000-7eff2293c000 ---p 0003a000 08:06 1577352                    /usr/lib/jvm/java-6-openjdk-amd64/jre/lib/amd64/libfontmanager.so
7eff2293c000-7eff2293e000 r--p 00039000 08:06 1577352                    /usr/lib/jvm/java-6-openjdk-amd64/jre/lib/amd64/libfontmanager.so
7eff2293e000-7eff2293f000 rw-p 0003b000 08:06 1577352                    /usr/lib/jvm/java-6-openjdk-amd64/jre/lib/amd64/libfontmanager.so
7eff2293f000-7eff22944000 r-xp 00000000 08:06 7609604                    /usr/lib/x86_64-linux-gnu/libXdmcp.so.6.0.0
7eff22944000-7eff22b43000 ---p 00005000 08:06 7609604                    /usr/lib/x86_64-linux-gnu/libXdmcp.so.6.0.0
7eff22b43000-7eff22b44000 r--p 00004000 08:06 7609604                    /usr/lib/x86_64-linux-gnu/libXdmcp.so.6.0.0
7eff22b44000-7eff22b45000 rw-p 00005000 08:06 7609604                    /usr/lib/x86_64-linux-gnu/libXdmcp.so.6.0.0
7eff22b45000-7eff22b47000 r-xp 00000000 08:06 7609593                    /usr/lib/x86_64-linux-gnu/libXau.so.6.0.0
7eff22b47000-7eff22d47000 ---p 00002000 08:06 7609593                    /usr/lib/x86_64-linux-gnu/libXau.so.6.0.0
7eff22d47000-7eff22d48000 r--p 00002000 08:06 7609593                    /usr/lib/x86_64-linux-gnu/libXau.so.6.0.0
7eff22d48000-7eff22d49000 rw-p 00003000 08:06 7609593                    /usr/lib/x86_64-linux-gnu/libXau.so.6.0.0
7eff22d49000-7eff22d66000 r-xp 00000000 08:06 7610346                    /usr/lib/x86_64-linux-gnu/libxcb.so.1.1.0
7eff22d66000-7eff22f65000 ---p 0001d000 08:06 7610346                    /usr/lib/x86_64-linux-gnu/libxcb.so.1.1.0
7eff22f65000-7eff22f66000 r--p 0001c000 08:06 7610346                    /usr/lib/x86_64-linux-gnu/libxcb.so.1.1.0
7eff22f66000-7eff22f67000 rw-p 0001d000 08:06 7610346                    /usr/lib/x86_64-linux-gnu/libxcb.so.1.1.0
7eff22f67000-7eff22f75000 r-xp 00000000 08:06 7609612                    /usr/lib/x86_64-linux-gnu/libXi.so.6.1.0
7eff22f75000-7eff23174000 ---p 0000e000 08:06 7609612                    /usr/lib/x86_64-linux-gnu/libXi.so.6.1.0
7eff23174000-7eff23175000 r--p 0000d000 08:06 7609612                    /usr/lib/x86_64-linux-gnu/libXi.so.6.1.0
7eff23175000-7eff23176000 rw-p 0000e000 08:06 7609612                    /usr/lib/x86_64-linux-gnu/libXi.so.6.1.0
7eff23176000-7eff2317b000 r-xp 00000000 08:06 7609630                    /usr/lib/x86_64-linux-gnu/libXtst.so.6.1.0
7eff2317b000-7eff2337a000 ---p 00005000 08:06 7609630                    /usr/lib/x86_64-linux-gnu/libXtst.so.6.1.0
7eff2337a000-7eff2337b000 r--p 00004000 08:06 7609630                    /usr/lib/x86_64-linux-gnu/libXtst.so.6.1.0
7eff2337b000-7eff2337c000 rw-p 00005000 08:06 7609630                    /usr/lib/x86_64-linux-gnu/libXtst.so.6.1.0
7eff2337c000-7eff23385000 r-xp 00000000 08:06 7609626                    /usr/lib/x86_64-linux-gnu/libXrender.so.1.3.0
7eff23385000-7eff23584000 ---p 00009000 08:06 7609626                    /usr/lib/x86_64-linux-gnu/libXrender.so.1.3.0
7eff23584000-7eff23585000 r--p 00008000 08:06 7609626                    /usr/lib/x86_64-linux-gnu/libXrender.so.1.3.0
7eff23585000-7eff23586000 rw-p 00009000 08:06 7609626                    /usr/lib/x86_64-linux-gnu/libXrender.so.1.3.0
7eff23586000-7eff236ba000 r-xp 00000000 08:06 7609589                    /usr/lib/x86_64-linux-gnu/libX11.so.6.3.0
7eff236ba000-7eff238ba000 ---p 00134000 08:06 7609589                    /usr/lib/x86_64-linux-gnu/libX11.so.6.3.0
7eff238ba000-7eff238bb000 r--p 00134000 08:06 7609589                    /usr/lib/x86_64-linux-gnu/libX11.so.6.3.0
7eff238bb000-7eff238c0000 rw-p 00135000 08:06 7609589                    /usr/lib/x86_64-linux-gnu/libX11.so.6.3.0
7eff238c0000-7eff238d0000 r-xp 00000000 08:06 7609606                    /usr/lib/x86_64-linux-gnu/libXext.so.6.4.0
7eff238d0000-7eff23ad0000 ---p 00010000 08:06 7609606                    /usr/lib/x86_64-linux-gnu/libXext.so.6.4.0
7eff23ad0000-7eff23ad1000 r--p 00010000 08:06 7609606                    /usr/lib/x86_64-linux-gnu/libXext.so.6.4.0
7eff23ad1000-7eff23ad2000 rw-p 00011000 08:06 7609606                    /usr/lib/x86_64-linux-gnu/libXext.so.6.4.0
7eff23ad2000-7eff23b1d000 r-xp 00000000 08:06 1577484                    /usr/lib/jvm/java-6-openjdk-amd64/jre/lib/amd64/xawt/libmawt.so
7eff23b1d000-7eff23d1d000 ---p 0004b000 08:06 1577484                    /usr/lib/jvm/java-6-openjdk-amd64/jre/lib/amd64/xawt/libmawt.so
7eff23d1d000-7eff23d1e000 r--p 0004b000 08:06 1577484                    /usr/lib/jvm/java-6-openjdk-amd64/jre/lib/amd64/xawt/libmawt.so
7eff23d1e000-7eff23d21000 rw-p 0004c000 08:06 1577484                    /usr/lib/jvm/java-6-openjdk-amd64/jre/lib/amd64/xawt/libmawt.so
7eff23d21000-7eff23d22000 rw-p 00000000 00:00 0 
7eff23d22000-7eff23dcf000 r-xp 00000000 08:06 1577355                    /usr/lib/jvm/java-6-openjdk-amd64/jre/lib/amd64/libawt.so
7eff23dcf000-7eff23fcf000 ---p 000ad000 08:06 1577355                    /usr/lib/jvm/java-6-openjdk-amd64/jre/lib/amd64/libawt.so
7eff23fcf000-7eff23fd0000 r--p 000ad000 08:06 1577355                    /usr/lib/jvm/java-6-openjdk-amd64/jre/lib/amd64/libawt.so
7eff23fd0000-7eff23fdb000 rw-p 000ae000 08:06 1577355                    /usr/lib/jvm/java-6-openjdk-amd64/jre/lib/amd64/libawt.so
7eff23fdb000-7eff24000000 rw-p 00000000 00:00 0 
7eff24000000-7eff242fd000 rw-p 00000000 00:00 0 
7eff242fd000-7eff28000000 ---p 00000000 00:00 0 
7eff28000000-7eff28021000 rw-p 00000000 00:00 0 
7eff28021000-7eff2c000000 ---p 00000000 00:00 0 
7eff2c000000-7eff2c021000 rw-p 00000000 00:00 0 
7eff2c021000-7eff30000000 ---p 00000000 00:00 0 
7eff30000000-7eff304c2000 rw-p 00000000 00:00 0 
7eff304c2000-7eff34000000 ---p 00000000 00:00 0 
7eff34000000-7eff34021000 rw-p 00000000 00:00 0 
7eff34021000-7eff38000000 ---p 00000000 00:00 0 
7eff38000000-7eff38021000 rw-p 00000000 00:00 0 
7eff38021000-7eff3c000000 ---p 00000000 00:00 0 
7eff3c000000-7eff3c021000 rw-p 00000000 00:00 0 
7eff3c021000-7eff40000000 ---p 00000000 00:00 0 
7eff40000000-7eff40021000 rw-p 00000000 00:00 0 
7eff40021000-7eff44000000 ---p 00000000 00:00 0 
7eff44000000-7eff44021000 rw-p 00000000 00:00 0 
7eff44021000-7eff48000000 ---p 00000000 00:00 0 
7eff48000000-7eff48021000 rw-p 00000000 00:00 0 
7eff48021000-7eff4c000000 ---p 00000000 00:00 0 
7eff4c000000-7eff4c021000 rw-p 00000000 00:00 0 
7eff4c021000-7eff50000000 ---p 00000000 00:00 0 
7eff50000000-7eff50001000 rw-s 1c4331000 00:05 11436                     /dev/nvidia0
7eff50001000-7eff50002000 rw-s fa642000 00:05 11436                      /dev/nvidia0
7eff50002000-7eff50003000 rw-s 21f4c2000 00:05 11436                     /dev/nvidia0
7eff50003000-7eff50004000 rw-s fa641000 00:05 11436                      /dev/nvidia0
7eff50004000-7eff50023000 rw-s 23237f000 00:05 11436                     /dev/nvidia0
7eff50023000-7eff5002a000 r--s 00000000 08:06 7997327                    /usr/lib/x86_64-linux-gnu/gconv/gconv-modules.cache
7eff5002a000-7eff5002b000 r--s 00000000 08:06 1704097                    /var/cache/fontconfig/c05880de57d1f5e948fdfacc138775d9-le64.cache-3
7eff5002b000-7eff50034000 r--s 00000000 08:06 1704089                    /var/cache/fontconfig/945677eb7aeaf62f1d50efc3fb3ec7d8-le64.cache-3
7eff50034000-7eff50036000 r--s 00000000 08:06 1704091                    /var/cache/fontconfig/99e8ed0e538f840c565b6ed5dad60d56-le64.cache-3
7eff50036000-7eff5003b000 r--s 00000000 08:06 1704074                    /var/cache/fontconfig/2cd17615ca594fa2959ae173292e504c-le64.cache-3
7eff5003b000-7eff5003c000 r--s 00000000 08:06 1704105                    /var/cache/fontconfig/e7071f4a29fa870f4323321c154eba04-le64.cache-3
7eff5003c000-7eff5003d000 r--s 00000000 08:06 1704071                    /var/cache/fontconfig/0d8c3b2ac0904cb8a57a757ad11a4a08-le64.cache-3
7eff5003d000-7eff50043000 r--s 00000000 08:06 1704093                    /var/cache/fontconfig/a755afe4a08bf5b97852ceb7400b47bc-le64.cache-3
7eff50043000-7eff5004c000 r--s 00000000 08:06 1712634                    /var/cache/fontconfig/6d41288fd70b0be22e8c3a91e032eec0-le64.cache-3
7eff5004c000-7eff5005c000 r--s 00000000 08:06 1704069                    /var/cache/fontconfig/04aabc0a78ac019cf9454389977116d2-le64.cache-3
7eff5005c000-7eff5005d000 r--s 00000000 08:06 1704073                    /var/cache/fontconfig/1ac9eb803944fde146138c791f5cc56a-le64.cache-3
7eff5005d000-7eff50060000 r--s 00000000 08:06 1704078                    /var/cache/fontconfig/385c0604a188198f04d133e54aba7fe7-le64.cache-3
7eff50060000-7eff50061000 r--s 00000000 08:06 1704103                    /var/cache/fontconfig/dc05db6664285cc2f12bf69c139ae4c3-le64.cache-3
7eff50061000-7eff50063000 r--s 00000000 08:06 1704086                    /var/cache/fontconfig/767a8244fc0220cfb567a839d0392e0b-le64.cache-3
7eff50063000-7eff50064000 r--s 00000000 08:06 1705340                    /var/cache/fontconfig/4794a0821666d79190d59a36cb4f44b5-le64.cache-3
7eff50064000-7eff50067000 r--s 00000000 08:06 1704088                    /var/cache/fontconfig/8801497958630a81b71ace7c5f9b32a8-le64.cache-3
7eff50067000-7eff5006c000 r--s 00000000 08:06 1704075                    /var/cache/fontconfig/3047814df9a2f067bd2d96a2b9c36e5a-le64.cache-3
7eff5006c000-7eff5006d000 r--s 00000000 08:06 1704081                    /var/cache/fontconfig/56cf4f4769d0f4abc89a4895d7bd3ae1-le64.cache-3
7eff5006d000-7eff5006e000 r--s 00000000 08:06 1704096                    /var/cache/fontconfig/b9d506c9ac06c20b433354fa67a72993-le64.cache-3
7eff5006e000-7eff50073000 r--s 00000000 08:06 1704095                    /var/cache/fontconfig/b47c4e1ecd0709278f4910c18777a504-le64.cache-3
7eff50073000-7eff50084000 r--s 00000000 08:06 1704101                    /var/cache/fontconfig/d52a8644073d54c13679302ca1180695-le64.cache-3
7eff50084000-7eff50085000 r--s 00000000 08:06 1704070                    /var/cache/fontconfig/0c9eb80ebd1c36541ebe2852d3bb0c49-le64.cache-3
7eff50085000-7eff50088000 r--s 00000000 08:06 1709485                    /var/cache/fontconfig/e13b20fdb08344e0e664864cc2ede53d-le64.cache-3
7eff50088000-7eff5008c000 r--s 00000000 08:06 1709483                    /var/cache/fontconfig/7ef2298fde41cc6eeb7af42e48b7d293-le64.cache-3
7eff5008c000-7eff5008d000 r--s 00000000 08:06 1704097                    /var/cache/fontconfig/c05880de57d1f5e948fdfacc138775d9-le64.cache-3
7eff5008d000-7eff50096000 r--s 00000000 08:06 1704089                    /var/cache/fontconfig/945677eb7aeaf62f1d50efc3fb3ec7d8-le64.cache-3
7eff50096000-7eff50098000 r--s 00000000 08:06 1704091                    /var/cache/fontconfig/99e8ed0e538f840c565b6ed5dad60d56-le64.cache-3
7eff50098000-7eff5009d000 r--s 00000000 08:06 1704074                    /var/cache/fontconfig/2cd17615ca594fa2959ae173292e504c-le64.cache-3
7eff5009d000-7eff5009e000 r--s 00000000 08:06 1704105                    /var/cache/fontconfig/e7071f4a29fa870f4323321c154eba04-le64.cache-3
7eff5009e000-7eff5009f000 r--s 00000000 08:06 1704071                    /var/cache/fontconfig/0d8c3b2ac0904cb8a57a757ad11a4a08-le64.cache-3
7eff5009f000-7eff500a5000 r--s 00000000 08:06 1704093                    /var/cache/fontconfig/a755afe4a08bf5b97852ceb7400b47bc-le64.cache-3
7eff500a5000-7eff500ae000 r--s 00000000 08:06 1712634                    /var/cache/fontconfig/6d41288fd70b0be22e8c3a91e032eec0-le64.cache-3
7eff500ae000-7eff50116000 r-xp 00000000 08:06 661750                     /tmp/libgdxjamiltron/1236974564/libgdx64.so
7eff50116000-7eff50315000 ---p 00068000 08:06 661750                     /tmp/libgdxjamiltron/1236974564/libgdx64.so
7eff50315000-7eff50317000 r--p 00067000 08:06 661750                     /tmp/libgdxjamiltron/1236974564/libgdx64.so
7eff50317000-7eff50318000 rw-p 00069000 08:06 661750                     /tmp/libgdxjamiltron/1236974564/libgdx64.so
7eff50318000-7eff50319000 rw-p 00000000 00:00 0 
7eff50319000-7eff5031a000 ---p 00000000 00:00 0 
7eff5031a000-7eff5041a000 rw-p 00000000 00:00 0                          [stack:7533]
7eff5041a000-7eff5041d000 ---p 00000000 00:00 0 
7eff5041d000-7eff5051b000 rw-p 00000000 00:00 0                          [stack:7532]
7eff5051b000-7eff5051e000 ---p 00000000 00:00 0 
7eff5051e000-7eff5061c000 rw-p 00000000 00:00 0                          [stack:7531]
7eff5061c000-7eff5061f000 ---p 00000000 00:00 0 
7eff5061f000-7eff5071d000 rw-p 00000000 00:00 0                          [stack:7530]
7eff5071d000-7eff50720000 ---p 00000000 00:00 0 
7eff50720000-7eff5081e000 rw-p 00000000 00:00 0                          [stack:7529]
7eff5081e000-7eff50eff000 r--p 00000000 08:06 7608746                    /usr/lib/locale/locale-archive
7eff50eff000-7eff50f02000 ---p 00000000 00:00 0 
7eff50f02000-7eff51000000 rw-p 00000000 00:00 0                          [stack:7528]
7eff51000000-7eff51270000 rwxp 00000000 00:00 0 
7eff51270000-7eff5429d000 rw-p 00000000 00:00 0 
7eff5429d000-7eff58000000 ---p 00000000 00:00 0 
7eff58000000-7eff58010000 r--s 00000000 08:06 1704069                    /var/cache/fontconfig/04aabc0a78ac019cf9454389977116d2-le64.cache-3
7eff58010000-7eff58011000 r--s 00000000 08:06 1704073                    /var/cache/fontconfig/1ac9eb803944fde146138c791f5cc56a-le64.cache-3
7eff58011000-7eff58014000 r--s 00000000 08:06 1704078                    /var/cache/fontconfig/385c0604a188198f04d133e54aba7fe7-le64.cache-3
7eff58014000-7eff58015000 r--s 00000000 08:06 1704103                    /var/cache/fontconfig/dc05db6664285cc2f12bf69c139ae4c3-le64.cache-3
7eff58015000-7eff58017000 r--s 00000000 08:06 1704086                    /var/cache/fontconfig/767a8244fc0220cfb567a839d0392e0b-le64.cache-3
7eff58017000-7eff58018000 r--s 00000000 08:06 1705340                    /var/cache/fontconfig/4794a0821666d79190d59a36cb4f44b5-le64.cache-3
7eff58018000-7eff5801b000 r--s 00000000 08:06 1704088                    /var/cache/fontconfig/8801497958630a81b71ace7c5f9b32a8-le64.cache-3
7eff5801b000-7eff58020000 r--s 00000000 08:06 1704075                    /var/cache/fontconfig/3047814df9a2f067bd2d96a2b9c36e5a-le64.cache-3
7eff58020000-7eff58021000 r--s 00000000 08:06 1704081                    /var/cache/fontconfig/56cf4f4769d0f4abc89a4895d7bd3ae1-le64.cache-3
7eff58021000-7eff58022000 r--s 00000000 08:06 1704096                    /var/cache/fontconfig/b9d506c9ac06c20b433354fa67a72993-le64.cache-3
7eff58022000-7eff58027000 r--s 00000000 08:06 1704095                    /var/cache/fontconfig/b47c4e1ecd0709278f4910c18777a504-le64.cache-3
7eff58027000-7eff58038000 r--s 00000000 08:06 1704101                    /var/cache/fontconfig/d52a8644073d54c13679302ca1180695-le64.cache-3
7eff58038000-7eff58039000 r--s 00000000 08:06 1704070                    /var/cache/fontconfig/0c9eb80ebd1c36541ebe2852d3bb0c49-le64.cache-3
7eff58039000-7eff5803c000 r--s 00000000 08:06 1709485                    /var/cache/fontconfig/e13b20fdb08344e0e664864cc2ede53d-le64.cache-3
7eff5803c000-7eff58043000 r--s 000fb000 08:06 1576771                    /usr/lib/jvm/java-6-openjdk-common/jre/lib/resources.jar
7eff58043000-7eff58057000 r--s 0014b000 08:06 6555398                    /home/jamiltron/Dropbox/workspace/java/homunculus/Homunculus-desktop/libs/gdx-backend-lwjgl.jar
7eff58057000-7eff5805a000 ---p 00000000 00:00 0 
7eff5805a000-7eff58158000 rw-p 00000000 00:00 0                          [stack:7527]
7eff58158000-7eff58159000 ---p 00000000 00:00 0 
7eff58159000-7eff58791000 rw-p 00000000 00:00 0                          [stack:7526]
7eff58791000-7eff58923000 r--s 037c2000 08:06 1577324                    /usr/lib/jvm/java-6-openjdk-amd64/jre/lib/rt.jar
7eff58923000-7eff5894b000 rw-p 00000000 00:00 0 
7eff5894b000-7eff5894c000 ---p 00000000 00:00 0 
7eff5894c000-7eff58a4c000 rw-p 00000000 00:00 0                          [stack:7525]
7eff58a4c000-7eff58a4d000 ---p 00000000 00:00 0 
7eff58a4d000-7eff58b4d000 rw-p 00000000 00:00 0                          [stack:7524]
7eff58b4d000-7eff58b4e000 ---p 00000000 00:00 0 
7eff58b4e000-7eff58c4e000 rw-p 00000000 00:00 0                          [stack:7523]
7eff58c4e000-7eff58c4f000 ---p 00000000 00:00 0 
7eff58c4f000-7eff58d5a000 rw-p 00000000 00:00 0                          [stack:7522]
7eff58d5a000-7eff58da2000 rw-p 00000000 00:00 0 
7eff58da2000-7eff58dcc000 rw-p 00000000 00:00 0 
7eff58dcc000-7eff59034000 rw-p 00000000 00:00 0 
7eff59034000-7eff5903f000 rw-p 00000000 00:00 0 
7eff5903f000-7eff59087000 rw-p 00000000 00:00 0 
7eff59087000-7eff590b1000 rw-p 00000000 00:00 0 
7eff590b1000-7eff59319000 rw-p 00000000 00:00 0 
7eff59319000-7eff5932e000 rw-p 00000000 00:00 0 
7eff5932e000-7eff59462000 rw-p 00000000 00:00 0 
7eff59462000-7eff59463000 rw-p 00000000 00:00 0 
7eff59463000-7eff5946a000 r-xp 00000000 08:06 1577369                    /usr/lib/jvm/java-6-openjdk-amd64/jre/lib/amd64/libzip.so
7eff5946a000-7eff59669000 ---p 00007000 08:06 1577369                    /usr/lib/jvm/java-6-openjdk-amd64/jre/lib/amd64/libzip.so
7eff59669000-7eff5966a000 r--p 00006000 08:06 1577369                    /usr/lib/jvm/java-6-openjdk-amd64/jre/lib/amd64/libzip.so
7eff5966a000-7eff5966b000 rw-p 00007000 08:06 1577369                    /usr/lib/jvm/java-6-openjdk-amd64/jre/lib/amd64/libzip.so
7eff5966b000-7eff59677000 r-xp 00000000 08:06 2756129                    /lib/x86_64-linux-gnu/libnss_files-2.15.so
7eff59677000-7eff59876000 ---p 0000c000 08:06 2756129                    /lib/x86_64-linux-gnu/libnss_files-2.15.so
7eff59876000-7eff59877000 r--p 0000b000 08:06 2756129                    /lib/x86_64-linux-gnu/libnss_files-2.15.so
7eff59877000-7eff59878000 rw-p 0000c000 08:06 2756129                    /lib/x86_64-linux-gnu/libnss_files-2.15.so
7eff59878000-7eff59882000 r-xp 00000000 08:06 2756133                    /lib/x86_64-linux-gnu/libnss_nis-2.15.so
7eff59882000-7eff59a82000 ---p 0000a000 08:06 2756133                    /lib/x86_64-linux-gnu/libnss_nis-2.15.so
7eff59a82000-7eff59a83000 r--p 0000a000 08:06 2756133                    /lib/x86_64-linux-gnu/libnss_nis-2.15.so
7eff59a83000-7eff59a84000 rw-p 0000b000 08:06 2756133                    /lib/x86_64-linux-gnu/libnss_nis-2.15.so
7eff59a84000-7eff59a9b000 r-xp 00000000 08:06 2756123                    /lib/x86_64-linux-gnu/libnsl-2.15.so
7eff59a9b000-7eff59c9a000 ---p 00017000 08:06 2756123                    /lib/x86_64-linux-gnu/libnsl-2.15.so
7eff59c9a000-7eff59c9b000 r--p 00016000 08:06 2756123                    /lib/x86_64-linux-gnu/libnsl-2.15.so
7eff59c9b000-7eff59c9c000 rw-p 00017000 08:06 2756123                    /lib/x86_64-linux-gnu/libnsl-2.15.so
7eff59c9c000-7eff59c9e000 rw-p 00000000 00:00 0 
7eff59c9e000-7eff59ca6000 r-xp 00000000 08:06 2756125                    /lib/x86_64-linux-gnu/libnss_compat-2.15.so
7eff59ca6000-7eff59ea5000 ---p 00008000 08:06 2756125                    /lib/x86_64-linux-gnu/libnss_compat-2.15.so
7eff59ea5000-7eff59ea6000 r--p 00007000 08:06 2756125                    /lib/x86_64-linux-gnu/libnss_compat-2.15.so
7eff59ea6000-7eff59ea7000 rw-p 00008000 08:06 2756125                    /lib/x86_64-linux-gnu/libnss_compat-2.15.so
7eff59ea7000-7eff59ed4000 r-xp 00000000 08:06 1577354                    /usr/lib/jvm/java-6-openjdk-amd64/jre/lib/amd64/libjava.so
7eff59ed4000-7eff5a0d4000 ---p 0002d000 08:06 1577354                    /usr/lib/jvm/java-6-openjdk-amd64/jre/lib/amd64/libjava.so
7eff5a0d4000-7eff5a0d5000 r--p 0002d000 08:06 1577354                    /usr/lib/jvm/java-6-openjdk-amd64/jre/lib/amd64/libjava.so
7eff5a0d5000-7eff5a0d8000 rw-p 0002e000 08:06 1577354                    /usr/lib/jvm/java-6-openjdk-amd64/jre/lib/amd64/libjava.so
7eff5a0d8000-7eff5a0e7000 r-xp 00000000 08:06 1577353                    /usr/lib/jvm/java-6-openjdk-amd64/jre/lib/amd64/libverify.so
7eff5a0e7000-7eff5a2e6000 ---p 0000f000 08:06 1577353                    /usr/lib/jvm/java-6-openjdk-amd64/jre/lib/amd64/libverify.so
7eff5a2e6000-7eff5a2e8000 r--p 0000e000 08:06 1577353                    /usr/lib/jvm/java-6-openjdk-amd64/jre/lib/amd64/libverify.so
7eff5a2e8000-7eff5a2e9000 rw-p 00010000 08:06 1577353                    /usr/lib/jvm/java-6-openjdk-amd64/jre/lib/amd64/libverify.so
7eff5a2e9000-7eff5a2f0000 r-xp 00000000 08:06 2756168                    /lib/x86_64-linux-gnu/librt-2.15.so
7eff5a2f0000-7eff5a4ef000 ---p 00007000 08:06 2756168                    /lib/x86_64-linux-gnu/librt-2.15.so
7eff5a4ef000-7eff5a4f0000 r--p 00006000 08:06 2756168                    /lib/x86_64-linux-gnu/librt-2.15.so
7eff5a4f0000-7eff5a4f1000 rw-p 00007000 08:06 2756168                    /lib/x86_64-linux-gnu/librt-2.15.so
7eff5a4f1000-7eff5a506000 r-xp 00000000 08:06 2756089                    /lib/x86_64-linux-gnu/libgcc_s.so.1
7eff5a506000-7eff5a705000 ---p 00015000 08:06 2756089                    /lib/x86_64-linux-gnu/libgcc_s.so.1
7eff5a705000-7eff5a706000 r--p 00014000 08:06 2756089                    /lib/x86_64-linux-gnu/libgcc_s.so.1
7eff5a706000-7eff5a707000 rw-p 00015000 08:06 2756089                    /lib/x86_64-linux-gnu/libgcc_s.so.1
7eff5a707000-7eff5a802000 r-xp 00000000 08:06 2756106                    /lib/x86_64-linux-gnu/libm-2.15.so
7eff5a802000-7eff5aa01000 ---p 000fb000 08:06 2756106                    /lib/x86_64-linux-gnu/libm-2.15.so
7eff5aa01000-7eff5aa02000 r--p 000fa000 08:06 2756106                    /lib/x86_64-linux-gnu/libm-2.15.so
7eff5aa02000-7eff5aa03000 rw-p 000fb000 08:06 2756106                    /lib/x86_64-linux-gnu/libm-2.15.so
7eff5aa03000-7eff5aae8000 r-xp 00000000 08:06 7610252                    /usr/lib/x86_64-linux-gnu/libstdc++.so.6.0.17
7eff5aae8000-7eff5ace7000 ---p 000e5000 08:06 7610252                    /usr/lib/x86_64-linux-gnu/libstdc++.so.6.0.17
7eff5ace7000-7eff5acef000 r--p 000e4000 08:06 7610252                    /usr/lib/x86_64-linux-gnu/libstdc++.so.6.0.17
7eff5acef000-7eff5acf1000 rw-p 000ec000 08:06 7610252                    /usr/lib/x86_64-linux-gnu/libstdc++.so.6.0.17
7eff5acf1000-7eff5ad06000 rw-p 00000000 00:00 0 
7eff5ad06000-7eff5b624000 r-xp 00000000 08:06 1577359                    /usr/lib/jvm/java-6-openjdk-amd64/jre/lib/amd64/server/libjvm.so
7eff5b624000-7eff5b824000 ---p 0091e000 08:06 1577359                    /usr/lib/jvm/java-6-openjdk-amd64/jre/lib/amd64/server/libjvm.so
7eff5b824000-7eff5b8a4000 r--p 0091e000 08:06 1577359                    /usr/lib/jvm/java-6-openjdk-amd64/jre/lib/amd64/server/libjvm.so
7eff5b8a4000-7eff5b8bf000 rw-p 0099e000 08:06 1577359                    /usr/lib/jvm/java-6-openjdk-amd64/jre/lib/amd64/server/libjvm.so
7eff5b8bf000-7eff5b8e8000 rw-p 00000000 00:00 0 
7eff5b8e8000-7eff5b8fe000 r-xp 00000000 08:06 2756198                    /lib/x86_64-linux-gnu/libz.so.1.2.7
7eff5b8fe000-7eff5bafd000 ---p 00016000 08:06 2756198                    /lib/x86_64-linux-gnu/libz.so.1.2.7
7eff5bafd000-7eff5bafe000 r--p 00015000 08:06 2756198                    /lib/x86_64-linux-gnu/libz.so.1.2.7
7eff5bafe000-7eff5baff000 rw-p 00016000 08:06 2756198                    /lib/x86_64-linux-gnu/libz.so.1.2.7
7eff5baff000-7eff5bcb4000 r-xp 00000000 08:06 2756064                    /lib/x86_64-linux-gnu/libc-2.15.so
7eff5bcb4000-7eff5beb3000 ---p 001b5000 08:06 2756064                    /lib/x86_64-linux-gnu/libc-2.15.so
7eff5beb3000-7eff5beb7000 r--p 001b4000 08:06 2756064                    /lib/x86_64-linux-gnu/libc-2.15.so
7eff5beb7000-7eff5beb9000 rw-p 001b8000 08:06 2756064                    /lib/x86_64-linux-gnu/libc-2.15.so
7eff5beb9000-7eff5bebe000 rw-p 00000000 00:00 0 
7eff5bebe000-7eff5bec0000 r-xp 00000000 08:06 2756079                    /lib/x86_64-linux-gnu/libdl-2.15.so
7eff5bec0000-7eff5c0c0000 ---p 00002000 08:06 2756079                    /lib/x86_64-linux-gnu/libdl-2.15.so
7eff5c0c0000-7eff5c0c1000 r--p 00002000 08:06 2756079                    /lib/x86_64-linux-gnu/libdl-2.15.so
7eff5c0c1000-7eff5c0c2000 rw-p 00003000 08:06 2756079                    /lib/x86_64-linux-gnu/libdl-2.15.so
7eff5c0c2000-7eff5c0c6000 r-xp 00000000 08:06 1577336                    /usr/lib/jvm/java-6-openjdk-amd64/jre/lib/amd64/jli/libjli.so
7eff5c0c6000-7eff5c2c5000 ---p 00004000 08:06 1577336                    /usr/lib/jvm/java-6-openjdk-amd64/jre/lib/amd64/jli/libjli.so
7eff5c2c5000-7eff5c2c6000 r--p 00003000 08:06 1577336                    /usr/lib/jvm/java-6-openjdk-amd64/jre/lib/amd64/jli/libjli.so
7eff5c2c6000-7eff5c2c7000 rw-p 00004000 08:06 1577336                    /usr/lib/jvm/java-6-openjdk-amd64/jre/lib/amd64/jli/libjli.so
7eff5c2c7000-7eff5c2df000 r-xp 00000000 08:06 2756160                    /lib/x86_64-linux-gnu/libpthread-2.15.so
7eff5c2df000-7eff5c4de000 ---p 00018000 08:06 2756160                    /lib/x86_64-linux-gnu/libpthread-2.15.so
7eff5c4de000-7eff5c4df000 r--p 00017000 08:06 2756160                    /lib/x86_64-linux-gnu/libpthread-2.15.so
7eff5c4df000-7eff5c4e0000 rw-p 00018000 08:06 2756160                    /lib/x86_64-linux-gnu/libpthread-2.15.so
7eff5c4e0000-7eff5c4e4000 rw-p 00000000 00:00 0 
7eff5c4e4000-7eff5c506000 r-xp 00000000 08:06 2756042                    /lib/x86_64-linux-gnu/ld-2.15.so
7eff5c506000-7eff5c507000 rw-s 233c53000 00:05 11436                     /dev/nvidia0
7eff5c507000-7eff5c508000 rw-s 1da4e1000 00:05 11436                     /dev/nvidia0
7eff5c508000-7eff5c50c000 r--s 00000000 08:06 1709483                    /var/cache/fontconfig/7ef2298fde41cc6eeb7af42e48b7d293-le64.cache-3
7eff5c50c000-7eff5c50d000 r--s 00162000 08:06 6555396                    /home/jamiltron/Dropbox/workspace/java/homunculus/Homunculus-desktop/libs/gdx-backend-lwjgl-natives.jar
7eff5c50d000-7eff5c511000 r--s 0007d000 08:06 1576737                    /usr/lib/jvm/java-6-openjdk-common/jre/lib/jsse.jar
7eff5c511000-7eff5c522000 r--s 000f4000 08:06 6555359                    /home/jamiltron/Dropbox/workspace/java/homunculus/Homunculus/libs/gdx.jar
7eff5c522000-7eff5c52c000 rw-p 00000000 00:00 0 
7eff5c52c000-7eff5c5e2000 rw-p 00000000 00:00 0 
7eff5c5e2000-7eff5c5e5000 ---p 00000000 00:00 0 
7eff5c5e5000-7eff5c6e8000 rw-p 00000000 00:00 0                          [stack:7521]
7eff5c6e8000-7eff5c6e9000 rw-s fa060000 00:05 11436                      /dev/nvidia0
7eff5c6e9000-7eff5c6ea000 r--s 0011a000 08:06 6555399                    /home/jamiltron/Dropbox/workspace/java/homunculus/Homunculus-desktop/libs/gdx-natives.jar
7eff5c6ea000-7eff5c6ed000 r--s 00077000 08:06 1576762                    /usr/lib/jvm/java-6-openjdk-common/jre/lib/ext/localedata.jar
7eff5c6ed000-7eff5c6ef000 r--s 00006000 08:06 8005394                    /usr/share/java/java-atk-wrapper.jar
7eff5c6ef000-7eff5c6f1000 r--s 0000f000 08:06 1576765                    /usr/lib/jvm/java-6-openjdk-common/jre/lib/ext/pulse-java.jar
7eff5c6f1000-7eff5c6f3000 r--s 00001000 08:06 1576764                    /usr/lib/jvm/java-6-openjdk-common/jre/lib/ext/dnsns.jar
7eff5c6f3000-7eff5c6f7000 r--s 00038000 08:06 1576761                    /usr/lib/jvm/java-6-openjdk-common/jre/lib/ext/sunpkcs11.jar
7eff5c6f7000-7eff5c6fa000 r--s 00031000 08:06 1576763                    /usr/lib/jvm/java-6-openjdk-common/jre/lib/ext/sunjce_provider.jar
7eff5c6fa000-7eff5c702000 rw-s 00000000 08:06 661744                     /tmp/hsperfdata_jamiltron/7516
7eff5c702000-7eff5c703000 rw-p 00000000 00:00 0 
7eff5c703000-7eff5c704000 r--p 00000000 00:00 0 
7eff5c704000-7eff5c706000 rw-p 00000000 00:00 0 
7eff5c706000-7eff5c707000 r--p 00022000 08:06 2756042                    /lib/x86_64-linux-gnu/ld-2.15.so
7eff5c707000-7eff5c709000 rw-p 00023000 08:06 2756042                    /lib/x86_64-linux-gnu/ld-2.15.so
7fff35bee000-7fff35c0f000 rw-p 00000000 00:00 0                          [stack]
7fff35cf2000-7fff35cf3000 r-xp 00000000 00:00 0                          [vdso]
ffffffffff600000-ffffffffff601000 r-xp 00000000 00:00 0                  [vsyscall]

VM Arguments:
jvm_args: -Dfile.encoding=UTF-8 
java_command: com.jamiltron.homunculus.Main
Launcher Type: SUN_STANDARD

Environment Variables:
PATH=/home/jamiltron/.cabal/bin:/home/jamiltron/bin:/usr/lib/lightdm/lightdm:/usr/local/sbin:/usr/local/bin:/usr/sbin:/usr/bin:/sbin:/bin:/usr/games:/usr/local/games
LD_LIBRARY_PATH=/usr/lib/jvm/java-6-openjdk-amd64/jre/lib/amd64/server:/usr/lib/jvm/java-6-openjdk-amd64/jre/lib/amd64:/usr/lib/jvm/java-6-openjdk-amd64/jre/../lib/amd64
SHELL=/bin/zsh
DISPLAY=:0

Signal Handlers:
SIGSEGV: [libjvm.so+0x7987f0], sa_mask[0]=0x7ffbfeff, sa_flags=0x10000004
SIGBUS: [libjvm.so+0x7987f0], sa_mask[0]=0x7ffbfeff, sa_flags=0x10000004
SIGFPE: [libjvm.so+0x65f690], sa_mask[0]=0x7ffbfeff, sa_flags=0x10000004
SIGPIPE: [libjvm.so+0x65f690], sa_mask[0]=0x7ffbfeff, sa_flags=0x10000004
SIGXFSZ: [libjvm.so+0x65f690], sa_mask[0]=0x7ffbfeff, sa_flags=0x10000004
SIGILL: [libjvm.so+0x65f690], sa_mask[0]=0x7ffbfeff, sa_flags=0x10000004
SIGUSR1: SIG_DFL, sa_mask[0]=0x00000000, sa_flags=0x00000000
SIGUSR2: [libjvm.so+0x65f850], sa_mask[0]=0x00000004, sa_flags=0x10000004
SIGHUP: [libjvm.so+0x6621b0], sa_mask[0]=0x7ffbfeff, sa_flags=0x10000004
SIGINT: [libjvm.so+0x6621b0], sa_mask[0]=0x7ffbfeff, sa_flags=0x10000004
SIGTERM: [libjvm.so+0x6621b0], sa_mask[0]=0x7ffbfeff, sa_flags=0x10000004
SIGQUIT: [libjvm.so+0x6621b0], sa_mask[0]=0x7ffbfeff, sa_flags=0x10000004


---------------  S Y S T E M  ---------------

OS:Ubuntu 12.10 (quantal)
uname:Linux 3.5.0-19-generic #30-Ubuntu SMP Tue Nov 13 17:48:01 UTC 2012 x86_64
libc:glibc 2.15 NPTL 2.15 
rlimit: STACK 8192k, CORE 0k, NPROC 62992, NOFILE 4096, AS infinity
load average:0.57 0.41 0.45

/proc/meminfo:
MemTotal:        8081396 kB
MemFree:         3451116 kB
Buffers:          244516 kB
Cached:          1546788 kB
SwapCached:            0 kB
Active:          3067428 kB
Inactive:        1166348 kB
Active(anon):    2451700 kB
Inactive(anon):     6576 kB
Active(file):     615728 kB
Inactive(file):  1159772 kB
Unevictable:       33736 kB
Mlocked:           33748 kB
SwapTotal:       8290300 kB
SwapFree:        8290300 kB
Dirty:               456 kB
Writeback:           256 kB
AnonPages:       2476552 kB
Mapped:           236924 kB
Shmem:              7680 kB
Slab:             187224 kB
SReclaimable:     153900 kB
SUnreclaim:        33324 kB
KernelStack:        4232 kB
PageTables:        38276 kB
NFS_Unstable:          0 kB
Bounce:                0 kB
WritebackTmp:          0 kB
CommitLimit:    12330996 kB
Committed_AS:    5823288 kB
VmallocTotal:   34359738367 kB
VmallocUsed:      402284 kB
VmallocChunk:   34359331964 kB
HardwareCorrupted:     0 kB
AnonHugePages:         0 kB
HugePages_Total:       0
HugePages_Free:        0
HugePages_Rsvd:        0
HugePages_Surp:        0
Hugepagesize:       2048 kB
DirectMap4k:      159744 kB
DirectMap2M:     7096320 kB


CPU:total 4 (4 cores per cpu, 1 threads per core) family 6 model 42 stepping 7, cmov, cx8, fxsr, mmx, sse, sse2, sse3, ssse3, sse4.1, sse4.2, popcnt

Memory: 4k page, physical 8081396k(3451116k free), swap 8290300k(8290300k free)

vm_info: OpenJDK 64-Bit Server VM (20.0-b12) for linux-amd64 JRE (1.6.0_24-b24), built on Oct 24 2012 15:46:19 by "buildd" with gcc 4.7.2

time: Thu Dec 13 12:32:26 2012
elapsed time: 90 seconds

