#
# A fatal error has been detected by the Java Runtime Environment:
#
#  SIGBUS (0x7) at pc=0x00007f85b89d6a30, pid=7431, tid=140212198037248
#
# JRE version: 6.0_24-b24
# Java VM: OpenJDK 64-Bit Server VM (20.0-b12 mixed mode linux-amd64 compressed oops)
# Derivative: IcedTea6 1.11.5
# Distribution: Ubuntu 12.10, package 6b24-1.11.5-0ubuntu1~12.10.1
# Problematic frame:
# 
[error occurred during error reporting (printing problematic frame), id 0x7]

# If you would like to submit a bug report, please include
# instructions how to reproduce the bug and visit:
#   https://bugs.launchpad.net/ubuntu/+source/openjdk-6/
#

---------------  T H R E A D  ---------------

Current thread is native thread

siginfo:si_signo=SIGBUS: si_errno=0, si_code=2 (BUS_ADRERR), si_addr=0x00007f85b89d6a30

Registers:
RAX=0x0000000000000000, RBX=0x00007f85b241ce40, RCX=0x00007f85cb93652d, RDX=0x0000000000000000
RSP=0x00007f85b241ce30, RBP=0x0000000000001df8, RSI=0x00007f85b241ce30, RDI=0x0000000000000000
R8 =0x00007f85c4261ca0, R9 =0x0000000000000001, R10=0x0000000000000000, R11=0x0000000000000000
R12=0x0000000000000000, R13=0x00007f85b95c3010, R14=0x0000000000000008, R15=0x00007f85b241ce98
RIP=0x00007f85b89d6a30, EFLAGS=0x0000000000010217, CSGSFS=0x0000000000000033, ERR=0x0000000000000014
  TRAPNO=0x000000000000000e

Top of Stack: (sp=0x00007f85b241ce30)
0x00007f85b241ce30:   00007f85c4261b60 00007f85b83407be
0x00007f85b241ce40:   0000000000000000 00000000000f4240
0x00007f85b241ce50:   00007f85b95c3010 00007f85c4261ae0
0x00007f85b241ce60:   0000000000001df8 00007f85b89e329b
0x00007f85b241ce70:   0000000000000000 00007f85b241ce90
0x00007f85b241ce80:   00000000000022d0 0000000000006870
0x00007f85b241ce90:   00007f857809f040 00000000000022d0
0x00007f85b241cea0:   0000000000000000 00007f85c42664e0
0x00007f85b241ceb0:   0000000000000000 00007f85cbd403f0
0x00007f85b241cec0:   00007f85b241d9c0 0000000000000000
0x00007f85b241ced0:   0000000000000003 00007f85b89d5d2a
0x00007f85b241cee0:   0000000000000000 00007f85cb92ee9a
0x00007f85b241cef0:   0000000000000000 00007f85b241d700
0x00007f85b241cf00:   0000000000000000 0000000000000000
0x00007f85b241cf10:   0000000000000000 0000000000000000
0x00007f85b241cf20:   0000000000000000 0000000000000000
0x00007f85b241cf30:   0000000000000000 0000000000000000
0x00007f85b241cf40:   0000000000000000 0000000000000000
0x00007f85b241cf50:   0000000000000000 0000000000000000
0x00007f85b241cf60:   0000000000000000 0000000000000000
0x00007f85b241cf70:   0000000000000000 0000000000000000
0x00007f85b241cf80:   0000000000000000 d91215a72247a687
0x00007f85b241cf90:   00007f85cbd403f0 00007f85b241d9c0
0x00007f85b241cfa0:   0000000000000000 0000000000000003
0x00007f85b241cfb0:   26197124bfa7a687 26198282fe87a687
0x00007f85b241cfc0:   0000000000000000 0000000000000000
0x00007f85b241cfd0:   0000000000000000 0000000000000000
0x00007f85b241cfe0:   0000000000000000 0000000000000000
0x00007f85b241cff0:   0000000000000000 00007f85cb252cbd
0x00007f85b241d000:   0000000000000000 0000000000000000
0x00007f85b241d010:   0000000000000000 0000000000000000
0x00007f85b241d020:   0000000000000000 0000000000000000 

Instructions: (pc=0x00007f85b89d6a30)
0x00007f85b89d6a10:   75 23 48 8b 04 24 48 89 44 24 10 48 8b 44 24 08
0x00007f85b89d6a20:   48 89 44 24 18 48 89 e6 48 89 df e8 c8 0c fe ff
0x00007f85b89d6a30:   83 f8 ff 74 d3 48 83 c4 28 5b 5d c3 0f 1f 40 00
0x00007f85b89d6a40:   53 48 83 ec 10 83 3d 18 d3 22 00 00 7e 4a 48 89 

Register to memory mapping:

RAX=0x0000000000000000 is an unknown value
RBX=0x00007f85b241ce40 is an unknown value
RCX=0x00007f85cb93652d: __nanosleep+0x2d in /lib/x86_64-linux-gnu/libpthread.so.0 at 0x00007f85cb927000
RDX=0x0000000000000000 is an unknown value
RSP=0x00007f85b241ce30 is an unknown value
RBP=0x0000000000001df8 is an unknown value
RSI=0x00007f85b241ce30 is an unknown value
RDI=0x0000000000000000 is an unknown value
R8 =0x00007f85c4261ca0 is an unknown value
R9 =0x0000000000000001 is an unknown value
R10=0x0000000000000000 is an unknown value
R11=0x0000000000000000 is an unknown value
R12=0x0000000000000000 is an unknown value
R13=0x00007f85b95c3010 is an unknown value
R14=0x0000000000000008 is an unknown value
R15=0x00007f85b241ce98 is an unknown value


Stack: [0x00007f85b231d000,0x00007f85b241e000],  sp=0x00007f85b241ce30,  free space=1023k
Native frames: (J=compiled Java code, j=interpreted, Vv=VM code, C=native code)
