#
# A fatal error has been detected by the Java Runtime Environment:
#
#  SIGBUS (0x7) at pc=0x00007f69fa12ba30, pid=5849, tid=140093113440000
#
# JRE version: 6.0_24-b24
# Java VM: OpenJDK 64-Bit Server VM (20.0-b12 mixed mode linux-amd64 compressed oops)
# Derivative: IcedTea6 1.11.5
# Distribution: Ubuntu 12.10, package 6b24-1.11.5-0ubuntu1~12.10.1
# Problematic frame:
# 
[error occurred during error reporting (printing problematic frame), id 0x7]

# If you would like to submit a bug report, please include
# instructions how to reproduce the bug and visit:
#   https://bugs.launchpad.net/ubuntu/+source/openjdk-6/
#

---------------  T H R E A D  ---------------

Current thread is native thread

siginfo:si_signo=SIGBUS: si_errno=0, si_code=2 (BUS_ADRERR), si_addr=0x00007f69fa12ba30

Registers:
RAX=0x0000000000000000, RBX=0x00007f69f8430e40, RCX=0x00007f6a0d0bc52d, RDX=0x0000000000000000
RSP=0x00007f69f8430e30, RBP=0x0000000000000ef0, RSI=0x00007f69f8430e30, RDI=0x0000000000000000
R8 =0x00007f6a04241870, R9 =0x0000000000000001, R10=0x0000000000000000, R11=0x0000000000000000
R12=0x0000000000000000, R13=0x00007f6a0005d010, R14=0x0000000000000008, R15=0x00007f69f8430e98
RIP=0x00007f69fa12ba30, EFLAGS=0x0000000000010217, CSGSFS=0x0000000000000033, ERR=0x0000000000000014
  TRAPNO=0x000000000000000e

Top of Stack: (sp=0x00007f69f8430e30)
0x00007f69f8430e30:   00007f6a04243550 00007f69f9a957be
0x00007f69f8430e40:   0000000000000000 00000000000f4240
0x00007f69f8430e50:   00007f6a0005d010 00007f6a04243400
0x00007f69f8430e60:   0000000000000ef0 00007f69fa13829b
0x00007f69f8430e70:   0000000000000000 00007f69f8430e90
0x00007f69f8430e80:   00000000000022d0 0000000000006870
0x00007f69f8430e90:   00007f69b80af040 00000000000045a0
0x00007f69f8430ea0:   0000000000000000 00007f6a04246140
0x00007f69f8430eb0:   0000000000000000 00007f6a0d4c73f0
0x00007f69f8430ec0:   00007f69f84319c0 0000000000000000
0x00007f69f8430ed0:   0000000000000003 00007f69fa12ad2a
0x00007f69f8430ee0:   0000000000000000 00007f6a0d0b4e9a
0x00007f69f8430ef0:   0000000000000000 00007f69f8431700
0x00007f69f8430f00:   0000000000000000 0000000000000000
0x00007f69f8430f10:   0000000000000000 0000000000000000
0x00007f69f8430f20:   0000000000000000 0000000000000000
0x00007f69f8430f30:   0000000000000000 0000000000000000
0x00007f69f8430f40:   0000000000000000 0000000000000000
0x00007f69f8430f50:   0000000000000000 0000000000000000
0x00007f69f8430f60:   0000000000000000 0000000000000000
0x00007f69f8430f70:   0000000000000000 0000000000000000
0x00007f69f8430f80:   0000000000000000 2e5b2741b163156c
0x00007f69f8430f90:   00007f6a0d4c73f0 00007f69f84319c0
0x00007f69f8430fa0:   0000000000000000 0000000000000003
0x00007f69f8430fb0:   d088d7c7ac83156c d08f3d572da3156c
0x00007f69f8430fc0:   0000000000000000 0000000000000000
0x00007f69f8430fd0:   0000000000000000 0000000000000000
0x00007f69f8430fe0:   0000000000000000 0000000000000000
0x00007f69f8430ff0:   0000000000000000 00007f6a0c9d8cbd
0x00007f69f8431000:   0000000000000000 0000000000000000
0x00007f69f8431010:   0000000000000000 0000000000000000
0x00007f69f8431020:   0000000000000000 0000000000000000 

Instructions: (pc=0x00007f69fa12ba30)
0x00007f69fa12ba10:   75 23 48 8b 04 24 48 89 44 24 10 48 8b 44 24 08
0x00007f69fa12ba20:   48 89 44 24 18 48 89 e6 48 89 df e8 c8 0c fe ff
0x00007f69fa12ba30:   83 f8 ff 74 d3 48 83 c4 28 5b 5d c3 0f 1f 40 00
0x00007f69fa12ba40:   53 48 83 ec 10 83 3d 18 d3 22 00 00 7e 4a 48 89 

Register to memory mapping:

RAX=0x0000000000000000 is an unknown value
RBX=0x00007f69f8430e40 is an unknown value
RCX=0x00007f6a0d0bc52d: __nanosleep+0x2d in /lib/x86_64-linux-gnu/libpthread.so.0 at 0x00007f6a0d0ad000
RDX=0x0000000000000000 is an unknown value
RSP=0x00007f69f8430e30 is an unknown value
RBP=0x0000000000000ef0 is an unknown value
RSI=0x00007f69f8430e30 is an unknown value
RDI=0x0000000000000000 is an unknown value
R8 =0x00007f6a04241870 is an unknown value
R9 =0x0000000000000001 is an unknown value
R10=0x0000000000000000 is an unknown value
R11=0x0000000000000000 is an unknown value
R12=0x0000000000000000 is an unknown value
R13=0x00007f6a0005d010 is an unknown value
R14=0x0000000000000008 is an unknown value
R15=0x00007f69f8430e98 is an unknown value


Stack: [0x00007f69f8331000,0x00007f69f8432000],  sp=0x00007f69f8430e30,  free space=1023k
Native frames: (J=compiled Java code, j=interpreted, Vv=VM code, C=native code)

[error occurred during error reporting (printing native stack), id 0x7]


---------------  P R O C E S S  ---------------

VM state:not at safepoint (normal execution)

VM Mutex/Monitor currently owned by a thread: None

Heap
 PSYoungGen      total 36800K, used 23368K [0x00000007d6e00000, 0x00000007d9710000, 0x0000000800000000)
  eden space 31552K, 74% used [0x00000007d6e00000,0x00000007d84d2158,0x00000007d8cd0000)
  from space 5248K, 0% used [0x00000007d91f0000,0x00000007d91f0000,0x00000007d9710000)
  to   space 5248K, 0% used [0x00000007d8cd0000,0x00000007d8cd0000,0x00000007d91f0000)
 PSOldGen        total 84224K, used 0K [0x0000000784a00000, 0x0000000789c40000, 0x00000007d6e00000)
  object space 84224K, 0% used [0x0000000784a00000,0x0000000784a00000,0x0000000789c40000)
 PSPermGen       total 21248K, used 10230K [0x000000077a400000, 0x000000077b8c0000, 0x0000000784a00000)
  object space 21248K, 48% used [0x000000077a400000,0x000000077adfda00,0x000000077b8c0000)

Code Cache  [0x00007f6a01000000, 0x00007f6a01270000, 0x00007f6a04000000)
 total_blobs=656 nmethods=204 adapters=406 free_code_cache=49474304 largest_free_block=6656

Dynamic libraries:
00400000-00409000 r-xp 00000000 08:06 1577371                            /usr/lib/jvm/java-6-openjdk-amd64/jre/bin/java
00608000-00609000 r--p 00008000 08:06 1577371                            /usr/lib/jvm/java-6-openjdk-amd64/jre/bin/java
00609000-0060a000 rw-p 00009000 08:06 1577371                            /usr/lib/jvm/java-6-openjdk-amd64/jre/bin/java
0200a000-0202b000 rw-p 00000000 00:00 0                                  [heap]
4044d000-4044f000 r-xs 00000000 08:06 393227                             /tmp/glaYv1sa (deleted)
41b3d000-41bda000 rw-p 00000000 00:00 0 
77a400000-77b8c0000 rw-p 00000000 00:00 0 
77b8c0000-784a00000 rw-p 00000000 00:00 0 
784a00000-789c40000 rw-p 00000000 00:00 0 
789c40000-7d6e00000 rw-p 00000000 00:00 0 
7d6e00000-7d9710000 rw-p 00000000 00:00 0 
7d9710000-800000000 rw-p 00000000 00:00 0 
7f69a0000000-7f69a0021000 rw-p 00000000 00:00 0 
7f69a0021000-7f69a4000000 ---p 00000000 00:00 0 
7f69a8000000-7f69a8021000 rw-p 00000000 00:00 0 
7f69a8021000-7f69ac000000 ---p 00000000 00:00 0 
7f69ac000000-7f69acda1000 rw-p 00000000 00:00 0 
7f69acda1000-7f69b0000000 ---p 00000000 00:00 0 
7f69b0000000-7f69b0021000 rw-p 00000000 00:00 0 
7f69b0021000-7f69b4000000 ---p 00000000 00:00 0 
7f69b7fff000-7f69bc000000 rw-s 00000000 00:12 58914                      /run/shm/pulse-shm-1725504420
7f69bc000000-7f69bc021000 rw-p 00000000 00:00 0 
7f69bc021000-7f69c0000000 ---p 00000000 00:00 0 
7f69c0000000-7f69c0021000 rw-p 00000000 00:00 0 
7f69c0021000-7f69c4000000 ---p 00000000 00:00 0 
7f69c4000000-7f69c4021000 rw-p 00000000 00:00 0 
7f69c4021000-7f69c8000000 ---p 00000000 00:00 0 
7f69c8000000-7f69c8021000 rw-p 00000000 00:00 0 
7f69c8021000-7f69cc000000 ---p 00000000 00:00 0 
7f69cc000000-7f69cc2a2000 rw-p 00000000 00:00 0 
7f69cc2a2000-7f69d0000000 ---p 00000000 00:00 0 
7f69d0000000-7f69d0548000 rw-p 00000000 00:00 0 
7f69d0548000-7f69d4000000 ---p 00000000 00:00 0 
7f69d4000000-7f69d4021000 rw-p 00000000 00:00 0 
7f69d4021000-7f69d8000000 ---p 00000000 00:00 0 
7f69d8000000-7f69d8021000 rw-p 00000000 00:00 0 
7f69d8021000-7f69dc000000 ---p 00000000 00:00 0 
7f69dc000000-7f69dc021000 rw-p 00000000 00:00 0 
7f69dc021000-7f69e0000000 ---p 00000000 00:00 0 
7f69e0000000-7f69e0021000 rw-p 00000000 00:00 0 
7f69e0021000-7f69e4000000 ---p 00000000 00:00 0 
7f69e4000000-7f69e4021000 rw-p 00000000 00:00 0 
7f69e4021000-7f69e8000000 ---p 00000000 00:00 0 
7f69ec000000-7f69ec021000 rw-p 00000000 00:00 0 
7f69ec021000-7f69f0000000 ---p 00000000 00:00 0 
7f69f031f000-7f69f051f000 rw-s 138ec4000 00:05 8902                      /dev/nvidia0
7f69f051f000-7f69f071f000 rw-s 138c9f000 00:05 8902                      /dev/nvidia0
7f69f071f000-7f69f091f000 rw-s 149e95000 00:05 8902                      /dev/nvidia0
7f69f091f000-7f69f0b1f000 rw-s 150f11000 00:05 8902                      /dev/nvidia0
7f69f0b1f000-7f69f0c1f000 rw-s 149dbe000 00:05 8902                      /dev/nvidia0
7f69f0c1f000-7f69f0c5f000 rw-s 164ac7000 00:05 8902                      /dev/nvidia0
7f69f0c5f000-7f69f0de6000 rw-p 00000000 00:00 0 
7f69f0de6000-7f69f27f4000 r-xp 00000000 08:06 7611367                    /usr/lib/nvidia-experimental-310/libnvidia-glcore.so.310.14
7f69f27f4000-7f69f29f3000 ---p 01a0e000 08:06 7611367                    /usr/lib/nvidia-experimental-310/libnvidia-glcore.so.310.14
7f69f29f3000-7f69f32c0000 rwxp 01a0d000 08:06 7611367                    /usr/lib/nvidia-experimental-310/libnvidia-glcore.so.310.14
7f69f32c0000-7f69f32da000 rwxp 00000000 00:00 0 
7f69f32da000-7f69f32dd000 r-xp 00000000 08:06 7611370                    /usr/lib/nvidia-experimental-310/tls/libnvidia-tls.so.310.14
7f69f32dd000-7f69f34dc000 ---p 00003000 08:06 7611370                    /usr/lib/nvidia-experimental-310/tls/libnvidia-tls.so.310.14
7f69f34dc000-7f69f34dd000 rw-p 00002000 08:06 7611370                    /usr/lib/nvidia-experimental-310/tls/libnvidia-tls.so.310.14
7f69f34dd000-7f69f35ab000 r-xp 00000000 08:06 7604143                    /usr/lib/nvidia-experimental-310/libGL.so.310.14
7f69f35ab000-7f69f37aa000 ---p 000ce000 08:06 7604143                    /usr/lib/nvidia-experimental-310/libGL.so.310.14
7f69f37aa000-7f69f37e9000 rwxp 000cd000 08:06 7604143                    /usr/lib/nvidia-experimental-310/libGL.so.310.14
7f69f37e9000-7f69f37ff000 rwxp 00000000 00:00 0 
7f69f37ff000-7f69f3800000 ---p 00000000 00:00 0 
7f69f3800000-7f69f4000000 rw-p 00000000 00:00 0                          [stack:5870]
7f69f4000000-7f69f4021000 rw-p 00000000 00:00 0 
7f69f4021000-7f69f8000000 ---p 00000000 00:00 0 
7f69f8000000-7f69f8004000 rw-s 150f42000 00:05 8902                      /dev/nvidia0
7f69f8004000-7f69f8024000 rw-s d00c0000 00:05 8902                       /dev/nvidia0
7f69f8024000-7f69f8098000 rw-p 00000000 00:00 0 
7f69f809f000-7f69f80a1000 rw-p 00000000 00:00 0 
7f69f80a1000-7f69f80a3000 rw-s 00000000 08:06 393227                     /tmp/glaYv1sa (deleted)
7f69f80a3000-7f69f80a4000 rw-s 149df1000 00:05 8902                      /dev/nvidia0
7f69f80a4000-7f69f80a8000 rw-s 1566fd000 00:05 8902                      /dev/nvidia0
7f69f80a8000-7f69f80c8000 rw-s 149f81000 00:05 8902                      /dev/nvidia0
7f69f80c8000-7f69f80c9000 rw-s d7ee7000 00:05 8902                       /dev/nvidia0
7f69f80c9000-7f69f8109000 rw-s 150dcf000 00:05 8902                      /dev/nvidia0
7f69f8129000-7f69f812a000 rw-s fa642000 00:05 8902                       /dev/nvidia0
7f69f812a000-7f69f812b000 rw-s 20ecda000 00:05 8902                      /dev/nvidia0
7f69f812b000-7f69f812c000 rw-s fa641000 00:05 8902                       /dev/nvidia0
7f69f812c000-7f69f812d000 rw-s 23099b000 00:05 8902                      /dev/nvidia0
7f69f812d000-7f69f812e000 rw-s 149f8f000 00:05 8902                      /dev/nvidia0
7f69f812e000-7f69f812f000 rw-s fa060000 00:05 8902                       /dev/nvidia0
7f69f812f000-7f69f8132000 ---p 00000000 00:00 0 
7f69f8132000-7f69f8230000 rw-p 00000000 00:00 0 
7f69f8230000-7f69f8233000 ---p 00000000 00:00 0 
7f69f8233000-7f69f8331000 rw-p 00000000 00:00 0                          [stack:5872]
7f69f8331000-7f69f8332000 ---p 00000000 00:00 0 
7f69f8332000-7f69f8432000 rw-p 00000000 00:00 0                          [stack:5871]
7f69f8432000-7f69f844a000 r-xp 00000000 08:06 2756166                    /lib/x86_64-linux-gnu/libresolv-2.15.so
7f69f844a000-7f69f864a000 ---p 00018000 08:06 2756166                    /lib/x86_64-linux-gnu/libresolv-2.15.so
7f69f864a000-7f69f864b000 r--p 00018000 08:06 2756166                    /lib/x86_64-linux-gnu/libresolv-2.15.so
7f69f864b000-7f69f864c000 rw-p 00019000 08:06 2756166                    /lib/x86_64-linux-gnu/libresolv-2.15.so
7f69f864c000-7f69f864e000 rw-p 00000000 00:00 0 
7f69f864e000-7f69f8654000 r-xp 00000000 08:06 7610109                    /usr/lib/x86_64-linux-gnu/libogg.so.0.8.0
7f69f8654000-7f69f8853000 ---p 00006000 08:06 7610109                    /usr/lib/x86_64-linux-gnu/libogg.so.0.8.0
7f69f8853000-7f69f8854000 r--p 00005000 08:06 7610109                    /usr/lib/x86_64-linux-gnu/libogg.so.0.8.0
7f69f8854000-7f69f8855000 rw-p 00006000 08:06 7610109                    /usr/lib/x86_64-linux-gnu/libogg.so.0.8.0
7f69f8855000-7f69f8880000 r-xp 00000000 08:06 7610315                    /usr/lib/x86_64-linux-gnu/libvorbis.so.0.4.5
7f69f8880000-7f69f8a80000 ---p 0002b000 08:06 7610315                    /usr/lib/x86_64-linux-gnu/libvorbis.so.0.4.5
7f69f8a80000-7f69f8a81000 r--p 0002b000 08:06 7610315                    /usr/lib/x86_64-linux-gnu/libvorbis.so.0.4.5
7f69f8a81000-7f69f8a82000 rw-p 0002c000 08:06 7610315                    /usr/lib/x86_64-linux-gnu/libvorbis.so.0.4.5
7f69f8a82000-7f69f8d35000 r-xp 00000000 08:06 7610317                    /usr/lib/x86_64-linux-gnu/libvorbisenc.so.2.0.8
7f69f8d35000-7f69f8f34000 ---p 002b3000 08:06 7610317                    /usr/lib/x86_64-linux-gnu/libvorbisenc.so.2.0.8
7f69f8f34000-7f69f8f50000 r--p 002b2000 08:06 7610317                    /usr/lib/x86_64-linux-gnu/libvorbisenc.so.2.0.8
7f69f8f50000-7f69f8f51000 rw-p 002ce000 08:06 7610317                    /usr/lib/x86_64-linux-gnu/libvorbisenc.so.2.0.8
7f69f8f51000-7f69f8f9b000 r-xp 00000000 08:06 7609514                    /usr/lib/x86_64-linux-gnu/libFLAC.so.8.2.0
7f69f8f9b000-7f69f919b000 ---p 0004a000 08:06 7609514                    /usr/lib/x86_64-linux-gnu/libFLAC.so.8.2.0
7f69f919b000-7f69f919c000 r--p 0004a000 08:06 7609514                    /usr/lib/x86_64-linux-gnu/libFLAC.so.8.2.0
7f69f919c000-7f69f919d000 rw-p 0004b000 08:06 7609514                    /usr/lib/x86_64-linux-gnu/libFLAC.so.8.2.0
7f69f919d000-7f69f91a2000 r-xp 00000000 08:06 7609662                    /usr/lib/x86_64-linux-gnu/libasyncns.so.0.3.1
7f69f91a2000-7f69f93a1000 ---p 00005000 08:06 7609662                    /usr/lib/x86_64-linux-gnu/libasyncns.so.0.3.1
7f69f93a1000-7f69f93a2000 r--p 00004000 08:06 7609662                    /usr/lib/x86_64-linux-gnu/libasyncns.so.0.3.1
7f69f93a2000-7f69f93a3000 rw-p 00005000 08:06 7609662                    /usr/lib/x86_64-linux-gnu/libasyncns.so.0.3.1
7f69f93a3000-7f69f9402000 r-xp 00000000 08:06 7610226                    /usr/lib/x86_64-linux-gnu/libsndfile.so.1.0.25
7f69f9402000-7f69f9602000 ---p 0005f000 08:06 7610226                    /usr/lib/x86_64-linux-gnu/libsndfile.so.1.0.25
7f69f9602000-7f69f9604000 r--p 0005f000 08:06 7610226                    /usr/lib/x86_64-linux-gnu/libsndfile.so.1.0.25
7f69f9604000-7f69f9605000 rw-p 00061000 08:06 7610226                    /usr/lib/x86_64-linux-gnu/libsndfile.so.1.0.25
7f69f9605000-7f69f9609000 rw-p 00000000 00:00 0 
7f69f9609000-7f69f9611000 r-xp 00000000 08:06 2756195                    /lib/x86_64-linux-gnu/libwrap.so.0.7.6
7f69f9611000-7f69f9811000 ---p 00008000 08:06 2756195                    /lib/x86_64-linux-gnu/libwrap.so.0.7.6
7f69f9811000-7f69f9812000 r--p 00008000 08:06 2756195                    /lib/x86_64-linux-gnu/libwrap.so.0.7.6
7f69f9812000-7f69f9813000 rw-p 00009000 08:06 2756195                    /lib/x86_64-linux-gnu/libwrap.so.0.7.6
7f69f9813000-7f69f9856000 r-xp 00000000 08:06 2756076                    /lib/x86_64-linux-gnu/libdbus-1.so.3.7.2
7f69f9856000-7f69f9a55000 ---p 00043000 08:06 2756076                    /lib/x86_64-linux-gnu/libdbus-1.so.3.7.2
7f69f9a55000-7f69f9a56000 r--p 00042000 08:06 2756076                    /lib/x86_64-linux-gnu/libdbus-1.so.3.7.2
7f69f9a56000-7f69f9a57000 rw-p 00043000 08:06 2756076                    /lib/x86_64-linux-gnu/libdbus-1.so.3.7.2
7f69f9a57000-7f69f9ab3000 r-xp 00000000 08:06 7997752                    /usr/lib/x86_64-linux-gnu/pulseaudio/libpulsecommon-2.1.so
7f69f9ab3000-7f69f9cb2000 ---p 0005c000 08:06 7997752                    /usr/lib/x86_64-linux-gnu/pulseaudio/libpulsecommon-2.1.so
7f69f9cb2000-7f69f9cb3000 r--p 0005b000 08:06 7997752                    /usr/lib/x86_64-linux-gnu/pulseaudio/libpulsecommon-2.1.so
7f69f9cb3000-7f69f9cb4000 rw-p 0005c000 08:06 7997752                    /usr/lib/x86_64-linux-gnu/pulseaudio/libpulsecommon-2.1.so
7f69f9cb4000-7f69f9cbc000 r-xp 00000000 08:06 7610027                    /usr/lib/x86_64-linux-gnu/libjson.so.0.1.0
7f69f9cbc000-7f69f9ebb000 ---p 00008000 08:06 7610027                    /usr/lib/x86_64-linux-gnu/libjson.so.0.1.0
7f69f9ebb000-7f69f9ebc000 r--p 00007000 08:06 7610027                    /usr/lib/x86_64-linux-gnu/libjson.so.0.1.0
7f69f9ebc000-7f69f9ebd000 rw-p 00008000 08:06 7610027                    /usr/lib/x86_64-linux-gnu/libjson.so.0.1.0
7f69f9ebd000-7f69f9f04000 r-xp 00000000 08:06 7610172                    /usr/lib/x86_64-linux-gnu/libpulse.so.0.14.3
7f69f9f04000-7f69fa103000 ---p 00047000 08:06 7610172                    /usr/lib/x86_64-linux-gnu/libpulse.so.0.14.3
7f69fa103000-7f69fa104000 r--p 00046000 08:06 7610172                    /usr/lib/x86_64-linux-gnu/libpulse.so.0.14.3
7f69fa104000-7f69fa105000 rw-p 00047000 08:06 7610172                    /usr/lib/x86_64-linux-gnu/libpulse.so.0.14.3
7f69fa105000-7f69fa156000 r-xp 00000000 08:06 661751                     /tmp/libgdxjamiltron/1236974564/libopenal64.so
7f69fa156000-7f69fa356000 ---p 00051000 08:06 661751                     /tmp/libgdxjamiltron/1236974564/libopenal64.so
7f69fa356000-7f69fa358000 r--p 00051000 08:06 661751                     /tmp/libgdxjamiltron/1236974564/libopenal64.so
7f69fa358000-7f69fa359000 rw-p 00053000 08:06 661751                     /tmp/libgdxjamiltron/1236974564/libopenal64.so
7f69fa359000-7f69fa35a000 rw-p 00000000 00:00 0 
7f69fa35a000-7f69fa35e000 r-xp 00000000 08:06 7609636                    /usr/lib/x86_64-linux-gnu/libXxf86vm.so.1.0.0
7f69fa35e000-7f69fa55e000 ---p 00004000 08:06 7609636                    /usr/lib/x86_64-linux-gnu/libXxf86vm.so.1.0.0
7f69fa55e000-7f69fa55f000 r--p 00004000 08:06 7609636                    /usr/lib/x86_64-linux-gnu/libXxf86vm.so.1.0.0
7f69fa55f000-7f69fa560000 rw-p 00005000 08:06 7609636                    /usr/lib/x86_64-linux-gnu/libXxf86vm.so.1.0.0
7f69fa560000-7f69fa569000 r-xp 00000000 08:06 7609624                    /usr/lib/x86_64-linux-gnu/libXrandr.so.2.2.0
7f69fa569000-7f69fa768000 ---p 00009000 08:06 7609624                    /usr/lib/x86_64-linux-gnu/libXrandr.so.2.2.0
7f69fa768000-7f69fa769000 r--p 00008000 08:06 7609624                    /usr/lib/x86_64-linux-gnu/libXrandr.so.2.2.0
7f69fa769000-7f69fa76a000 rw-p 00009000 08:06 7609624                    /usr/lib/x86_64-linux-gnu/libXrandr.so.2.2.0
7f69fa76a000-7f69fa7d4000 r-xp 00000000 08:06 661752                     /tmp/libgdxjamiltron/1236974564/liblwjgl64.so
7f69fa7d4000-7f69fa9d4000 ---p 0006a000 08:06 661752                     /tmp/libgdxjamiltron/1236974564/liblwjgl64.so
7f69fa9d4000-7f69fa9d6000 r--p 0006a000 08:06 661752                     /tmp/libgdxjamiltron/1236974564/liblwjgl64.so
7f69fa9d6000-7f69fa9d7000 rw-p 0006c000 08:06 661752                     /tmp/libgdxjamiltron/1236974564/liblwjgl64.so
7f69fa9d7000-7f69fa9d8000 r-xp 00000000 08:06 1577367                    /usr/lib/jvm/java-6-openjdk-amd64/jre/lib/amd64/libjawt.so
7f69fa9d8000-7f69fabd7000 ---p 00001000 08:06 1577367                    /usr/lib/jvm/java-6-openjdk-amd64/jre/lib/amd64/libjawt.so
7f69fabd7000-7f69fabd8000 r--p 00000000 08:06 1577367                    /usr/lib/jvm/java-6-openjdk-amd64/jre/lib/amd64/libjawt.so
7f69fabd8000-7f69fabd9000 rw-p 00001000 08:06 1577367                    /usr/lib/jvm/java-6-openjdk-amd64/jre/lib/amd64/libjawt.so
7f69fabd9000-7f69fabdc000 ---p 00000000 00:00 0 
7f69fabdc000-7f69facda000 rw-p 00000000 00:00 0                          [stack:5868]
7f69facda000-7f69facdf000 r-xp 00000000 08:06 7609608                    /usr/lib/x86_64-linux-gnu/libXfixes.so.3.1.0
7f69facdf000-7f69faede000 ---p 00005000 08:06 7609608                    /usr/lib/x86_64-linux-gnu/libXfixes.so.3.1.0
7f69faede000-7f69faedf000 r--p 00004000 08:06 7609608                    /usr/lib/x86_64-linux-gnu/libXfixes.so.3.1.0
7f69faedf000-7f69faee0000 rw-p 00005000 08:06 7609608                    /usr/lib/x86_64-linux-gnu/libXfixes.so.3.1.0
7f69faee0000-7f69faee9000 r-xp 00000000 08:06 7609600                    /usr/lib/x86_64-linux-gnu/libXcursor.so.1.0.2
7f69faee9000-7f69fb0e9000 ---p 00009000 08:06 7609600                    /usr/lib/x86_64-linux-gnu/libXcursor.so.1.0.2
7f69fb0e9000-7f69fb0ea000 r--p 00009000 08:06 7609600                    /usr/lib/x86_64-linux-gnu/libXcursor.so.1.0.2
7f69fb0ea000-7f69fb0eb000 rw-p 0000a000 08:06 7609600                    /usr/lib/x86_64-linux-gnu/libXcursor.so.1.0.2
7f69fb0eb000-7f69fb181000 r-xp 00000000 08:06 7609837                    /usr/lib/x86_64-linux-gnu/libfreetype.so.6.9.0
7f69fb181000-7f69fb380000 ---p 00096000 08:06 7609837                    /usr/lib/x86_64-linux-gnu/libfreetype.so.6.9.0
7f69fb380000-7f69fb386000 r--p 00095000 08:06 7609837                    /usr/lib/x86_64-linux-gnu/libfreetype.so.6.9.0
7f69fb386000-7f69fb387000 rw-p 0009b000 08:06 7609837                    /usr/lib/x86_64-linux-gnu/libfreetype.so.6.9.0
7f69fb387000-7f69fb3c1000 r-xp 00000000 08:06 1577352                    /usr/lib/jvm/java-6-openjdk-amd64/jre/lib/amd64/libfontmanager.so
7f69fb3c1000-7f69fb5c0000 ---p 0003a000 08:06 1577352                    /usr/lib/jvm/java-6-openjdk-amd64/jre/lib/amd64/libfontmanager.so
7f69fb5c0000-7f69fb5c2000 r--p 00039000 08:06 1577352                    /usr/lib/jvm/java-6-openjdk-amd64/jre/lib/amd64/libfontmanager.so
7f69fb5c2000-7f69fb5c3000 rw-p 0003b000 08:06 1577352                    /usr/lib/jvm/java-6-openjdk-amd64/jre/lib/amd64/libfontmanager.so
7f69fb5c3000-7f69fb5c8000 r-xp 00000000 08:06 7609604                    /usr/lib/x86_64-linux-gnu/libXdmcp.so.6.0.0
7f69fb5c8000-7f69fb7c7000 ---p 00005000 08:06 7609604                    /usr/lib/x86_64-linux-gnu/libXdmcp.so.6.0.0
7f69fb7c7000-7f69fb7c8000 r--p 00004000 08:06 7609604                    /usr/lib/x86_64-linux-gnu/libXdmcp.so.6.0.0
7f69fb7c8000-7f69fb7c9000 rw-p 00005000 08:06 7609604                    /usr/lib/x86_64-linux-gnu/libXdmcp.so.6.0.0
7f69fb7c9000-7f69fb7cb000 r-xp 00000000 08:06 7609593                    /usr/lib/x86_64-linux-gnu/libXau.so.6.0.0
7f69fb7cb000-7f69fb9cb000 ---p 00002000 08:06 7609593                    /usr/lib/x86_64-linux-gnu/libXau.so.6.0.0
7f69fb9cb000-7f69fb9cc000 r--p 00002000 08:06 7609593                    /usr/lib/x86_64-linux-gnu/libXau.so.6.0.0
7f69fb9cc000-7f69fb9cd000 rw-p 00003000 08:06 7609593                    /usr/lib/x86_64-linux-gnu/libXau.so.6.0.0
7f69fb9cd000-7f69fb9ea000 r-xp 00000000 08:06 7610346                    /usr/lib/x86_64-linux-gnu/libxcb.so.1.1.0
7f69fb9ea000-7f69fbbe9000 ---p 0001d000 08:06 7610346                    /usr/lib/x86_64-linux-gnu/libxcb.so.1.1.0
7f69fbbe9000-7f69fbbea000 r--p 0001c000 08:06 7610346                    /usr/lib/x86_64-linux-gnu/libxcb.so.1.1.0
7f69fbbea000-7f69fbbeb000 rw-p 0001d000 08:06 7610346                    /usr/lib/x86_64-linux-gnu/libxcb.so.1.1.0
7f69fbbeb000-7f69fbbf9000 r-xp 00000000 08:06 7609612                    /usr/lib/x86_64-linux-gnu/libXi.so.6.1.0
7f69fbbf9000-7f69fbdf8000 ---p 0000e000 08:06 7609612                    /usr/lib/x86_64-linux-gnu/libXi.so.6.1.0
7f69fbdf8000-7f69fbdf9000 r--p 0000d000 08:06 7609612                    /usr/lib/x86_64-linux-gnu/libXi.so.6.1.0
7f69fbdf9000-7f69fbdfa000 rw-p 0000e000 08:06 7609612                    /usr/lib/x86_64-linux-gnu/libXi.so.6.1.0
7f69fbdfa000-7f69fbdff000 r-xp 00000000 08:06 7609630                    /usr/lib/x86_64-linux-gnu/libXtst.so.6.1.0
7f69fbdff000-7f69fbffe000 ---p 00005000 08:06 7609630                    /usr/lib/x86_64-linux-gnu/libXtst.so.6.1.0
7f69fbffe000-7f69fbfff000 r--p 00004000 08:06 7609630                    /usr/lib/x86_64-linux-gnu/libXtst.so.6.1.0
7f69fbfff000-7f69fc000000 rw-p 00005000 08:06 7609630                    /usr/lib/x86_64-linux-gnu/libXtst.so.6.1.0
7f69fc000000-7f69fc021000 rw-p 00000000 00:00 0 
7f69fc021000-7f6a00000000 ---p 00000000 00:00 0 
7f6a00000000-7f6a0001f000 rw-s 21254e000 00:05 8902                      /dev/nvidia0
7f6a0001f000-7f6a00086000 rw-p 00000000 00:00 0 
7f6a00086000-7f6a0008d000 r--s 00000000 08:06 7997327                    /usr/lib/x86_64-linux-gnu/gconv/gconv-modules.cache
7f6a0008d000-7f6a0008e000 r--s 00000000 08:06 1704097                    /var/cache/fontconfig/c05880de57d1f5e948fdfacc138775d9-le64.cache-3
7f6a0008e000-7f6a00097000 r--s 00000000 08:06 1704089                    /var/cache/fontconfig/945677eb7aeaf62f1d50efc3fb3ec7d8-le64.cache-3
7f6a00097000-7f6a00099000 r--s 00000000 08:06 1704091                    /var/cache/fontconfig/99e8ed0e538f840c565b6ed5dad60d56-le64.cache-3
7f6a00099000-7f6a0009e000 r--s 00000000 08:06 1704074                    /var/cache/fontconfig/2cd17615ca594fa2959ae173292e504c-le64.cache-3
7f6a0009e000-7f6a0009f000 r--s 00000000 08:06 1704105                    /var/cache/fontconfig/e7071f4a29fa870f4323321c154eba04-le64.cache-3
7f6a0009f000-7f6a000a0000 r--s 00000000 08:06 1704071                    /var/cache/fontconfig/0d8c3b2ac0904cb8a57a757ad11a4a08-le64.cache-3
7f6a000a0000-7f6a000a6000 r--s 00000000 08:06 1704093                    /var/cache/fontconfig/a755afe4a08bf5b97852ceb7400b47bc-le64.cache-3
7f6a000a6000-7f6a000af000 r--s 00000000 08:06 1712634                    /var/cache/fontconfig/6d41288fd70b0be22e8c3a91e032eec0-le64.cache-3
7f6a000af000-7f6a000bf000 r--s 00000000 08:06 1704069                    /var/cache/fontconfig/04aabc0a78ac019cf9454389977116d2-le64.cache-3
7f6a000bf000-7f6a000c0000 r--s 00000000 08:06 1704073                    /var/cache/fontconfig/1ac9eb803944fde146138c791f5cc56a-le64.cache-3
7f6a000c0000-7f6a000c3000 r--s 00000000 08:06 1704078                    /var/cache/fontconfig/385c0604a188198f04d133e54aba7fe7-le64.cache-3
7f6a000c3000-7f6a000c4000 r--s 00000000 08:06 1704103                    /var/cache/fontconfig/dc05db6664285cc2f12bf69c139ae4c3-le64.cache-3
7f6a000c4000-7f6a000c6000 r--s 00000000 08:06 1704086                    /var/cache/fontconfig/767a8244fc0220cfb567a839d0392e0b-le64.cache-3
7f6a000c6000-7f6a000c7000 r--s 00000000 08:06 1705340                    /var/cache/fontconfig/4794a0821666d79190d59a36cb4f44b5-le64.cache-3
7f6a000c7000-7f6a000ca000 r--s 00000000 08:06 1704088                    /var/cache/fontconfig/8801497958630a81b71ace7c5f9b32a8-le64.cache-3
7f6a000ca000-7f6a000cf000 r--s 00000000 08:06 1704075                    /var/cache/fontconfig/3047814df9a2f067bd2d96a2b9c36e5a-le64.cache-3
7f6a000cf000-7f6a000d0000 r--s 00000000 08:06 1704081                    /var/cache/fontconfig/56cf4f4769d0f4abc89a4895d7bd3ae1-le64.cache-3
7f6a000d0000-7f6a000d1000 r--s 00000000 08:06 1704096                    /var/cache/fontconfig/b9d506c9ac06c20b433354fa67a72993-le64.cache-3
7f6a000d1000-7f6a000d6000 r--s 00000000 08:06 1704095                    /var/cache/fontconfig/b47c4e1ecd0709278f4910c18777a504-le64.cache-3
7f6a000d6000-7f6a000e7000 r--s 00000000 08:06 1704101                    /var/cache/fontconfig/d52a8644073d54c13679302ca1180695-le64.cache-3
7f6a000e7000-7f6a000ea000 r--s 00000000 08:06 1709485                    /var/cache/fontconfig/e13b20fdb08344e0e664864cc2ede53d-le64.cache-3
7f6a000ea000-7f6a000ee000 r--s 00000000 08:06 1709483                    /var/cache/fontconfig/7ef2298fde41cc6eeb7af42e48b7d293-le64.cache-3
7f6a000ee000-7f6a000ef000 r--s 00000000 08:06 1704097                    /var/cache/fontconfig/c05880de57d1f5e948fdfacc138775d9-le64.cache-3
7f6a000ef000-7f6a000f8000 r--s 00000000 08:06 1704089                    /var/cache/fontconfig/945677eb7aeaf62f1d50efc3fb3ec7d8-le64.cache-3
7f6a000f8000-7f6a00101000 r--s 00000000 08:06 1712634                    /var/cache/fontconfig/6d41288fd70b0be22e8c3a91e032eec0-le64.cache-3
7f6a00101000-7f6a00111000 r--s 00000000 08:06 1704069                    /var/cache/fontconfig/04aabc0a78ac019cf9454389977116d2-le64.cache-3
7f6a00111000-7f6a0011a000 r-xp 00000000 08:06 7609626                    /usr/lib/x86_64-linux-gnu/libXrender.so.1.3.0
7f6a0011a000-7f6a00319000 ---p 00009000 08:06 7609626                    /usr/lib/x86_64-linux-gnu/libXrender.so.1.3.0
7f6a00319000-7f6a0031a000 r--p 00008000 08:06 7609626                    /usr/lib/x86_64-linux-gnu/libXrender.so.1.3.0
7f6a0031a000-7f6a0031b000 rw-p 00009000 08:06 7609626                    /usr/lib/x86_64-linux-gnu/libXrender.so.1.3.0
7f6a0031b000-7f6a0044f000 r-xp 00000000 08:06 7609589                    /usr/lib/x86_64-linux-gnu/libX11.so.6.3.0
7f6a0044f000-7f6a0064f000 ---p 00134000 08:06 7609589                    /usr/lib/x86_64-linux-gnu/libX11.so.6.3.0
7f6a0064f000-7f6a00650000 r--p 00134000 08:06 7609589                    /usr/lib/x86_64-linux-gnu/libX11.so.6.3.0
7f6a00650000-7f6a00655000 rw-p 00135000 08:06 7609589                    /usr/lib/x86_64-linux-gnu/libX11.so.6.3.0
7f6a00655000-7f6a00665000 r-xp 00000000 08:06 7609606                    /usr/lib/x86_64-linux-gnu/libXext.so.6.4.0
7f6a00665000-7f6a00865000 ---p 00010000 08:06 7609606                    /usr/lib/x86_64-linux-gnu/libXext.so.6.4.0
7f6a00865000-7f6a00866000 r--p 00010000 08:06 7609606                    /usr/lib/x86_64-linux-gnu/libXext.so.6.4.0
7f6a00866000-7f6a00867000 rw-p 00011000 08:06 7609606                    /usr/lib/x86_64-linux-gnu/libXext.so.6.4.0
7f6a00867000-7f6a008b2000 r-xp 00000000 08:06 1577484                    /usr/lib/jvm/java-6-openjdk-amd64/jre/lib/amd64/xawt/libmawt.so
7f6a008b2000-7f6a00ab2000 ---p 0004b000 08:06 1577484                    /usr/lib/jvm/java-6-openjdk-amd64/jre/lib/amd64/xawt/libmawt.so
7f6a00ab2000-7f6a00ab3000 r--p 0004b000 08:06 1577484                    /usr/lib/jvm/java-6-openjdk-amd64/jre/lib/amd64/xawt/libmawt.so
7f6a00ab3000-7f6a00ab6000 rw-p 0004c000 08:06 1577484                    /usr/lib/jvm/java-6-openjdk-amd64/jre/lib/amd64/xawt/libmawt.so
7f6a00ab6000-7f6a00ab7000 rw-p 00000000 00:00 0 
7f6a00ab7000-7f6a00b64000 r-xp 00000000 08:06 1577355                    /usr/lib/jvm/java-6-openjdk-amd64/jre/lib/amd64/libawt.so
7f6a00b64000-7f6a00d64000 ---p 000ad000 08:06 1577355                    /usr/lib/jvm/java-6-openjdk-amd64/jre/lib/amd64/libawt.so
7f6a00d64000-7f6a00d65000 r--p 000ad000 08:06 1577355                    /usr/lib/jvm/java-6-openjdk-amd64/jre/lib/amd64/libawt.so
7f6a00d65000-7f6a00d70000 rw-p 000ae000 08:06 1577355                    /usr/lib/jvm/java-6-openjdk-amd64/jre/lib/amd64/libawt.so
7f6a00d70000-7f6a00d95000 rw-p 00000000 00:00 0 
7f6a00d95000-7f6a00dfd000 r-xp 00000000 08:06 661750                     /tmp/libgdxjamiltron/1236974564/libgdx64.so
7f6a00dfd000-7f6a00ffc000 ---p 00068000 08:06 661750                     /tmp/libgdxjamiltron/1236974564/libgdx64.so
7f6a00ffc000-7f6a00ffe000 r--p 00067000 08:06 661750                     /tmp/libgdxjamiltron/1236974564/libgdx64.so
7f6a00ffe000-7f6a00fff000 rw-p 00069000 08:06 661750                     /tmp/libgdxjamiltron/1236974564/libgdx64.so
7f6a00fff000-7f6a01000000 rw-p 00000000 00:00 0 
7f6a01000000-7f6a01270000 rwxp 00000000 00:00 0 
7f6a01270000-7f6a042dc000 rw-p 00000000 00:00 0 
7f6a042dc000-7f6a08000000 ---p 00000000 00:00 0 
7f6a08000000-7f6a08001000 rw-s d7ee8000 00:05 8902                       /dev/nvidia0
7f6a08001000-7f6a08003000 r--s 00000000 08:06 1704091                    /var/cache/fontconfig/99e8ed0e538f840c565b6ed5dad60d56-le64.cache-3
7f6a08003000-7f6a08008000 r--s 00000000 08:06 1704074                    /var/cache/fontconfig/2cd17615ca594fa2959ae173292e504c-le64.cache-3
7f6a08008000-7f6a0800e000 r--s 00000000 08:06 1704093                    /var/cache/fontconfig/a755afe4a08bf5b97852ceb7400b47bc-le64.cache-3
7f6a0800e000-7f6a0800f000 r--s 00000000 08:06 1704073                    /var/cache/fontconfig/1ac9eb803944fde146138c791f5cc56a-le64.cache-3
7f6a0800f000-7f6a08012000 r--s 00000000 08:06 1704078                    /var/cache/fontconfig/385c0604a188198f04d133e54aba7fe7-le64.cache-3
7f6a08012000-7f6a08013000 r--s 00000000 08:06 1704103                    /var/cache/fontconfig/dc05db6664285cc2f12bf69c139ae4c3-le64.cache-3
7f6a08013000-7f6a08016000 ---p 00000000 00:00 0 
7f6a08016000-7f6a08114000 rw-p 00000000 00:00 0                          [stack:5867]
7f6a08114000-7f6a0811b000 r--s 000fb000 08:06 1576771                    /usr/lib/jvm/java-6-openjdk-common/jre/lib/resources.jar
7f6a0811b000-7f6a0811c000 r--s 0011a000 08:06 6555399                    /home/jamiltron/Dropbox/workspace/java/homunculus/Homunculus-desktop/libs/gdx-natives.jar
7f6a0811c000-7f6a08130000 r--s 0014b000 08:06 6555398                    /home/jamiltron/Dropbox/workspace/java/homunculus/Homunculus-desktop/libs/gdx-backend-lwjgl.jar
7f6a08130000-7f6a08131000 r--s 00162000 08:06 6555396                    /home/jamiltron/Dropbox/workspace/java/homunculus/Homunculus-desktop/libs/gdx-backend-lwjgl-natives.jar
7f6a08131000-7f6a08135000 r--s 0007d000 08:06 1576737                    /usr/lib/jvm/java-6-openjdk-common/jre/lib/jsse.jar
7f6a08135000-7f6a08146000 r--s 000f4000 08:06 6555359                    /home/jamiltron/Dropbox/workspace/java/homunculus/Homunculus/libs/gdx.jar
7f6a08146000-7f6a08149000 r--s 00077000 08:06 1576762                    /usr/lib/jvm/java-6-openjdk-common/jre/lib/ext/localedata.jar
7f6a08149000-7f6a0814b000 r--s 00006000 08:06 8005394                    /usr/share/java/java-atk-wrapper.jar
7f6a0814b000-7f6a0814d000 r--s 0000f000 08:06 1576765                    /usr/lib/jvm/java-6-openjdk-common/jre/lib/ext/pulse-java.jar
7f6a0814d000-7f6a0814f000 r--s 00001000 08:06 1576764                    /usr/lib/jvm/java-6-openjdk-common/jre/lib/ext/dnsns.jar
7f6a0814f000-7f6a08153000 r--s 00038000 08:06 1576761                    /usr/lib/jvm/java-6-openjdk-common/jre/lib/ext/sunpkcs11.jar
7f6a08153000-7f6a08156000 r--s 00031000 08:06 1576763                    /usr/lib/jvm/java-6-openjdk-common/jre/lib/ext/sunjce_provider.jar
7f6a08156000-7f6a08157000 ---p 00000000 00:00 0 
7f6a08157000-7f6a08257000 rw-p 00000000 00:00 0                          [stack:5866]
7f6a08257000-7f6a0825a000 ---p 00000000 00:00 0 
7f6a0825a000-7f6a08358000 rw-p 00000000 00:00 0                          [stack:5865]
7f6a08358000-7f6a0835b000 ---p 00000000 00:00 0 
7f6a0835b000-7f6a08459000 rw-p 00000000 00:00 0                          [stack:5864]
7f6a08459000-7f6a0845c000 ---p 00000000 00:00 0 
7f6a0845c000-7f6a0855a000 rw-p 00000000 00:00 0                          [stack:5863]
7f6a0855a000-7f6a0855d000 ---p 00000000 00:00 0 
7f6a0855d000-7f6a0865b000 rw-p 00000000 00:00 0                          [stack:5862]
7f6a0865b000-7f6a08d3c000 r--p 00000000 08:06 7608746                    /usr/lib/locale/locale-archive
7f6a08d3c000-7f6a08d3f000 ---p 00000000 00:00 0 
7f6a08d3f000-7f6a08e3d000 rw-p 00000000 00:00 0                          [stack:5861]
7f6a08e3d000-7f6a08e40000 ---p 00000000 00:00 0 
7f6a08e40000-7f6a08f3e000 rw-p 00000000 00:00 0                          [stack:5860]
7f6a08f3e000-7f6a08f3f000 ---p 00000000 00:00 0 
7f6a08f3f000-7f6a09577000 rw-p 00000000 00:00 0                          [stack:5859]
7f6a09577000-7f6a09709000 r--s 037c2000 08:06 1577324                    /usr/lib/jvm/java-6-openjdk-amd64/jre/lib/rt.jar
7f6a09709000-7f6a09731000 rw-p 00000000 00:00 0 
7f6a09731000-7f6a09732000 ---p 00000000 00:00 0 
7f6a09732000-7f6a09832000 rw-p 00000000 00:00 0                          [stack:5858]
7f6a09832000-7f6a09833000 ---p 00000000 00:00 0 
7f6a09833000-7f6a09933000 rw-p 00000000 00:00 0                          [stack:5857]
7f6a09933000-7f6a09934000 ---p 00000000 00:00 0 
7f6a09934000-7f6a09a34000 rw-p 00000000 00:00 0                          [stack:5856]
7f6a09a34000-7f6a09a35000 ---p 00000000 00:00 0 
7f6a09a35000-7f6a09b40000 rw-p 00000000 00:00 0                          [stack:5855]
7f6a09b40000-7f6a09b88000 rw-p 00000000 00:00 0 
7f6a09b88000-7f6a09bb2000 rw-p 00000000 00:00 0 
7f6a09bb2000-7f6a09e1a000 rw-p 00000000 00:00 0 
7f6a09e1a000-7f6a09e25000 rw-p 00000000 00:00 0 
7f6a09e25000-7f6a09e6d000 rw-p 00000000 00:00 0 
7f6a09e6d000-7f6a09e97000 rw-p 00000000 00:00 0 
7f6a09e97000-7f6a0a0ff000 rw-p 00000000 00:00 0 
7f6a0a0ff000-7f6a0a114000 rw-p 00000000 00:00 0 
7f6a0a114000-7f6a0a248000 rw-p 00000000 00:00 0 
7f6a0a248000-7f6a0a249000 rw-p 00000000 00:00 0 
7f6a0a249000-7f6a0a250000 r-xp 00000000 08:06 1577369                    /usr/lib/jvm/java-6-openjdk-amd64/jre/lib/amd64/libzip.so
7f6a0a250000-7f6a0a44f000 ---p 00007000 08:06 1577369                    /usr/lib/jvm/java-6-openjdk-amd64/jre/lib/amd64/libzip.so
7f6a0a44f000-7f6a0a450000 r--p 00006000 08:06 1577369                    /usr/lib/jvm/java-6-openjdk-amd64/jre/lib/amd64/libzip.so
7f6a0a450000-7f6a0a451000 rw-p 00007000 08:06 1577369                    /usr/lib/jvm/java-6-openjdk-amd64/jre/lib/amd64/libzip.so
7f6a0a451000-7f6a0a45d000 r-xp 00000000 08:06 2756129                    /lib/x86_64-linux-gnu/libnss_files-2.15.so
7f6a0a45d000-7f6a0a65c000 ---p 0000c000 08:06 2756129                    /lib/x86_64-linux-gnu/libnss_files-2.15.so
7f6a0a65c000-7f6a0a65d000 r--p 0000b000 08:06 2756129                    /lib/x86_64-linux-gnu/libnss_files-2.15.so
7f6a0a65d000-7f6a0a65e000 rw-p 0000c000 08:06 2756129                    /lib/x86_64-linux-gnu/libnss_files-2.15.so
7f6a0a65e000-7f6a0a668000 r-xp 00000000 08:06 2756133                    /lib/x86_64-linux-gnu/libnss_nis-2.15.so
7f6a0a668000-7f6a0a868000 ---p 0000a000 08:06 2756133                    /lib/x86_64-linux-gnu/libnss_nis-2.15.so
7f6a0a868000-7f6a0a869000 r--p 0000a000 08:06 2756133                    /lib/x86_64-linux-gnu/libnss_nis-2.15.so
7f6a0a869000-7f6a0a86a000 rw-p 0000b000 08:06 2756133                    /lib/x86_64-linux-gnu/libnss_nis-2.15.so
7f6a0a86a000-7f6a0a881000 r-xp 00000000 08:06 2756123                    /lib/x86_64-linux-gnu/libnsl-2.15.so
7f6a0a881000-7f6a0aa80000 ---p 00017000 08:06 2756123                    /lib/x86_64-linux-gnu/libnsl-2.15.so
7f6a0aa80000-7f6a0aa81000 r--p 00016000 08:06 2756123                    /lib/x86_64-linux-gnu/libnsl-2.15.so
7f6a0aa81000-7f6a0aa82000 rw-p 00017000 08:06 2756123                    /lib/x86_64-linux-gnu/libnsl-2.15.so
7f6a0aa82000-7f6a0aa84000 rw-p 00000000 00:00 0 
7f6a0aa84000-7f6a0aa8c000 r-xp 00000000 08:06 2756125                    /lib/x86_64-linux-gnu/libnss_compat-2.15.so
7f6a0aa8c000-7f6a0ac8b000 ---p 00008000 08:06 2756125                    /lib/x86_64-linux-gnu/libnss_compat-2.15.so
7f6a0ac8b000-7f6a0ac8c000 r--p 00007000 08:06 2756125                    /lib/x86_64-linux-gnu/libnss_compat-2.15.so
7f6a0ac8c000-7f6a0ac8d000 rw-p 00008000 08:06 2756125                    /lib/x86_64-linux-gnu/libnss_compat-2.15.so
7f6a0ac8d000-7f6a0acba000 r-xp 00000000 08:06 1577354                    /usr/lib/jvm/java-6-openjdk-amd64/jre/lib/amd64/libjava.so
7f6a0acba000-7f6a0aeba000 ---p 0002d000 08:06 1577354                    /usr/lib/jvm/java-6-openjdk-amd64/jre/lib/amd64/libjava.so
7f6a0aeba000-7f6a0aebb000 r--p 0002d000 08:06 1577354                    /usr/lib/jvm/java-6-openjdk-amd64/jre/lib/amd64/libjava.so
7f6a0aebb000-7f6a0aebe000 rw-p 0002e000 08:06 1577354                    /usr/lib/jvm/java-6-openjdk-amd64/jre/lib/amd64/libjava.so
7f6a0aebe000-7f6a0aecd000 r-xp 00000000 08:06 1577353                    /usr/lib/jvm/java-6-openjdk-amd64/jre/lib/amd64/libverify.so
7f6a0aecd000-7f6a0b0cc000 ---p 0000f000 08:06 1577353                    /usr/lib/jvm/java-6-openjdk-amd64/jre/lib/amd64/libverify.so
7f6a0b0cc000-7f6a0b0ce000 r--p 0000e000 08:06 1577353                    /usr/lib/jvm/java-6-openjdk-amd64/jre/lib/amd64/libverify.so
7f6a0b0ce000-7f6a0b0cf000 rw-p 00010000 08:06 1577353                    /usr/lib/jvm/java-6-openjdk-amd64/jre/lib/amd64/libverify.so
7f6a0b0cf000-7f6a0b0d6000 r-xp 00000000 08:06 2756168                    /lib/x86_64-linux-gnu/librt-2.15.so
7f6a0b0d6000-7f6a0b2d5000 ---p 00007000 08:06 2756168                    /lib/x86_64-linux-gnu/librt-2.15.so
7f6a0b2d5000-7f6a0b2d6000 r--p 00006000 08:06 2756168                    /lib/x86_64-linux-gnu/librt-2.15.so
7f6a0b2d6000-7f6a0b2d7000 rw-p 00007000 08:06 2756168                    /lib/x86_64-linux-gnu/librt-2.15.so
7f6a0b2d7000-7f6a0b2ec000 r-xp 00000000 08:06 2756089                    /lib/x86_64-linux-gnu/libgcc_s.so.1
7f6a0b2ec000-7f6a0b4eb000 ---p 00015000 08:06 2756089                    /lib/x86_64-linux-gnu/libgcc_s.so.1
7f6a0b4eb000-7f6a0b4ec000 r--p 00014000 08:06 2756089                    /lib/x86_64-linux-gnu/libgcc_s.so.1
7f6a0b4ec000-7f6a0b4ed000 rw-p 00015000 08:06 2756089                    /lib/x86_64-linux-gnu/libgcc_s.so.1
7f6a0b4ed000-7f6a0b5e8000 r-xp 00000000 08:06 2756106                    /lib/x86_64-linux-gnu/libm-2.15.so
7f6a0b5e8000-7f6a0b7e7000 ---p 000fb000 08:06 2756106                    /lib/x86_64-linux-gnu/libm-2.15.so
7f6a0b7e7000-7f6a0b7e8000 r--p 000fa000 08:06 2756106                    /lib/x86_64-linux-gnu/libm-2.15.so
7f6a0b7e8000-7f6a0b7e9000 rw-p 000fb000 08:06 2756106                    /lib/x86_64-linux-gnu/libm-2.15.so
7f6a0b7e9000-7f6a0b8ce000 r-xp 00000000 08:06 7610252                    /usr/lib/x86_64-linux-gnu/libstdc++.so.6.0.17
7f6a0b8ce000-7f6a0bacd000 ---p 000e5000 08:06 7610252                    /usr/lib/x86_64-linux-gnu/libstdc++.so.6.0.17
7f6a0bacd000-7f6a0bad5000 r--p 000e4000 08:06 7610252                    /usr/lib/x86_64-linux-gnu/libstdc++.so.6.0.17
7f6a0bad5000-7f6a0bad7000 rw-p 000ec000 08:06 7610252                    /usr/lib/x86_64-linux-gnu/libstdc++.so.6.0.17
7f6a0bad7000-7f6a0baec000 rw-p 00000000 00:00 0 
7f6a0baec000-7f6a0c40a000 r-xp 00000000 08:06 1577359                    /usr/lib/jvm/java-6-openjdk-amd64/jre/lib/amd64/server/libjvm.so
7f6a0c40a000-7f6a0c60a000 ---p 0091e000 08:06 1577359                    /usr/lib/jvm/java-6-openjdk-amd64/jre/lib/amd64/server/libjvm.so
7f6a0c60a000-7f6a0c68a000 r--p 0091e000 08:06 1577359                    /usr/lib/jvm/java-6-openjdk-amd64/jre/lib/amd64/server/libjvm.so
7f6a0c68a000-7f6a0c6a5000 rw-p 0099e000 08:06 1577359                    /usr/lib/jvm/java-6-openjdk-amd64/jre/lib/amd64/server/libjvm.so
7f6a0c6a5000-7f6a0c6ce000 rw-p 00000000 00:00 0 
7f6a0c6ce000-7f6a0c6e4000 r-xp 00000000 08:06 2756198                    /lib/x86_64-linux-gnu/libz.so.1.2.7
7f6a0c6e4000-7f6a0c8e3000 ---p 00016000 08:06 2756198                    /lib/x86_64-linux-gnu/libz.so.1.2.7
7f6a0c8e3000-7f6a0c8e4000 r--p 00015000 08:06 2756198                    /lib/x86_64-linux-gnu/libz.so.1.2.7
7f6a0c8e4000-7f6a0c8e5000 rw-p 00016000 08:06 2756198                    /lib/x86_64-linux-gnu/libz.so.1.2.7
7f6a0c8e5000-7f6a0ca9a000 r-xp 00000000 08:06 2756064                    /lib/x86_64-linux-gnu/libc-2.15.so
7f6a0ca9a000-7f6a0cc99000 ---p 001b5000 08:06 2756064                    /lib/x86_64-linux-gnu/libc-2.15.so
7f6a0cc99000-7f6a0cc9d000 r--p 001b4000 08:06 2756064                    /lib/x86_64-linux-gnu/libc-2.15.so
7f6a0cc9d000-7f6a0cc9f000 rw-p 001b8000 08:06 2756064                    /lib/x86_64-linux-gnu/libc-2.15.so
7f6a0cc9f000-7f6a0cca4000 rw-p 00000000 00:00 0 
7f6a0cca4000-7f6a0cca6000 r-xp 00000000 08:06 2756079                    /lib/x86_64-linux-gnu/libdl-2.15.so
7f6a0cca6000-7f6a0cea6000 ---p 00002000 08:06 2756079                    /lib/x86_64-linux-gnu/libdl-2.15.so
7f6a0cea6000-7f6a0cea7000 r--p 00002000 08:06 2756079                    /lib/x86_64-linux-gnu/libdl-2.15.so
7f6a0cea7000-7f6a0cea8000 rw-p 00003000 08:06 2756079                    /lib/x86_64-linux-gnu/libdl-2.15.so
7f6a0cea8000-7f6a0ceac000 r-xp 00000000 08:06 1577336                    /usr/lib/jvm/java-6-openjdk-amd64/jre/lib/amd64/jli/libjli.so
7f6a0ceac000-7f6a0d0ab000 ---p 00004000 08:06 1577336                    /usr/lib/jvm/java-6-openjdk-amd64/jre/lib/amd64/jli/libjli.so
7f6a0d0ab000-7f6a0d0ac000 r--p 00003000 08:06 1577336                    /usr/lib/jvm/java-6-openjdk-amd64/jre/lib/amd64/jli/libjli.so
7f6a0d0ac000-7f6a0d0ad000 rw-p 00004000 08:06 1577336                    /usr/lib/jvm/java-6-openjdk-amd64/jre/lib/amd64/jli/libjli.so
7f6a0d0ad000-7f6a0d0c5000 r-xp 00000000 08:06 2756160                    /lib/x86_64-linux-gnu/libpthread-2.15.so
7f6a0d0c5000-7f6a0d2c4000 ---p 00018000 08:06 2756160                    /lib/x86_64-linux-gnu/libpthread-2.15.so
7f6a0d2c4000-7f6a0d2c5000 r--p 00017000 08:06 2756160                    /lib/x86_64-linux-gnu/libpthread-2.15.so
7f6a0d2c5000-7f6a0d2c6000 rw-p 00018000 08:06 2756160                    /lib/x86_64-linux-gnu/libpthread-2.15.so
7f6a0d2c6000-7f6a0d2ca000 rw-p 00000000 00:00 0 
7f6a0d2ca000-7f6a0d2ec000 r-xp 00000000 08:06 2756042                    /lib/x86_64-linux-gnu/ld-2.15.so
7f6a0d2ec000-7f6a0d2ee000 r--s 00000000 08:06 1704086                    /var/cache/fontconfig/767a8244fc0220cfb567a839d0392e0b-le64.cache-3
7f6a0d2ee000-7f6a0d2ef000 r--s 00000000 08:06 1705340                    /var/cache/fontconfig/4794a0821666d79190d59a36cb4f44b5-le64.cache-3
7f6a0d2ef000-7f6a0d2f2000 r--s 00000000 08:06 1704088                    /var/cache/fontconfig/8801497958630a81b71ace7c5f9b32a8-le64.cache-3
7f6a0d2f2000-7f6a0d2f7000 r--s 00000000 08:06 1704075                    /var/cache/fontconfig/3047814df9a2f067bd2d96a2b9c36e5a-le64.cache-3
7f6a0d2f7000-7f6a0d308000 r--s 00000000 08:06 1704101                    /var/cache/fontconfig/d52a8644073d54c13679302ca1180695-le64.cache-3
7f6a0d308000-7f6a0d312000 rw-p 00000000 00:00 0 
7f6a0d312000-7f6a0d3c8000 rw-p 00000000 00:00 0 
7f6a0d3c8000-7f6a0d3cb000 ---p 00000000 00:00 0 
7f6a0d3cb000-7f6a0d4ce000 rw-p 00000000 00:00 0                          [stack:5854]
7f6a0d4ce000-7f6a0d4cf000 r--s 00000000 08:06 1704070                    /var/cache/fontconfig/0c9eb80ebd1c36541ebe2852d3bb0c49-le64.cache-3
7f6a0d4cf000-7f6a0d4d0000 r--s 00000000 08:06 1704105                    /var/cache/fontconfig/e7071f4a29fa870f4323321c154eba04-le64.cache-3
7f6a0d4d0000-7f6a0d4d1000 r--s 00000000 08:06 1704071                    /var/cache/fontconfig/0d8c3b2ac0904cb8a57a757ad11a4a08-le64.cache-3
7f6a0d4d1000-7f6a0d4d2000 r--s 00000000 08:06 1704081                    /var/cache/fontconfig/56cf4f4769d0f4abc89a4895d7bd3ae1-le64.cache-3
7f6a0d4d2000-7f6a0d4d3000 r--s 00000000 08:06 1704096                    /var/cache/fontconfig/b9d506c9ac06c20b433354fa67a72993-le64.cache-3
7f6a0d4d3000-7f6a0d4d8000 r--s 00000000 08:06 1704095                    /var/cache/fontconfig/b47c4e1ecd0709278f4910c18777a504-le64.cache-3
7f6a0d4d8000-7f6a0d4d9000 r--s 00000000 08:06 1704070                    /var/cache/fontconfig/0c9eb80ebd1c36541ebe2852d3bb0c49-le64.cache-3
7f6a0d4d9000-7f6a0d4dc000 r--s 00000000 08:06 1709485                    /var/cache/fontconfig/e13b20fdb08344e0e664864cc2ede53d-le64.cache-3
7f6a0d4dc000-7f6a0d4e0000 r--s 00000000 08:06 1709483                    /var/cache/fontconfig/7ef2298fde41cc6eeb7af42e48b7d293-le64.cache-3
7f6a0d4e0000-7f6a0d4e8000 rw-s 00000000 08:06 661744                     /tmp/hsperfdata_jamiltron/5849
7f6a0d4e8000-7f6a0d4e9000 rw-p 00000000 00:00 0 
7f6a0d4e9000-7f6a0d4ea000 r--p 00000000 00:00 0 
7f6a0d4ea000-7f6a0d4ec000 rw-p 00000000 00:00 0 
7f6a0d4ec000-7f6a0d4ed000 r--p 00022000 08:06 2756042                    /lib/x86_64-linux-gnu/ld-2.15.so
7f6a0d4ed000-7f6a0d4ef000 rw-p 00023000 08:06 2756042                    /lib/x86_64-linux-gnu/ld-2.15.so
7fff3c5f4000-7fff3c615000 rw-p 00000000 00:00 0                          [stack]
7fff3c64c000-7fff3c64d000 r-xp 00000000 00:00 0                          [vdso]
ffffffffff600000-ffffffffff601000 r-xp 00000000 00:00 0                  [vsyscall]

VM Arguments:
jvm_args: -Dfile.encoding=UTF-8 
java_command: com.jamiltron.homunculus.Main
Launcher Type: SUN_STANDARD

Environment Variables:
PATH=/home/jamiltron/.cabal/bin:/home/jamiltron/bin:/usr/lib/lightdm/lightdm:/usr/local/sbin:/usr/local/bin:/usr/sbin:/usr/bin:/sbin:/bin:/usr/games:/usr/local/games
LD_LIBRARY_PATH=/usr/lib/jvm/java-6-openjdk-amd64/jre/lib/amd64/server:/usr/lib/jvm/java-6-openjdk-amd64/jre/lib/amd64:/usr/lib/jvm/java-6-openjdk-amd64/jre/../lib/amd64
SHELL=/bin/zsh
DISPLAY=:0

Signal Handlers:
SIGSEGV: [libjvm.so+0x7987f0], sa_mask[0]=0x7ffbfeff, sa_flags=0x10000004
SIGBUS: [libjvm.so+0x7987f0], sa_mask[0]=0x7ffbfeff, sa_flags=0x10000004
SIGFPE: [libjvm.so+0x65f690], sa_mask[0]=0x7ffbfeff, sa_flags=0x10000004
SIGPIPE: [libjvm.so+0x65f690], sa_mask[0]=0x7ffbfeff, sa_flags=0x10000004
SIGXFSZ: [libjvm.so+0x65f690], sa_mask[0]=0x7ffbfeff, sa_flags=0x10000004
SIGILL: [libjvm.so+0x65f690], sa_mask[0]=0x7ffbfeff, sa_flags=0x10000004
SIGUSR1: SIG_DFL, sa_mask[0]=0x00000000, sa_flags=0x00000000
SIGUSR2: [libjvm.so+0x65f850], sa_mask[0]=0x00000004, sa_flags=0x10000004
SIGHUP: [libjvm.so+0x6621b0], sa_mask[0]=0x7ffbfeff, sa_flags=0x10000004
SIGINT: [libjvm.so+0x6621b0], sa_mask[0]=0x7ffbfeff, sa_flags=0x10000004
SIGTERM: [libjvm.so+0x6621b0], sa_mask[0]=0x7ffbfeff, sa_flags=0x10000004
SIGQUIT: [libjvm.so+0x6621b0], sa_mask[0]=0x7ffbfeff, sa_flags=0x10000004


---------------  S Y S T E M  ---------------

OS:Ubuntu 12.10 (quantal)
uname:Linux 3.5.0-19-generic #30-Ubuntu SMP Tue Nov 13 17:48:01 UTC 2012 x86_64
libc:glibc 2.15 NPTL 2.15 
rlimit: STACK 8192k, CORE 0k, NPROC 62992, NOFILE 4096, AS infinity
load average:0.58 0.61 0.51

/proc/meminfo:
MemTotal:        8081396 kB
MemFree:         3957628 kB
Buffers:          206964 kB
Cached:          1042872 kB
SwapCached:            0 kB
Active:          2960592 kB
Inactive:         825392 kB
Active(anon):    2545284 kB
Inactive(anon):     9384 kB
Active(file):     415308 kB
Inactive(file):   816008 kB
Unevictable:       33748 kB
Mlocked:           33748 kB
SwapTotal:       8290300 kB
SwapFree:        8290300 kB
Dirty:               308 kB
Writeback:             0 kB
AnonPages:       2570228 kB
Mapped:           271012 kB
Shmem:             10484 kB
Slab:             125700 kB
SReclaimable:      91148 kB
SUnreclaim:        34552 kB
KernelStack:        4744 kB
PageTables:        41068 kB
NFS_Unstable:          0 kB
Bounce:                0 kB
WritebackTmp:          0 kB
CommitLimit:    12330996 kB
Committed_AS:    6554460 kB
VmallocTotal:   34359738367 kB
VmallocUsed:      402284 kB
VmallocChunk:   34359329788 kB
HardwareCorrupted:     0 kB
AnonHugePages:         0 kB
HugePages_Total:       0
HugePages_Free:        0
HugePages_Rsvd:        0
HugePages_Surp:        0
Hugepagesize:       2048 kB
DirectMap4k:      167936 kB
DirectMap2M:     7088128 kB


CPU:total 4 (4 cores per cpu, 1 threads per core) family 6 model 42 stepping 7, cmov, cx8, fxsr, mmx, sse, sse2, sse3, ssse3, sse4.1, sse4.2, popcnt

Memory: 4k page, physical 8081396k(3957628k free), swap 8290300k(8290300k free)

vm_info: OpenJDK 64-Bit Server VM (20.0-b12) for linux-amd64 JRE (1.6.0_24-b24), built on Oct 24 2012 15:46:19 by "buildd" with gcc 4.7.2

time: Thu Dec 13 20:03:05 2012
elapsed time: 128 seconds

