#
# A fatal error has been detected by the Java Runtime Environment:
#
#  SIGBUS (0x7) at pc=0x00007f44209d17f0, pid=16282, tid=139930359441152
#
# JRE version: 6.0_24-b24
# Java VM: OpenJDK 64-Bit Server VM (20.0-b12 mixed mode linux-amd64 compressed oops)
# Derivative: IcedTea6 1.11.5
# Distribution: Ubuntu 12.10, package 6b24-1.11.5-0ubuntu1~12.10.1
# Problematic frame:
# 
[error occurred during error reporting (printing problematic frame), id 0x7]

# If you would like to submit a bug report, please include
# instructions how to reproduce the bug and visit:
#   https://bugs.launchpad.net/ubuntu/+source/openjdk-6/
# The crash happened outside the Java Virtual Machine in native code.
# See problematic frame for where to report the bug.
#

---------------  T H R E A D  ---------------

Current thread (0x00007f4424245000):  JavaThread "LWJGL Application" [_thread_in_native, id=16305, stack(0x00007f44134e2000,0x00007f44135e3000)]

siginfo:si_signo=SIGBUS: si_errno=0, si_code=2 (BUS_ADRERR), si_addr=0x00007f44209d17f0

Registers:
RAX=0x0000000000000000, RBX=0x0000000000000001, RCX=0x00007f44135e17d8, RDX=0x00007f44135e17d0
RSP=0x00007f44135e17c8, RBP=0x00007f44135e1810, RSI=0x00007f44135e1800, RDI=0x00007f44242451d0
R8 =0x0000000000000014, R9 =0x0000000000000000, R10=0x00007f4421060009, R11=0x00000000ef5b323f
R12=0x0000000000000000, R13=0x00007f44135e1918, R14=0x00007f44135e1800, R15=0x00007f4424245000
RIP=0x00007f44209d17f0, EFLAGS=0x0000000000010246, CSGSFS=0x0000000000000033, ERR=0x0000000000000014
  TRAPNO=0x000000000000000e

Top of Stack: (sp=0x00007f44135e17c8)
0x00007f44135e17c8:   00007f4421060083 00000007d7a31a58
0x00007f44135e17d8:   00000007d7a227e0 00007f44133bc4e0
0x00007f44135e17e8:   0000000000000000 00000007d760cf00
0x00007f44135e17f8:   00000007d7abfa00 000000077ad9ed30
0x00007f44135e1808:   000000077ad53896 00000000faf444fc
0x00007f44135e1818:   00007f44210b17ec 00000007d79f1a30
0x00007f44135e1828:   0000001400000001 00000007d7a14dc0
0x00007f44135e1838:   0000000000000000 4448000044160000
0x00007f44135e1848:   00000007d79f1a30 000000003f800000
0x00007f44135e1858:   00000007d79f1af8 00000007d79f1a30
0x00007f44135e1868:   00007f44210985f8 00000007d7ab65e8
0x00007f44135e1878:   4360000043600000 4200000042000000
0x00007f44135e1888:   00000007d79f1a30 00007f44faf55e98
0x00007f44135e1898:   0000000044480000 00007f4444160000
0x00007f44135e18a8:   00007f4400000000 00007f4400000000
0x00007f44135e18b8:   00000007d7aa8690 00000000faf56cbd
0x00007f44135e18c8:   00007f44210ac168 00000007d7997840
0x00007f44135e18d8:   00000007d7ac4300 000000077ad694f0
0x00007f44135e18e8:   0000000000000000 000000077ad68b90
0x00007f44135e18f8:   0000000000000000 00007f44135e1960
0x00007f44135e1908:   00007f442100585a 00007f442100585a
0x00007f44135e1918:   00000007d7997840 00007f44135e1920
0x00007f44135e1928:   000000077ad68a74 00007f44135e1970
0x00007f44135e1938:   000000077ad694f0 0000000000000000
0x00007f44135e1948:   000000077ad68aa0 00007f44135e1918
0x00007f44135e1958:   00007f44135e1970 00007f44135e19b8
0x00007f44135e1968:   00007f442100585a 00000007d7997840
0x00007f44135e1978:   00007f44135e1978 000000077ad598ce
0x00007f44135e1988:   00007f44135e19d0 000000077ad5a320
0x00007f44135e1998:   0000000000000000 000000077ad598f8
0x00007f44135e19a8:   00007f44135e1970 00007f44135e19c8
0x00007f44135e19b8:   00007f44135e1a18 00007f4421005d34 

Instructions: (pc=0x00007f44209d17f0)
0x00007f44209d17d0:   
[error occurred during error reporting (printing registers, top of stack, instructions near pc), id 0x7]

Register to memory mapping:

RAX=0x0000000000000000 is an unknown value
RBX=0x0000000000000001 is an unknown value
RCX=0x00007f44135e17d8 is pointing into the stack for thread: 0x00007f4424245000
RDX=0x00007f44135e17d0 is pointing into the stack for thread: 0x00007f4424245000
RSP=0x00007f44135e17c8 is pointing into the stack for thread: 0x00007f4424245000
RBP=0x00007f44135e1810 is pointing into the stack for thread: 0x00007f4424245000
RSI=0x00007f44135e1800 is pointing into the stack for thread: 0x00007f4424245000
RDI=0x00007f44242451d0 is an unknown value
R8 =0x0000000000000014 is an unknown value
R9 =0x0000000000000000 is an unknown value
R10=0x00007f442105fe10 [CodeBlob (0x00007f442105fe10)]
Framesize: 10
R11=0x00000000ef5b323f is an unknown value
R12=0x0000000000000000 is an unknown value
R13=0x00007f44135e1918 is pointing into the stack for thread: 0x00007f4424245000
R14=0x00007f44135e1800 is pointing into the stack for thread: 0x00007f4424245000
R15=0x00007f4424245000 is a thread


Stack: [0x00007f44134e2000,0x00007f44135e3000],  sp=0x00007f44135e17c8,  free space=1021k
Native frames: (J=compiled Java code, j=interpreted, Vv=VM code, C=native code)

[error occurred during error reporting (printing native stack), id 0x7]

Java frames: (J=compiled Java code, j=interpreted, Vv=VM code)
J  com.badlogic.gdx.utils.BufferUtils.copyJni([FLjava/nio/Buffer;II)V
J  com.badlogic.gdx.graphics.g2d.SpriteBatch.renderMesh()V
J  com.badlogic.gdx.graphics.g2d.SpriteBatch.draw(Lcom/badlogic/gdx/graphics/g2d/TextureRegion;FFFF)V
J  com.jamiltron.homunculus.view.WorldRenderer.renderHomunculi()V
j  com.jamiltron.homunculus.view.WorldRenderer.render()V+12
j  com.jamiltron.homunculus.screen.GameScreen.render(F)V+38
j  com.badlogic.gdx.Game.render()V+19
j  com.badlogic.gdx.backends.lwjgl.LwjglApplication.mainLoop()V+501
j  com.badlogic.gdx.backends.lwjgl.LwjglApplication$1.run()V+27
v  ~StubRoutines::call_stub

---------------  P R O C E S S  ---------------

Java Threads: ( => current thread )
  0x00007f4424008000 JavaThread "DestroyJavaVM" [_thread_blocked, id=16287, stack(0x00007f442cee7000,0x00007f442cfe8000)]
=>0x00007f4424245000 JavaThread "LWJGL Application" [_thread_in_native, id=16305, stack(0x00007f44134e2000,0x00007f44135e3000)]
  0x00007f4424228800 JavaThread "AWT-XAWT" daemon [_thread_blocked, id=16301, stack(0x00007f441a72a000,0x00007f441a82b000)]
  0x00007f44241ab800 JavaThread "Java2D Disposer" daemon [_thread_blocked, id=16300, stack(0x00007f441acb0000,0x00007f441adb1000)]
  0x00007f442409e000 JavaThread "Low Memory Detector" daemon [_thread_blocked, id=16298, stack(0x00007f4420cfd000,0x00007f4420dfe000)]
  0x00007f442409b800 JavaThread "C2 CompilerThread1" daemon [_thread_blocked, id=16297, stack(0x00007f4420dfe000,0x00007f4420eff000)]
  0x00007f4424098800 JavaThread "C2 CompilerThread0" daemon [_thread_blocked, id=16296, stack(0x00007f4420eff000,0x00007f4421000000)]
  0x00007f4424097800 JavaThread "Signal Dispatcher" daemon [_thread_blocked, id=16295, stack(0x00007f4428079000,0x00007f442817a000)]
  0x00007f4424078800 JavaThread "Finalizer" daemon [_thread_blocked, id=16294, stack(0x00007f442885b000,0x00007f442895c000)]
  0x00007f4424076800 JavaThread "Reference Handler" daemon [_thread_blocked, id=16293, stack(0x00007f442895c000,0x00007f4428a5d000)]

Other Threads:
  0x00007f442406f800 VMThread [stack: 0x00007f4428a5d000,0x00007f4428b5e000] [id=16292]
  0x00007f44240a0800 WatcherThread [stack: 0x00007f4420bfc000,0x00007f4420cfd000] [id=16299]

VM state:not at safepoint (normal execution)

VM Mutex/Monitor currently owned by a thread: None

Heap
 PSYoungGen      total 36800K, used 15163K [0x00000007d6e00000, 0x00000007d9710000, 0x0000000800000000)
  eden space 31552K, 48% used [0x00000007d6e00000,0x00000007d7cced90,0x00000007d8cd0000)
  from space 5248K, 0% used [0x00000007d91f0000,0x00000007d91f0000,0x00000007d9710000)
  to   space 5248K, 0% used [0x00000007d8cd0000,0x00000007d8cd0000,0x00000007d91f0000)
 PSOldGen        total 84224K, used 0K [0x0000000784a00000, 0x0000000789c40000, 0x00000007d6e00000)
  object space 84224K, 0% used [0x0000000784a00000,0x0000000784a00000,0x0000000789c40000)
 PSPermGen       total 21248K, used 10189K [0x000000077a400000, 0x000000077b8c0000, 0x0000000784a00000)
  object space 21248K, 47% used [0x000000077a400000,0x000000077adf3640,0x000000077b8c0000)

Code Cache  [0x00007f4421000000, 0x00007f4421270000, 0x00007f4424000000)
 total_blobs=584 nmethods=133 adapters=406 free_code_cache=49603648 largest_free_block=8128

Dynamic libraries:
00400000-00409000 r-xp 00000000 08:06 1577371                            /usr/lib/jvm/java-6-openjdk-amd64/jre/bin/java
00608000-00609000 r--p 00008000 08:06 1577371                            /usr/lib/jvm/java-6-openjdk-amd64/jre/bin/java
00609000-0060a000 rw-p 00009000 08:06 1577371                            /usr/lib/jvm/java-6-openjdk-amd64/jre/bin/java
00732000-00753000 rw-p 00000000 00:00 0                                  [heap]
407d8000-40875000 rw-p 00000000 00:00 0 
4104b000-4104d000 r-xs 00000000 08:06 396549                             /tmp/gls9uvJH (deleted)
77a400000-77b8c0000 rw-p 00000000 00:00 0 
77b8c0000-784a00000 rw-p 00000000 00:00 0 
784a00000-789c40000 rw-p 00000000 00:00 0 
789c40000-7d6e00000 rw-p 00000000 00:00 0 
7d6e00000-7d9710000 rw-p 00000000 00:00 0 
7d9710000-800000000 rw-p 00000000 00:00 0 
7f43c8000000-7f43c8da0000 rw-p 00000000 00:00 0 
7f43c8da0000-7f43cc000000 ---p 00000000 00:00 0 
7f43cc000000-7f43cc021000 rw-p 00000000 00:00 0 
7f43cc021000-7f43d0000000 ---p 00000000 00:00 0 
7f43d0000000-7f43d0021000 rw-p 00000000 00:00 0 
7f43d0021000-7f43d4000000 ---p 00000000 00:00 0 
7f43d79ff000-7f43d7dff000 rw-s 13096b000 00:05 11436                     /dev/nvidia0
7f43d7dff000-7f43d7fff000 rw-s 12c0f5000 00:05 11436                     /dev/nvidia0
7f43d7fff000-7f43dc000000 rw-s 00000000 00:12 274417                     /run/shm/pulse-shm-2131170619
7f43dc000000-7f43dc021000 rw-p 00000000 00:00 0 
7f43dc021000-7f43e0000000 ---p 00000000 00:00 0 
7f43e0000000-7f43e0021000 rw-p 00000000 00:00 0 
7f43e0021000-7f43e4000000 ---p 00000000 00:00 0 
7f43e4000000-7f43e4021000 rw-p 00000000 00:00 0 
7f43e4021000-7f43e8000000 ---p 00000000 00:00 0 
7f43e8000000-7f43e8021000 rw-p 00000000 00:00 0 
7f43e8021000-7f43ec000000 ---p 00000000 00:00 0 
7f43ec000000-7f43ec317000 rw-p 00000000 00:00 0 
7f43ec317000-7f43f0000000 ---p 00000000 00:00 0 
7f43f0000000-7f43f0021000 rw-p 00000000 00:00 0 
7f43f0021000-7f43f4000000 ---p 00000000 00:00 0 
7f43f4000000-7f43f4021000 rw-p 00000000 00:00 0 
7f43f4021000-7f43f8000000 ---p 00000000 00:00 0 
7f43f8000000-7f43f8233000 rw-p 00000000 00:00 0 
7f43f8233000-7f43fc000000 ---p 00000000 00:00 0 
7f43fc000000-7f43fc021000 rw-p 00000000 00:00 0 
7f43fc021000-7f4400000000 ---p 00000000 00:00 0 
7f4400000000-7f4400021000 rw-p 00000000 00:00 0 
7f4400021000-7f4404000000 ---p 00000000 00:00 0 
7f4404000000-7f4404021000 rw-p 00000000 00:00 0 
7f4404021000-7f4408000000 ---p 00000000 00:00 0 
7f4408000000-7f4408021000 rw-p 00000000 00:00 0 
7f4408021000-7f440c000000 ---p 00000000 00:00 0 
7f440c000000-7f440c021000 rw-p 00000000 00:00 0 
7f440c021000-7f4410000000 ---p 00000000 00:00 0 
7f441001c000-7f441001e000 rw-p 00000000 00:00 0 
7f441001e000-7f441021e000 rw-s 1241ef000 00:05 11436                     /dev/nvidia0
7f441021e000-7f441041e000 rw-s 12821d000 00:05 11436                     /dev/nvidia0
7f441041e000-7f441061e000 rw-s 124188000 00:05 11436                     /dev/nvidia0
7f441061e000-7f441071e000 rw-s 1c42e4000 00:05 11436                     /dev/nvidia0
7f441071e000-7f441073e000 rw-s d00c0000 00:05 11436                      /dev/nvidia0
7f441073e000-7f441073f000 rw-s d7ee8000 00:05 11436                      /dev/nvidia0
7f441073f000-7f441077f000 rw-s 131307000 00:05 11436                     /dev/nvidia0
7f441077f000-7f44107bf000 rw-s 1302ef000 00:05 11436                     /dev/nvidia0
7f44107bf000-7f441087d000 rw-p 00000000 00:00 0 
7f441087d000-7f44108f1000 rw-p 00000000 00:00 0 
7f44108ff000-7f44109c8000 rw-p 00000000 00:00 0 
7f44109c8000-7f44123d6000 r-xp 00000000 08:06 7611367                    /usr/lib/nvidia-experimental-310/libnvidia-glcore.so.310.14
7f44123d6000-7f44125d5000 ---p 01a0e000 08:06 7611367                    /usr/lib/nvidia-experimental-310/libnvidia-glcore.so.310.14
7f44125d5000-7f4412ea2000 rwxp 01a0d000 08:06 7611367                    /usr/lib/nvidia-experimental-310/libnvidia-glcore.so.310.14
7f4412ea2000-7f4412ebc000 rwxp 00000000 00:00 0 
7f4412ebc000-7f4412ebf000 r-xp 00000000 08:06 7611370                    /usr/lib/nvidia-experimental-310/tls/libnvidia-tls.so.310.14
7f4412ebf000-7f44130be000 ---p 00003000 08:06 7611370                    /usr/lib/nvidia-experimental-310/tls/libnvidia-tls.so.310.14
7f44130be000-7f44130bf000 rw-p 00002000 08:06 7611370                    /usr/lib/nvidia-experimental-310/tls/libnvidia-tls.so.310.14
7f44130bf000-7f441318d000 r-xp 00000000 08:06 7604143                    /usr/lib/nvidia-experimental-310/libGL.so.310.14
7f441318d000-7f441338c000 ---p 000ce000 08:06 7604143                    /usr/lib/nvidia-experimental-310/libGL.so.310.14
7f441338c000-7f44133cb000 rwxp 000cd000 08:06 7604143                    /usr/lib/nvidia-experimental-310/libGL.so.310.14
7f44133cb000-7f44133e1000 rwxp 00000000 00:00 0 
7f44133e1000-7f44133e4000 ---p 00000000 00:00 0 
7f44133e4000-7f44134e2000 rw-p 00000000 00:00 0 
7f44134e2000-7f44134e5000 ---p 00000000 00:00 0 
7f44134e5000-7f44135e3000 rw-p 00000000 00:00 0                          [stack:16305]
7f44135e3000-7f44135e4000 ---p 00000000 00:00 0 
7f44135e4000-7f4413de4000 rw-p 00000000 00:00 0                          [stack:16303]
7f4413de4000-7f4413dfc000 r-xp 00000000 08:06 2756166                    /lib/x86_64-linux-gnu/libresolv-2.15.so
7f4413dfc000-7f4413ffc000 ---p 00018000 08:06 2756166                    /lib/x86_64-linux-gnu/libresolv-2.15.so
7f4413ffc000-7f4413ffd000 r--p 00018000 08:06 2756166                    /lib/x86_64-linux-gnu/libresolv-2.15.so
7f4413ffd000-7f4413ffe000 rw-p 00019000 08:06 2756166                    /lib/x86_64-linux-gnu/libresolv-2.15.so
7f4413ffe000-7f4414000000 rw-p 00000000 00:00 0 
7f4414000000-7f4414021000 rw-p 00000000 00:00 0 
7f4414021000-7f4418000000 ---p 00000000 00:00 0 
7f4418001000-7f4418021000 rw-s 1241a7000 00:05 11436                     /dev/nvidia0
7f4418041000-7f4418060000 rw-s 23237f000 00:05 11436                     /dev/nvidia0
7f4418060000-7f441809e000 rw-p 00000000 00:00 0 
7f441809e000-7f441809f000 ---p 00000000 00:00 0 
7f441809f000-7f441819f000 rw-p 00000000 00:00 0                          [stack:16304]
7f441819f000-7f44181a5000 r-xp 00000000 08:06 7610109                    /usr/lib/x86_64-linux-gnu/libogg.so.0.8.0
7f44181a5000-7f44183a4000 ---p 00006000 08:06 7610109                    /usr/lib/x86_64-linux-gnu/libogg.so.0.8.0
7f44183a4000-7f44183a5000 r--p 00005000 08:06 7610109                    /usr/lib/x86_64-linux-gnu/libogg.so.0.8.0
7f44183a5000-7f44183a6000 rw-p 00006000 08:06 7610109                    /usr/lib/x86_64-linux-gnu/libogg.so.0.8.0
7f44183a6000-7f44183d1000 r-xp 00000000 08:06 7610315                    /usr/lib/x86_64-linux-gnu/libvorbis.so.0.4.5
7f44183d1000-7f44185d1000 ---p 0002b000 08:06 7610315                    /usr/lib/x86_64-linux-gnu/libvorbis.so.0.4.5
7f44185d1000-7f44185d2000 r--p 0002b000 08:06 7610315                    /usr/lib/x86_64-linux-gnu/libvorbis.so.0.4.5
7f44185d2000-7f44185d3000 rw-p 0002c000 08:06 7610315                    /usr/lib/x86_64-linux-gnu/libvorbis.so.0.4.5
7f44185d3000-7f4418886000 r-xp 00000000 08:06 7610317                    /usr/lib/x86_64-linux-gnu/libvorbisenc.so.2.0.8
7f4418886000-7f4418a85000 ---p 002b3000 08:06 7610317                    /usr/lib/x86_64-linux-gnu/libvorbisenc.so.2.0.8
7f4418a85000-7f4418aa1000 r--p 002b2000 08:06 7610317                    /usr/lib/x86_64-linux-gnu/libvorbisenc.so.2.0.8
7f4418aa1000-7f4418aa2000 rw-p 002ce000 08:06 7610317                    /usr/lib/x86_64-linux-gnu/libvorbisenc.so.2.0.8
7f4418aa2000-7f4418aec000 r-xp 00000000 08:06 7609514                    /usr/lib/x86_64-linux-gnu/libFLAC.so.8.2.0
7f4418aec000-7f4418cec000 ---p 0004a000 08:06 7609514                    /usr/lib/x86_64-linux-gnu/libFLAC.so.8.2.0
7f4418cec000-7f4418ced000 r--p 0004a000 08:06 7609514                    /usr/lib/x86_64-linux-gnu/libFLAC.so.8.2.0
7f4418ced000-7f4418cee000 rw-p 0004b000 08:06 7609514                    /usr/lib/x86_64-linux-gnu/libFLAC.so.8.2.0
7f4418cee000-7f4418cf3000 r-xp 00000000 08:06 7609662                    /usr/lib/x86_64-linux-gnu/libasyncns.so.0.3.1
7f4418cf3000-7f4418ef2000 ---p 00005000 08:06 7609662                    /usr/lib/x86_64-linux-gnu/libasyncns.so.0.3.1
7f4418ef2000-7f4418ef3000 r--p 00004000 08:06 7609662                    /usr/lib/x86_64-linux-gnu/libasyncns.so.0.3.1
7f4418ef3000-7f4418ef4000 rw-p 00005000 08:06 7609662                    /usr/lib/x86_64-linux-gnu/libasyncns.so.0.3.1
7f4418ef4000-7f4418f53000 r-xp 00000000 08:06 7610226                    /usr/lib/x86_64-linux-gnu/libsndfile.so.1.0.25
7f4418f53000-7f4419153000 ---p 0005f000 08:06 7610226                    /usr/lib/x86_64-linux-gnu/libsndfile.so.1.0.25
7f4419153000-7f4419155000 r--p 0005f000 08:06 7610226                    /usr/lib/x86_64-linux-gnu/libsndfile.so.1.0.25
7f4419155000-7f4419156000 rw-p 00061000 08:06 7610226                    /usr/lib/x86_64-linux-gnu/libsndfile.so.1.0.25
7f4419156000-7f441915a000 rw-p 00000000 00:00 0 
7f441915a000-7f4419162000 r-xp 00000000 08:06 2756195                    /lib/x86_64-linux-gnu/libwrap.so.0.7.6
7f4419162000-7f4419362000 ---p 00008000 08:06 2756195                    /lib/x86_64-linux-gnu/libwrap.so.0.7.6
7f4419362000-7f4419363000 r--p 00008000 08:06 2756195                    /lib/x86_64-linux-gnu/libwrap.so.0.7.6
7f4419363000-7f4419364000 rw-p 00009000 08:06 2756195                    /lib/x86_64-linux-gnu/libwrap.so.0.7.6
7f4419364000-7f44193a7000 r-xp 00000000 08:06 2756076                    /lib/x86_64-linux-gnu/libdbus-1.so.3.7.2
7f44193a7000-7f44195a6000 ---p 00043000 08:06 2756076                    /lib/x86_64-linux-gnu/libdbus-1.so.3.7.2
7f44195a6000-7f44195a7000 r--p 00042000 08:06 2756076                    /lib/x86_64-linux-gnu/libdbus-1.so.3.7.2
7f44195a7000-7f44195a8000 rw-p 00043000 08:06 2756076                    /lib/x86_64-linux-gnu/libdbus-1.so.3.7.2
7f44195a8000-7f4419604000 r-xp 00000000 08:06 7997752                    /usr/lib/x86_64-linux-gnu/pulseaudio/libpulsecommon-2.1.so
7f4419604000-7f4419803000 ---p 0005c000 08:06 7997752                    /usr/lib/x86_64-linux-gnu/pulseaudio/libpulsecommon-2.1.so
7f4419803000-7f4419804000 r--p 0005b000 08:06 7997752                    /usr/lib/x86_64-linux-gnu/pulseaudio/libpulsecommon-2.1.so
7f4419804000-7f4419805000 rw-p 0005c000 08:06 7997752                    /usr/lib/x86_64-linux-gnu/pulseaudio/libpulsecommon-2.1.so
7f4419805000-7f441980d000 r-xp 00000000 08:06 7610027                    /usr/lib/x86_64-linux-gnu/libjson.so.0.1.0
7f441980d000-7f4419a0c000 ---p 00008000 08:06 7610027                    /usr/lib/x86_64-linux-gnu/libjson.so.0.1.0
7f4419a0c000-7f4419a0d000 r--p 00007000 08:06 7610027                    /usr/lib/x86_64-linux-gnu/libjson.so.0.1.0
7f4419a0d000-7f4419a0e000 rw-p 00008000 08:06 7610027                    /usr/lib/x86_64-linux-gnu/libjson.so.0.1.0
7f4419a0e000-7f4419a55000 r-xp 00000000 08:06 7610172                    /usr/lib/x86_64-linux-gnu/libpulse.so.0.14.3
7f4419a55000-7f4419c54000 ---p 00047000 08:06 7610172                    /usr/lib/x86_64-linux-gnu/libpulse.so.0.14.3
7f4419c54000-7f4419c55000 r--p 00046000 08:06 7610172                    /usr/lib/x86_64-linux-gnu/libpulse.so.0.14.3
7f4419c55000-7f4419c56000 rw-p 00047000 08:06 7610172                    /usr/lib/x86_64-linux-gnu/libpulse.so.0.14.3
7f4419c56000-7f4419ca7000 r-xp 00000000 08:06 661751                     /tmp/libgdxjamiltron/1236974564/libopenal64.so
7f4419ca7000-7f4419ea7000 ---p 00051000 08:06 661751                     /tmp/libgdxjamiltron/1236974564/libopenal64.so
7f4419ea7000-7f4419ea9000 r--p 00051000 08:06 661751                     /tmp/libgdxjamiltron/1236974564/libopenal64.so
7f4419ea9000-7f4419eaa000 rw-p 00053000 08:06 661751                     /tmp/libgdxjamiltron/1236974564/libopenal64.so
7f4419eaa000-7f4419eab000 rw-p 00000000 00:00 0 
7f4419eab000-7f4419eaf000 r-xp 00000000 08:06 7609636                    /usr/lib/x86_64-linux-gnu/libXxf86vm.so.1.0.0
7f4419eaf000-7f441a0af000 ---p 00004000 08:06 7609636                    /usr/lib/x86_64-linux-gnu/libXxf86vm.so.1.0.0
7f441a0af000-7f441a0b0000 r--p 00004000 08:06 7609636                    /usr/lib/x86_64-linux-gnu/libXxf86vm.so.1.0.0
7f441a0b0000-7f441a0b1000 rw-p 00005000 08:06 7609636                    /usr/lib/x86_64-linux-gnu/libXxf86vm.so.1.0.0
7f441a0b1000-7f441a0ba000 r-xp 00000000 08:06 7609624                    /usr/lib/x86_64-linux-gnu/libXrandr.so.2.2.0
7f441a0ba000-7f441a2b9000 ---p 00009000 08:06 7609624                    /usr/lib/x86_64-linux-gnu/libXrandr.so.2.2.0
7f441a2b9000-7f441a2ba000 r--p 00008000 08:06 7609624                    /usr/lib/x86_64-linux-gnu/libXrandr.so.2.2.0
7f441a2ba000-7f441a2bb000 rw-p 00009000 08:06 7609624                    /usr/lib/x86_64-linux-gnu/libXrandr.so.2.2.0
7f441a2bb000-7f441a325000 r-xp 00000000 08:06 661752                     /tmp/libgdxjamiltron/1236974564/liblwjgl64.so
7f441a325000-7f441a525000 ---p 0006a000 08:06 661752                     /tmp/libgdxjamiltron/1236974564/liblwjgl64.so
7f441a525000-7f441a527000 r--p 0006a000 08:06 661752                     /tmp/libgdxjamiltron/1236974564/liblwjgl64.so
7f441a527000-7f441a528000 rw-p 0006c000 08:06 661752                     /tmp/libgdxjamiltron/1236974564/liblwjgl64.so
7f441a528000-7f441a529000 r-xp 00000000 08:06 1577367                    /usr/lib/jvm/java-6-openjdk-amd64/jre/lib/amd64/libjawt.so
7f441a529000-7f441a728000 ---p 00001000 08:06 1577367                    /usr/lib/jvm/java-6-openjdk-amd64/jre/lib/amd64/libjawt.so
7f441a728000-7f441a729000 r--p 00000000 08:06 1577367                    /usr/lib/jvm/java-6-openjdk-amd64/jre/lib/amd64/libjawt.so
7f441a729000-7f441a72a000 rw-p 00001000 08:06 1577367                    /usr/lib/jvm/java-6-openjdk-amd64/jre/lib/amd64/libjawt.so
7f441a72a000-7f441a72d000 ---p 00000000 00:00 0 
7f441a72d000-7f441a82b000 rw-p 00000000 00:00 0                          [stack:16301]
7f441a82b000-7f441a82c000 r--s 00000000 08:06 1704097                    /var/cache/fontconfig/c05880de57d1f5e948fdfacc138775d9-le64.cache-3
7f441a82c000-7f441a835000 r--s 00000000 08:06 1704089                    /var/cache/fontconfig/945677eb7aeaf62f1d50efc3fb3ec7d8-le64.cache-3
7f441a835000-7f441a837000 r--s 00000000 08:06 1704091                    /var/cache/fontconfig/99e8ed0e538f840c565b6ed5dad60d56-le64.cache-3
7f441a837000-7f441a83c000 r--s 00000000 08:06 1704074                    /var/cache/fontconfig/2cd17615ca594fa2959ae173292e504c-le64.cache-3
7f441a83c000-7f441a83d000 r--s 00000000 08:06 1704105                    /var/cache/fontconfig/e7071f4a29fa870f4323321c154eba04-le64.cache-3
7f441a83d000-7f441a83e000 r--s 00000000 08:06 1704071                    /var/cache/fontconfig/0d8c3b2ac0904cb8a57a757ad11a4a08-le64.cache-3
7f441a83e000-7f441a844000 r--s 00000000 08:06 1704093                    /var/cache/fontconfig/a755afe4a08bf5b97852ceb7400b47bc-le64.cache-3
7f441a844000-7f441a84d000 r--s 00000000 08:06 1712634                    /var/cache/fontconfig/6d41288fd70b0be22e8c3a91e032eec0-le64.cache-3
7f441a85a000-7f441a883000 rw-p 00000000 00:00 0 
7f441a883000-7f441a888000 r-xp 00000000 08:06 7609608                    /usr/lib/x86_64-linux-gnu/libXfixes.so.3.1.0
7f441a888000-7f441aa87000 ---p 00005000 08:06 7609608                    /usr/lib/x86_64-linux-gnu/libXfixes.so.3.1.0
7f441aa87000-7f441aa88000 r--p 00004000 08:06 7609608                    /usr/lib/x86_64-linux-gnu/libXfixes.so.3.1.0
7f441aa88000-7f441aa89000 rw-p 00005000 08:06 7609608                    /usr/lib/x86_64-linux-gnu/libXfixes.so.3.1.0
7f441aa89000-7f441aa92000 r-xp 00000000 08:06 7609600                    /usr/lib/x86_64-linux-gnu/libXcursor.so.1.0.2
7f441aa92000-7f441ac92000 ---p 00009000 08:06 7609600                    /usr/lib/x86_64-linux-gnu/libXcursor.so.1.0.2
7f441ac92000-7f441ac93000 r--p 00009000 08:06 7609600                    /usr/lib/x86_64-linux-gnu/libXcursor.so.1.0.2
7f441ac93000-7f441ac94000 rw-p 0000a000 08:06 7609600                    /usr/lib/x86_64-linux-gnu/libXcursor.so.1.0.2
7f441aca1000-7f441aca3000 rw-s 00000000 08:06 396549                     /tmp/gls9uvJH (deleted)
7f441aca3000-7f441aca7000 rw-s 150b29000 00:05 11436                     /dev/nvidia0
7f441aca7000-7f441aca8000 rw-s 130afa000 00:05 11436                     /dev/nvidia0
7f441aca8000-7f441acac000 rw-s 124344000 00:05 11436                     /dev/nvidia0
7f441acac000-7f441acad000 rw-s d7ee7000 00:05 11436                      /dev/nvidia0
7f441acad000-7f441acae000 rw-s fa642000 00:05 11436                      /dev/nvidia0
7f441acae000-7f441acaf000 rw-s 21f4c2000 00:05 11436                     /dev/nvidia0
7f441acaf000-7f441acb0000 rw-s fa641000 00:05 11436                      /dev/nvidia0
7f441acb0000-7f441acb3000 ---p 00000000 00:00 0 
7f441acb3000-7f441adb1000 rw-p 00000000 00:00 0                          [stack:16300]
7f441adb1000-7f441ae47000 r-xp 00000000 08:06 7609837                    /usr/lib/x86_64-linux-gnu/libfreetype.so.6.9.0
7f441ae47000-7f441b046000 ---p 00096000 08:06 7609837                    /usr/lib/x86_64-linux-gnu/libfreetype.so.6.9.0
7f441b046000-7f441b04c000 r--p 00095000 08:06 7609837                    /usr/lib/x86_64-linux-gnu/libfreetype.so.6.9.0
7f441b04c000-7f441b04d000 rw-p 0009b000 08:06 7609837                    /usr/lib/x86_64-linux-gnu/libfreetype.so.6.9.0
7f441b04d000-7f441b087000 r-xp 00000000 08:06 1577352                    /usr/lib/jvm/java-6-openjdk-amd64/jre/lib/amd64/libfontmanager.so
7f441b087000-7f441b286000 ---p 0003a000 08:06 1577352                    /usr/lib/jvm/java-6-openjdk-amd64/jre/lib/amd64/libfontmanager.so
7f441b286000-7f441b288000 r--p 00039000 08:06 1577352                    /usr/lib/jvm/java-6-openjdk-amd64/jre/lib/amd64/libfontmanager.so
7f441b288000-7f441b289000 rw-p 0003b000 08:06 1577352                    /usr/lib/jvm/java-6-openjdk-amd64/jre/lib/amd64/libfontmanager.so
7f441b289000-7f441b28e000 r-xp 00000000 08:06 7609604                    /usr/lib/x86_64-linux-gnu/libXdmcp.so.6.0.0
7f441b28e000-7f441b48d000 ---p 00005000 08:06 7609604                    /usr/lib/x86_64-linux-gnu/libXdmcp.so.6.0.0
7f441b48d000-7f441b48e000 r--p 00004000 08:06 7609604                    /usr/lib/x86_64-linux-gnu/libXdmcp.so.6.0.0
7f441b48e000-7f441b48f000 rw-p 00005000 08:06 7609604                    /usr/lib/x86_64-linux-gnu/libXdmcp.so.6.0.0
7f441b48f000-7f441b491000 r-xp 00000000 08:06 7609593                    /usr/lib/x86_64-linux-gnu/libXau.so.6.0.0
7f441b491000-7f441b691000 ---p 00002000 08:06 7609593                    /usr/lib/x86_64-linux-gnu/libXau.so.6.0.0
7f441b691000-7f441b692000 r--p 00002000 08:06 7609593                    /usr/lib/x86_64-linux-gnu/libXau.so.6.0.0
7f441b692000-7f441b693000 rw-p 00003000 08:06 7609593                    /usr/lib/x86_64-linux-gnu/libXau.so.6.0.0
7f441b693000-7f441b6b0000 r-xp 00000000 08:06 7610346                    /usr/lib/x86_64-linux-gnu/libxcb.so.1.1.0
7f441b6b0000-7f441b8af000 ---p 0001d000 08:06 7610346                    /usr/lib/x86_64-linux-gnu/libxcb.so.1.1.0
7f441b8af000-7f441b8b0000 r--p 0001c000 08:06 7610346                    /usr/lib/x86_64-linux-gnu/libxcb.so.1.1.0
7f441b8b0000-7f441b8b1000 rw-p 0001d000 08:06 7610346                    /usr/lib/x86_64-linux-gnu/libxcb.so.1.1.0
7f441b8b1000-7f441b8bf000 r-xp 00000000 08:06 7609612                    /usr/lib/x86_64-linux-gnu/libXi.so.6.1.0
7f441b8bf000-7f441babe000 ---p 0000e000 08:06 7609612                    /usr/lib/x86_64-linux-gnu/libXi.so.6.1.0
7f441babe000-7f441babf000 r--p 0000d000 08:06 7609612                    /usr/lib/x86_64-linux-gnu/libXi.so.6.1.0
7f441babf000-7f441bac0000 rw-p 0000e000 08:06 7609612                    /usr/lib/x86_64-linux-gnu/libXi.so.6.1.0
7f441bac0000-7f441bac5000 r-xp 00000000 08:06 7609630                    /usr/lib/x86_64-linux-gnu/libXtst.so.6.1.0
7f441bac5000-7f441bcc4000 ---p 00005000 08:06 7609630                    /usr/lib/x86_64-linux-gnu/libXtst.so.6.1.0
7f441bcc4000-7f441bcc5000 r--p 00004000 08:06 7609630                    /usr/lib/x86_64-linux-gnu/libXtst.so.6.1.0
7f441bcc5000-7f441bcc6000 rw-p 00005000 08:06 7609630                    /usr/lib/x86_64-linux-gnu/libXtst.so.6.1.0
7f441bcc6000-7f441bdfa000 r-xp 00000000 08:06 7609589                    /usr/lib/x86_64-linux-gnu/libX11.so.6.3.0
7f441bdfa000-7f441bffa000 ---p 00134000 08:06 7609589                    /usr/lib/x86_64-linux-gnu/libX11.so.6.3.0
7f441bffa000-7f441bffb000 r--p 00134000 08:06 7609589                    /usr/lib/x86_64-linux-gnu/libX11.so.6.3.0
7f441bffb000-7f441c000000 rw-p 00135000 08:06 7609589                    /usr/lib/x86_64-linux-gnu/libX11.so.6.3.0
7f441c000000-7f441c021000 rw-p 00000000 00:00 0 
7f441c021000-7f4420000000 ---p 00000000 00:00 0 
7f4420000000-7f4420007000 r--s 00000000 08:06 7997327                    /usr/lib/x86_64-linux-gnu/gconv/gconv-modules.cache
7f4420007000-7f4420017000 r--s 00000000 08:06 1704069                    /var/cache/fontconfig/04aabc0a78ac019cf9454389977116d2-le64.cache-3
7f4420017000-7f4420018000 r--s 00000000 08:06 1704073                    /var/cache/fontconfig/1ac9eb803944fde146138c791f5cc56a-le64.cache-3
7f4420018000-7f442001b000 r--s 00000000 08:06 1704078                    /var/cache/fontconfig/385c0604a188198f04d133e54aba7fe7-le64.cache-3
7f442001b000-7f442001c000 r--s 00000000 08:06 1704103                    /var/cache/fontconfig/dc05db6664285cc2f12bf69c139ae4c3-le64.cache-3
7f442001c000-7f442001e000 r--s 00000000 08:06 1704086                    /var/cache/fontconfig/767a8244fc0220cfb567a839d0392e0b-le64.cache-3
7f442001e000-7f442001f000 r--s 00000000 08:06 1705340                    /var/cache/fontconfig/4794a0821666d79190d59a36cb4f44b5-le64.cache-3
7f442001f000-7f4420022000 r--s 00000000 08:06 1704088                    /var/cache/fontconfig/8801497958630a81b71ace7c5f9b32a8-le64.cache-3
7f4420022000-7f4420027000 r--s 00000000 08:06 1704075                    /var/cache/fontconfig/3047814df9a2f067bd2d96a2b9c36e5a-le64.cache-3
7f4420027000-7f4420028000 r--s 00000000 08:06 1704081                    /var/cache/fontconfig/56cf4f4769d0f4abc89a4895d7bd3ae1-le64.cache-3
7f4420028000-7f4420029000 r--s 00000000 08:06 1704096                    /var/cache/fontconfig/b9d506c9ac06c20b433354fa67a72993-le64.cache-3
7f4420029000-7f442002e000 r--s 00000000 08:06 1704095                    /var/cache/fontconfig/b47c4e1ecd0709278f4910c18777a504-le64.cache-3
7f442002e000-7f442003f000 r--s 00000000 08:06 1704101                    /var/cache/fontconfig/d52a8644073d54c13679302ca1180695-le64.cache-3
7f442003f000-7f4420040000 r--s 00000000 08:06 1704070                    /var/cache/fontconfig/0c9eb80ebd1c36541ebe2852d3bb0c49-le64.cache-3
7f4420040000-7f4420043000 r--s 00000000 08:06 1709485                    /var/cache/fontconfig/e13b20fdb08344e0e664864cc2ede53d-le64.cache-3
7f4420043000-7f4420047000 r--s 00000000 08:06 1709483                    /var/cache/fontconfig/7ef2298fde41cc6eeb7af42e48b7d293-le64.cache-3
7f4420047000-7f4420050000 r-xp 00000000 08:06 7609626                    /usr/lib/x86_64-linux-gnu/libXrender.so.1.3.0
7f4420050000-7f442024f000 ---p 00009000 08:06 7609626                    /usr/lib/x86_64-linux-gnu/libXrender.so.1.3.0
7f442024f000-7f4420250000 r--p 00008000 08:06 7609626                    /usr/lib/x86_64-linux-gnu/libXrender.so.1.3.0
7f4420250000-7f4420251000 rw-p 00009000 08:06 7609626                    /usr/lib/x86_64-linux-gnu/libXrender.so.1.3.0
7f4420251000-7f4420261000 r-xp 00000000 08:06 7609606                    /usr/lib/x86_64-linux-gnu/libXext.so.6.4.0
7f4420261000-7f4420461000 ---p 00010000 08:06 7609606                    /usr/lib/x86_64-linux-gnu/libXext.so.6.4.0
7f4420461000-7f4420462000 r--p 00010000 08:06 7609606                    /usr/lib/x86_64-linux-gnu/libXext.so.6.4.0
7f4420462000-7f4420463000 rw-p 00011000 08:06 7609606                    /usr/lib/x86_64-linux-gnu/libXext.so.6.4.0
7f4420463000-7f44204ae000 r-xp 00000000 08:06 1577484                    /usr/lib/jvm/java-6-openjdk-amd64/jre/lib/amd64/xawt/libmawt.so
7f44204ae000-7f44206ae000 ---p 0004b000 08:06 1577484                    /usr/lib/jvm/java-6-openjdk-amd64/jre/lib/amd64/xawt/libmawt.so
7f44206ae000-7f44206af000 r--p 0004b000 08:06 1577484                    /usr/lib/jvm/java-6-openjdk-amd64/jre/lib/amd64/xawt/libmawt.so
7f44206af000-7f44206b2000 rw-p 0004c000 08:06 1577484                    /usr/lib/jvm/java-6-openjdk-amd64/jre/lib/amd64/xawt/libmawt.so
7f44206b2000-7f44206b3000 rw-p 00000000 00:00 0 
7f44206b3000-7f4420760000 r-xp 00000000 08:06 1577355                    /usr/lib/jvm/java-6-openjdk-amd64/jre/lib/amd64/libawt.so
7f4420760000-7f4420960000 ---p 000ad000 08:06 1577355                    /usr/lib/jvm/java-6-openjdk-amd64/jre/lib/amd64/libawt.so
7f4420960000-7f4420961000 r--p 000ad000 08:06 1577355                    /usr/lib/jvm/java-6-openjdk-amd64/jre/lib/amd64/libawt.so
7f4420961000-7f442096c000 rw-p 000ae000 08:06 1577355                    /usr/lib/jvm/java-6-openjdk-amd64/jre/lib/amd64/libawt.so
7f442096c000-7f4420991000 rw-p 00000000 00:00 0 
7f4420991000-7f44209f9000 r-xp 00000000 08:06 661750                     /tmp/libgdxjamiltron/1236974564/libgdx64.so
7f44209f9000-7f4420bf8000 ---p 00068000 08:06 661750                     /tmp/libgdxjamiltron/1236974564/libgdx64.so
7f4420bf8000-7f4420bfa000 r--p 00067000 08:06 661750                     /tmp/libgdxjamiltron/1236974564/libgdx64.so
7f4420bfa000-7f4420bfb000 rw-p 00069000 08:06 661750                     /tmp/libgdxjamiltron/1236974564/libgdx64.so
7f4420bfb000-7f4420bfc000 rw-p 00000000 00:00 0 
7f4420bfc000-7f4420bfd000 ---p 00000000 00:00 0 
7f4420bfd000-7f4420cfd000 rw-p 00000000 00:00 0                          [stack:16299]
7f4420cfd000-7f4420d00000 ---p 00000000 00:00 0 
7f4420d00000-7f4420dfe000 rw-p 00000000 00:00 0                          [stack:16298]
7f4420dfe000-7f4420e01000 ---p 00000000 00:00 0 
7f4420e01000-7f4420eff000 rw-p 00000000 00:00 0                          [stack:16297]
7f4420eff000-7f4420f02000 ---p 00000000 00:00 0 
7f4420f02000-7f4421000000 rw-p 00000000 00:00 0                          [stack:16296]
7f4421000000-7f4421270000 rwxp 00000000 00:00 0 
7f4421270000-7f44242cd000 rw-p 00000000 00:00 0 
7f44242cd000-7f4428000000 ---p 00000000 00:00 0 
7f4428000000-7f4428001000 r--s 00000000 08:06 1704097                    /var/cache/fontconfig/c05880de57d1f5e948fdfacc138775d9-le64.cache-3
7f4428001000-7f442800a000 r--s 00000000 08:06 1704089                    /var/cache/fontconfig/945677eb7aeaf62f1d50efc3fb3ec7d8-le64.cache-3
7f442800a000-7f442800c000 r--s 00000000 08:06 1704091                    /var/cache/fontconfig/99e8ed0e538f840c565b6ed5dad60d56-le64.cache-3
7f442800c000-7f4428011000 r--s 00000000 08:06 1704074                    /var/cache/fontconfig/2cd17615ca594fa2959ae173292e504c-le64.cache-3
7f4428011000-7f4428012000 r--s 00000000 08:06 1704105                    /var/cache/fontconfig/e7071f4a29fa870f4323321c154eba04-le64.cache-3
7f4428012000-7f4428013000 r--s 00000000 08:06 1704071                    /var/cache/fontconfig/0d8c3b2ac0904cb8a57a757ad11a4a08-le64.cache-3
7f4428013000-7f4428019000 r--s 00000000 08:06 1704093                    /var/cache/fontconfig/a755afe4a08bf5b97852ceb7400b47bc-le64.cache-3
7f4428019000-7f4428022000 r--s 00000000 08:06 1712634                    /var/cache/fontconfig/6d41288fd70b0be22e8c3a91e032eec0-le64.cache-3
7f4428022000-7f4428032000 r--s 00000000 08:06 1704069                    /var/cache/fontconfig/04aabc0a78ac019cf9454389977116d2-le64.cache-3
7f4428032000-7f4428033000 r--s 00000000 08:06 1704073                    /var/cache/fontconfig/1ac9eb803944fde146138c791f5cc56a-le64.cache-3
7f4428033000-7f4428036000 r--s 00000000 08:06 1704078                    /var/cache/fontconfig/385c0604a188198f04d133e54aba7fe7-le64.cache-3
7f4428036000-7f4428037000 r--s 00000000 08:06 1704103                    /var/cache/fontconfig/dc05db6664285cc2f12bf69c139ae4c3-le64.cache-3
7f4428037000-7f4428039000 r--s 00000000 08:06 1704086                    /var/cache/fontconfig/767a8244fc0220cfb567a839d0392e0b-le64.cache-3
7f4428039000-7f442803a000 r--s 00000000 08:06 1705340                    /var/cache/fontconfig/4794a0821666d79190d59a36cb4f44b5-le64.cache-3
7f442803a000-7f442803d000 r--s 00000000 08:06 1704088                    /var/cache/fontconfig/8801497958630a81b71ace7c5f9b32a8-le64.cache-3
7f442803d000-7f4428042000 r--s 00000000 08:06 1704075                    /var/cache/fontconfig/3047814df9a2f067bd2d96a2b9c36e5a-le64.cache-3
7f4428042000-7f4428043000 r--s 00000000 08:06 1704081                    /var/cache/fontconfig/56cf4f4769d0f4abc89a4895d7bd3ae1-le64.cache-3
7f4428043000-7f4428044000 r--s 00000000 08:06 1704096                    /var/cache/fontconfig/b9d506c9ac06c20b433354fa67a72993-le64.cache-3
7f4428044000-7f4428049000 r--s 00000000 08:06 1704095                    /var/cache/fontconfig/b47c4e1ecd0709278f4910c18777a504-le64.cache-3
7f4428049000-7f442805a000 r--s 00000000 08:06 1704101                    /var/cache/fontconfig/d52a8644073d54c13679302ca1180695-le64.cache-3
7f442805a000-7f442805b000 r--s 00000000 08:06 1704070                    /var/cache/fontconfig/0c9eb80ebd1c36541ebe2852d3bb0c49-le64.cache-3
7f442805b000-7f442805e000 r--s 00000000 08:06 1709485                    /var/cache/fontconfig/e13b20fdb08344e0e664864cc2ede53d-le64.cache-3
7f442805e000-7f4428065000 r--s 000fb000 08:06 1576771                    /usr/lib/jvm/java-6-openjdk-common/jre/lib/resources.jar
7f4428065000-7f4428079000 r--s 0014b000 08:06 6555398                    /home/jamiltron/Dropbox/workspace/java/homunculus/Homunculus-desktop/libs/gdx-backend-lwjgl.jar
7f4428079000-7f442807c000 ---p 00000000 00:00 0 
7f442807c000-7f442817a000 rw-p 00000000 00:00 0                          [stack:16295]
7f442817a000-7f442885b000 r--p 00000000 08:06 7608746                    /usr/lib/locale/locale-archive
7f442885b000-7f442885e000 ---p 00000000 00:00 0 
7f442885e000-7f442895c000 rw-p 00000000 00:00 0                          [stack:16294]
7f442895c000-7f442895f000 ---p 00000000 00:00 0 
7f442895f000-7f4428a5d000 rw-p 00000000 00:00 0                          [stack:16293]
7f4428a5d000-7f4428a5e000 ---p 00000000 00:00 0 
7f4428a5e000-7f4429096000 rw-p 00000000 00:00 0                          [stack:16292]
7f4429096000-7f4429228000 r--s 037c2000 08:06 1577324                    /usr/lib/jvm/java-6-openjdk-amd64/jre/lib/rt.jar
7f4429228000-7f4429250000 rw-p 00000000 00:00 0 
7f4429250000-7f4429251000 ---p 00000000 00:00 0 
7f4429251000-7f4429351000 rw-p 00000000 00:00 0                          [stack:16291]
7f4429351000-7f4429352000 ---p 00000000 00:00 0 
7f4429352000-7f4429452000 rw-p 00000000 00:00 0                          [stack:16290]
7f4429452000-7f4429453000 ---p 00000000 00:00 0 
7f4429453000-7f4429553000 rw-p 00000000 00:00 0                          [stack:16289]
7f4429553000-7f4429554000 ---p 00000000 00:00 0 
7f4429554000-7f442965f000 rw-p 00000000 00:00 0                          [stack:16288]
7f442965f000-7f44296a7000 rw-p 00000000 00:00 0 
7f44296a7000-7f44296d1000 rw-p 00000000 00:00 0 
7f44296d1000-7f4429939000 rw-p 00000000 00:00 0 
7f4429939000-7f4429944000 rw-p 00000000 00:00 0 
7f4429944000-7f442998c000 rw-p 00000000 00:00 0 
7f442998c000-7f44299b6000 rw-p 00000000 00:00 0 
7f44299b6000-7f4429c1e000 rw-p 00000000 00:00 0 
7f4429c1e000-7f4429c33000 rw-p 00000000 00:00 0 
7f4429c33000-7f4429d67000 rw-p 00000000 00:00 0 
7f4429d67000-7f4429d68000 rw-p 00000000 00:00 0 
7f4429d68000-7f4429d6f000 r-xp 00000000 08:06 1577369                    /usr/lib/jvm/java-6-openjdk-amd64/jre/lib/amd64/libzip.so
7f4429d6f000-7f4429f6e000 ---p 00007000 08:06 1577369                    /usr/lib/jvm/java-6-openjdk-amd64/jre/lib/amd64/libzip.so
7f4429f6e000-7f4429f6f000 r--p 00006000 08:06 1577369                    /usr/lib/jvm/java-6-openjdk-amd64/jre/lib/amd64/libzip.so
7f4429f6f000-7f4429f70000 rw-p 00007000 08:06 1577369                    /usr/lib/jvm/java-6-openjdk-amd64/jre/lib/amd64/libzip.so
7f4429f70000-7f4429f7c000 r-xp 00000000 08:06 2756129                    /lib/x86_64-linux-gnu/libnss_files-2.15.so
7f4429f7c000-7f442a17b000 ---p 0000c000 08:06 2756129                    /lib/x86_64-linux-gnu/libnss_files-2.15.so
7f442a17b000-7f442a17c000 r--p 0000b000 08:06 2756129                    /lib/x86_64-linux-gnu/libnss_files-2.15.so
7f442a17c000-7f442a17d000 rw-p 0000c000 08:06 2756129                    /lib/x86_64-linux-gnu/libnss_files-2.15.so
7f442a17d000-7f442a187000 r-xp 00000000 08:06 2756133                    /lib/x86_64-linux-gnu/libnss_nis-2.15.so
7f442a187000-7f442a387000 ---p 0000a000 08:06 2756133                    /lib/x86_64-linux-gnu/libnss_nis-2.15.so
7f442a387000-7f442a388000 r--p 0000a000 08:06 2756133                    /lib/x86_64-linux-gnu/libnss_nis-2.15.so
7f442a388000-7f442a389000 rw-p 0000b000 08:06 2756133                    /lib/x86_64-linux-gnu/libnss_nis-2.15.so
7f442a389000-7f442a3a0000 r-xp 00000000 08:06 2756123                    /lib/x86_64-linux-gnu/libnsl-2.15.so
7f442a3a0000-7f442a59f000 ---p 00017000 08:06 2756123                    /lib/x86_64-linux-gnu/libnsl-2.15.so
7f442a59f000-7f442a5a0000 r--p 00016000 08:06 2756123                    /lib/x86_64-linux-gnu/libnsl-2.15.so
7f442a5a0000-7f442a5a1000 rw-p 00017000 08:06 2756123                    /lib/x86_64-linux-gnu/libnsl-2.15.so
7f442a5a1000-7f442a5a3000 rw-p 00000000 00:00 0 
7f442a5a3000-7f442a5ab000 r-xp 00000000 08:06 2756125                    /lib/x86_64-linux-gnu/libnss_compat-2.15.so
7f442a5ab000-7f442a7aa000 ---p 00008000 08:06 2756125                    /lib/x86_64-linux-gnu/libnss_compat-2.15.so
7f442a7aa000-7f442a7ab000 r--p 00007000 08:06 2756125                    /lib/x86_64-linux-gnu/libnss_compat-2.15.so
7f442a7ab000-7f442a7ac000 rw-p 00008000 08:06 2756125                    /lib/x86_64-linux-gnu/libnss_compat-2.15.so
7f442a7ac000-7f442a7d9000 r-xp 00000000 08:06 1577354                    /usr/lib/jvm/java-6-openjdk-amd64/jre/lib/amd64/libjava.so
7f442a7d9000-7f442a9d9000 ---p 0002d000 08:06 1577354                    /usr/lib/jvm/java-6-openjdk-amd64/jre/lib/amd64/libjava.so
7f442a9d9000-7f442a9da000 r--p 0002d000 08:06 1577354                    /usr/lib/jvm/java-6-openjdk-amd64/jre/lib/amd64/libjava.so
7f442a9da000-7f442a9dd000 rw-p 0002e000 08:06 1577354                    /usr/lib/jvm/java-6-openjdk-amd64/jre/lib/amd64/libjava.so
7f442a9dd000-7f442a9ec000 r-xp 00000000 08:06 1577353                    /usr/lib/jvm/java-6-openjdk-amd64/jre/lib/amd64/libverify.so
7f442a9ec000-7f442abeb000 ---p 0000f000 08:06 1577353                    /usr/lib/jvm/java-6-openjdk-amd64/jre/lib/amd64/libverify.so
7f442abeb000-7f442abed000 r--p 0000e000 08:06 1577353                    /usr/lib/jvm/java-6-openjdk-amd64/jre/lib/amd64/libverify.so
7f442abed000-7f442abee000 rw-p 00010000 08:06 1577353                    /usr/lib/jvm/java-6-openjdk-amd64/jre/lib/amd64/libverify.so
7f442abee000-7f442abf5000 r-xp 00000000 08:06 2756168                    /lib/x86_64-linux-gnu/librt-2.15.so
7f442abf5000-7f442adf4000 ---p 00007000 08:06 2756168                    /lib/x86_64-linux-gnu/librt-2.15.so
7f442adf4000-7f442adf5000 r--p 00006000 08:06 2756168                    /lib/x86_64-linux-gnu/librt-2.15.so
7f442adf5000-7f442adf6000 rw-p 00007000 08:06 2756168                    /lib/x86_64-linux-gnu/librt-2.15.so
7f442adf6000-7f442ae0b000 r-xp 00000000 08:06 2756089                    /lib/x86_64-linux-gnu/libgcc_s.so.1
7f442ae0b000-7f442b00a000 ---p 00015000 08:06 2756089                    /lib/x86_64-linux-gnu/libgcc_s.so.1
7f442b00a000-7f442b00b000 r--p 00014000 08:06 2756089                    /lib/x86_64-linux-gnu/libgcc_s.so.1
7f442b00b000-7f442b00c000 rw-p 00015000 08:06 2756089                    /lib/x86_64-linux-gnu/libgcc_s.so.1
7f442b00c000-7f442b107000 r-xp 00000000 08:06 2756106                    /lib/x86_64-linux-gnu/libm-2.15.so
7f442b107000-7f442b306000 ---p 000fb000 08:06 2756106                    /lib/x86_64-linux-gnu/libm-2.15.so
7f442b306000-7f442b307000 r--p 000fa000 08:06 2756106                    /lib/x86_64-linux-gnu/libm-2.15.so
7f442b307000-7f442b308000 rw-p 000fb000 08:06 2756106                    /lib/x86_64-linux-gnu/libm-2.15.so
7f442b308000-7f442b3ed000 r-xp 00000000 08:06 7610252                    /usr/lib/x86_64-linux-gnu/libstdc++.so.6.0.17
7f442b3ed000-7f442b5ec000 ---p 000e5000 08:06 7610252                    /usr/lib/x86_64-linux-gnu/libstdc++.so.6.0.17
7f442b5ec000-7f442b5f4000 r--p 000e4000 08:06 7610252                    /usr/lib/x86_64-linux-gnu/libstdc++.so.6.0.17
7f442b5f4000-7f442b5f6000 rw-p 000ec000 08:06 7610252                    /usr/lib/x86_64-linux-gnu/libstdc++.so.6.0.17
7f442b5f6000-7f442b60b000 rw-p 00000000 00:00 0 
7f442b60b000-7f442bf29000 r-xp 00000000 08:06 1577359                    /usr/lib/jvm/java-6-openjdk-amd64/jre/lib/amd64/server/libjvm.so
7f442bf29000-7f442c129000 ---p 0091e000 08:06 1577359                    /usr/lib/jvm/java-6-openjdk-amd64/jre/lib/amd64/server/libjvm.so
7f442c129000-7f442c1a9000 r--p 0091e000 08:06 1577359                    /usr/lib/jvm/java-6-openjdk-amd64/jre/lib/amd64/server/libjvm.so
7f442c1a9000-7f442c1c4000 rw-p 0099e000 08:06 1577359                    /usr/lib/jvm/java-6-openjdk-amd64/jre/lib/amd64/server/libjvm.so
7f442c1c4000-7f442c1ed000 rw-p 00000000 00:00 0 
7f442c1ed000-7f442c203000 r-xp 00000000 08:06 2756198                    /lib/x86_64-linux-gnu/libz.so.1.2.7
7f442c203000-7f442c402000 ---p 00016000 08:06 2756198                    /lib/x86_64-linux-gnu/libz.so.1.2.7
7f442c402000-7f442c403000 r--p 00015000 08:06 2756198                    /lib/x86_64-linux-gnu/libz.so.1.2.7
7f442c403000-7f442c404000 rw-p 00016000 08:06 2756198                    /lib/x86_64-linux-gnu/libz.so.1.2.7
7f442c404000-7f442c5b9000 r-xp 00000000 08:06 2756064                    /lib/x86_64-linux-gnu/libc-2.15.so
7f442c5b9000-7f442c7b8000 ---p 001b5000 08:06 2756064                    /lib/x86_64-linux-gnu/libc-2.15.so
7f442c7b8000-7f442c7bc000 r--p 001b4000 08:06 2756064                    /lib/x86_64-linux-gnu/libc-2.15.so
7f442c7bc000-7f442c7be000 rw-p 001b8000 08:06 2756064                    /lib/x86_64-linux-gnu/libc-2.15.so
7f442c7be000-7f442c7c3000 rw-p 00000000 00:00 0 
7f442c7c3000-7f442c7c5000 r-xp 00000000 08:06 2756079                    /lib/x86_64-linux-gnu/libdl-2.15.so
7f442c7c5000-7f442c9c5000 ---p 00002000 08:06 2756079                    /lib/x86_64-linux-gnu/libdl-2.15.so
7f442c9c5000-7f442c9c6000 r--p 00002000 08:06 2756079                    /lib/x86_64-linux-gnu/libdl-2.15.so
7f442c9c6000-7f442c9c7000 rw-p 00003000 08:06 2756079                    /lib/x86_64-linux-gnu/libdl-2.15.so
7f442c9c7000-7f442c9cb000 r-xp 00000000 08:06 1577336                    /usr/lib/jvm/java-6-openjdk-amd64/jre/lib/amd64/jli/libjli.so
7f442c9cb000-7f442cbca000 ---p 00004000 08:06 1577336                    /usr/lib/jvm/java-6-openjdk-amd64/jre/lib/amd64/jli/libjli.so
7f442cbca000-7f442cbcb000 r--p 00003000 08:06 1577336                    /usr/lib/jvm/java-6-openjdk-amd64/jre/lib/amd64/jli/libjli.so
7f442cbcb000-7f442cbcc000 rw-p 00004000 08:06 1577336                    /usr/lib/jvm/java-6-openjdk-amd64/jre/lib/amd64/jli/libjli.so
7f442cbcc000-7f442cbe4000 r-xp 00000000 08:06 2756160                    /lib/x86_64-linux-gnu/libpthread-2.15.so
7f442cbe4000-7f442cde3000 ---p 00018000 08:06 2756160                    /lib/x86_64-linux-gnu/libpthread-2.15.so
7f442cde3000-7f442cde4000 r--p 00017000 08:06 2756160                    /lib/x86_64-linux-gnu/libpthread-2.15.so
7f442cde4000-7f442cde5000 rw-p 00018000 08:06 2756160                    /lib/x86_64-linux-gnu/libpthread-2.15.so
7f442cde5000-7f442cde9000 rw-p 00000000 00:00 0 
7f442cde9000-7f442ce0b000 r-xp 00000000 08:06 2756042                    /lib/x86_64-linux-gnu/ld-2.15.so
7f442ce0b000-7f442ce0c000 rw-s 233c53000 00:05 11436                     /dev/nvidia0
7f442ce0c000-7f442ce0d000 rw-s 1241b4000 00:05 11436                     /dev/nvidia0
7f442ce0d000-7f442ce11000 r--s 00000000 08:06 1709483                    /var/cache/fontconfig/7ef2298fde41cc6eeb7af42e48b7d293-le64.cache-3
7f442ce11000-7f442ce12000 r--s 00162000 08:06 6555396                    /home/jamiltron/Dropbox/workspace/java/homunculus/Homunculus-desktop/libs/gdx-backend-lwjgl-natives.jar
7f442ce12000-7f442ce16000 r--s 0007d000 08:06 1576737                    /usr/lib/jvm/java-6-openjdk-common/jre/lib/jsse.jar
7f442ce16000-7f442ce27000 r--s 000f4000 08:06 6555359                    /home/jamiltron/Dropbox/workspace/java/homunculus/Homunculus/libs/gdx.jar
7f442ce27000-7f442ce31000 rw-p 00000000 00:00 0 
7f442ce31000-7f442cee7000 rw-p 00000000 00:00 0 
7f442cee7000-7f442ceea000 ---p 00000000 00:00 0 
7f442ceea000-7f442cfed000 rw-p 00000000 00:00 0                          [stack:16287]
7f442cfed000-7f442cfee000 rw-s fa060000 00:05 11436                      /dev/nvidia0
7f442cfee000-7f442cfef000 r--s 0011a000 08:06 6555399                    /home/jamiltron/Dropbox/workspace/java/homunculus/Homunculus-desktop/libs/gdx-natives.jar
7f442cfef000-7f442cff2000 r--s 00077000 08:06 1576762                    /usr/lib/jvm/java-6-openjdk-common/jre/lib/ext/localedata.jar
7f442cff2000-7f442cff4000 r--s 00006000 08:06 8005394                    /usr/share/java/java-atk-wrapper.jar
7f442cff4000-7f442cff6000 r--s 0000f000 08:06 1576765                    /usr/lib/jvm/java-6-openjdk-common/jre/lib/ext/pulse-java.jar
7f442cff6000-7f442cff8000 r--s 00001000 08:06 1576764                    /usr/lib/jvm/java-6-openjdk-common/jre/lib/ext/dnsns.jar
7f442cff8000-7f442cffc000 r--s 00038000 08:06 1576761                    /usr/lib/jvm/java-6-openjdk-common/jre/lib/ext/sunpkcs11.jar
7f442cffc000-7f442cfff000 r--s 00031000 08:06 1576763                    /usr/lib/jvm/java-6-openjdk-common/jre/lib/ext/sunjce_provider.jar
7f442cfff000-7f442d007000 rw-s 00000000 08:06 661744                     /tmp/hsperfdata_jamiltron/16282
7f442d007000-7f442d008000 rw-p 00000000 00:00 0 
7f442d008000-7f442d009000 r--p 00000000 00:00 0 
7f442d009000-7f442d00b000 rw-p 00000000 00:00 0 
7f442d00b000-7f442d00c000 r--p 00022000 08:06 2756042                    /lib/x86_64-linux-gnu/ld-2.15.so
7f442d00c000-7f442d00e000 rw-p 00023000 08:06 2756042                    /lib/x86_64-linux-gnu/ld-2.15.so
7fffd5701000-7fffd5722000 rw-p 00000000 00:00 0                          [stack]
7fffd573a000-7fffd573b000 r-xp 00000000 00:00 0                          [vdso]
ffffffffff600000-ffffffffff601000 r-xp 00000000 00:00 0                  [vsyscall]

VM Arguments:
jvm_args: -Dfile.encoding=UTF-8 
java_command: com.jamiltron.homunculus.Main
Launcher Type: SUN_STANDARD

Environment Variables:
PATH=/home/jamiltron/.cabal/bin:/home/jamiltron/bin:/usr/lib/lightdm/lightdm:/usr/local/sbin:/usr/local/bin:/usr/sbin:/usr/bin:/sbin:/bin:/usr/games:/usr/local/games
LD_LIBRARY_PATH=/usr/lib/jvm/java-6-openjdk-amd64/jre/lib/amd64/server:/usr/lib/jvm/java-6-openjdk-amd64/jre/lib/amd64:/usr/lib/jvm/java-6-openjdk-amd64/jre/../lib/amd64
SHELL=/bin/zsh
DISPLAY=:0

Signal Handlers:
SIGSEGV: [libjvm.so+0x7987f0], sa_mask[0]=0x7ffbfeff, sa_flags=0x10000004
SIGBUS: [libjvm.so+0x7987f0], sa_mask[0]=0x7ffbfeff, sa_flags=0x10000004
SIGFPE: [libjvm.so+0x65f690], sa_mask[0]=0x7ffbfeff, sa_flags=0x10000004
SIGPIPE: [libjvm.so+0x65f690], sa_mask[0]=0x7ffbfeff, sa_flags=0x10000004
SIGXFSZ: [libjvm.so+0x65f690], sa_mask[0]=0x7ffbfeff, sa_flags=0x10000004
SIGILL: [libjvm.so+0x65f690], sa_mask[0]=0x7ffbfeff, sa_flags=0x10000004
SIGUSR1: SIG_DFL, sa_mask[0]=0x00000000, sa_flags=0x00000000
SIGUSR2: [libjvm.so+0x65f850], sa_mask[0]=0x00000004, sa_flags=0x10000004
SIGHUP: [libjvm.so+0x6621b0], sa_mask[0]=0x7ffbfeff, sa_flags=0x10000004
SIGINT: [libjvm.so+0x6621b0], sa_mask[0]=0x7ffbfeff, sa_flags=0x10000004
SIGTERM: [libjvm.so+0x6621b0], sa_mask[0]=0x7ffbfeff, sa_flags=0x10000004
SIGQUIT: [libjvm.so+0x6621b0], sa_mask[0]=0x7ffbfeff, sa_flags=0x10000004


---------------  S Y S T E M  ---------------

OS:Ubuntu 12.10 (quantal)
uname:Linux 3.5.0-19-generic #30-Ubuntu SMP Tue Nov 13 17:48:01 UTC 2012 x86_64
libc:glibc 2.15 NPTL 2.15 
rlimit: STACK 8192k, CORE 0k, NPROC 62992, NOFILE 4096, AS infinity
load average:0.72 0.62 0.44

/proc/meminfo:
MemTotal:        8081396 kB
MemFree:         2924644 kB
Buffers:          296000 kB
Cached:          1751968 kB
SwapCached:            0 kB
Active:          3443752 kB
Inactive:        1280844 kB
Active(anon):    2685700 kB
Inactive(anon):    11864 kB
Active(file):     758052 kB
Inactive(file):  1268980 kB
Unevictable:       33736 kB
Mlocked:           33748 kB
SwapTotal:       8290300 kB
SwapFree:        8290300 kB
Dirty:               404 kB
Writeback:           440 kB
AnonPages:       2710684 kB
Mapped:           268748 kB
Shmem:             12984 kB
Slab:             202228 kB
SReclaimable:     166640 kB
SUnreclaim:        35588 kB
KernelStack:        4544 kB
PageTables:        43192 kB
NFS_Unstable:          0 kB
Bounce:                0 kB
WritebackTmp:          0 kB
CommitLimit:    12330996 kB
Committed_AS:    6482496 kB
VmallocTotal:   34359738367 kB
VmallocUsed:      402284 kB
VmallocChunk:   34359331964 kB
HardwareCorrupted:     0 kB
AnonHugePages:         0 kB
HugePages_Total:       0
HugePages_Free:        0
HugePages_Rsvd:        0
HugePages_Surp:        0
Hugepagesize:       2048 kB
DirectMap4k:      194560 kB
DirectMap2M:     7061504 kB


CPU:total 4 (4 cores per cpu, 1 threads per core) family 6 model 42 stepping 7, cmov, cx8, fxsr, mmx, sse, sse2, sse3, ssse3, sse4.1, sse4.2, popcnt

Memory: 4k page, physical 8081396k(2924644k free), swap 8290300k(8290300k free)

vm_info: OpenJDK 64-Bit Server VM (20.0-b12) for linux-amd64 JRE (1.6.0_24-b24), built on Oct 24 2012 15:46:19 by "buildd" with gcc 4.7.2

time: Thu Dec 13 16:11:53 2012
elapsed time: 53 seconds

